[0.539s] Invoking command in '/Users/roboworks/kachaka_ros2_dev/pixi/src/kachaka_smart_speaker': AMENT_PREFIX_PATH=/Users/roboworks/kachaka_ros2_dev/pixi/install/kachaka_interfaces:${AMENT_PREFIX_PATH} CMAKE_PREFIX_PATH=/Users/roboworks/kachaka_ros2_dev/pixi/install/kachaka_interfaces PIXI_PROMPT=(pixi) PYTHONPATH=/Users/roboworks/kachaka_ros2_dev/pixi/build/kachaka_smart_speaker/prefix_override:/Users/roboworks/kachaka_ros2_dev/pixi/.pixi/envs/default/lib/python3.11/site-packages/colcon_core/task/python/colcon_distutils_commands:/Users/roboworks/kachaka_ros2_dev/pixi/install/kachaka_smart_speaker/lib/python3.11/site-packages:/Users/roboworks/kachaka_ros2_dev/pixi/install/kachaka_interfaces/lib/python3.11/site-packages:${PYTHONPATH} SHLVL=3 _=/usr/bin/env /Users/roboworks/kachaka_ros2_dev/pixi/.pixi/envs/default/bin/python3.11 -W ignore:setup.py install is deprecated -W ignore:easy_install command is deprecated setup.py egg_info --egg-base ../../build/kachaka_smart_speaker build --build-base /Users/roboworks/kachaka_ros2_dev/pixi/build/kachaka_smart_speaker/build install --record /Users/roboworks/kachaka_ros2_dev/pixi/build/kachaka_smart_speaker/install.log --single-version-externally-managed install_data
[0.673s] running egg_info
[0.673s] creating ../../build/kachaka_smart_speaker/kachaka_smart_speaker.egg-info
[0.674s] writing ../../build/kachaka_smart_speaker/kachaka_smart_speaker.egg-info/PKG-INFO
[0.674s] writing dependency_links to ../../build/kachaka_smart_speaker/kachaka_smart_speaker.egg-info/dependency_links.txt
[0.674s] writing entry points to ../../build/kachaka_smart_speaker/kachaka_smart_speaker.egg-info/entry_points.txt
[0.675s] writing requirements to ../../build/kachaka_smart_speaker/kachaka_smart_speaker.egg-info/requires.txt
[0.675s] writing top-level names to ../../build/kachaka_smart_speaker/kachaka_smart_speaker.egg-info/top_level.txt
[0.675s] writing manifest file '../../build/kachaka_smart_speaker/kachaka_smart_speaker.egg-info/SOURCES.txt'
[0.681s] reading manifest file '../../build/kachaka_smart_speaker/kachaka_smart_speaker.egg-info/SOURCES.txt'
[0.682s] writing manifest file '../../build/kachaka_smart_speaker/kachaka_smart_speaker.egg-info/SOURCES.txt'
[0.682s] running build
[0.682s] running build_py
[0.682s] creating /Users/roboworks/kachaka_ros2_dev/pixi/build/kachaka_smart_speaker/build
[0.682s] creating /Users/roboworks/kachaka_ros2_dev/pixi/build/kachaka_smart_speaker/build/lib
[0.683s] creating /Users/roboworks/kachaka_ros2_dev/pixi/build/kachaka_smart_speaker/build/lib/kachaka_smart_speaker
[0.683s] copying kachaka_smart_speaker/__init__.py -> /Users/roboworks/kachaka_ros2_dev/pixi/build/kachaka_smart_speaker/build/lib/kachaka_smart_speaker
[0.683s] copying kachaka_smart_speaker/smart_speaker.py -> /Users/roboworks/kachaka_ros2_dev/pixi/build/kachaka_smart_speaker/build/lib/kachaka_smart_speaker
[0.683s] running install
[0.683s] running install_lib
[0.684s] creating /Users/roboworks/kachaka_ros2_dev/pixi/install/kachaka_smart_speaker/lib/python3.11/site-packages/kachaka_smart_speaker
[0.684s] copying /Users/roboworks/kachaka_ros2_dev/pixi/build/kachaka_smart_speaker/build/lib/kachaka_smart_speaker/__init__.py -> /Users/roboworks/kachaka_ros2_dev/pixi/install/kachaka_smart_speaker/lib/python3.11/site-packages/kachaka_smart_speaker
[0.684s] copying /Users/roboworks/kachaka_ros2_dev/pixi/build/kachaka_smart_speaker/build/lib/kachaka_smart_speaker/smart_speaker.py -> /Users/roboworks/kachaka_ros2_dev/pixi/install/kachaka_smart_speaker/lib/python3.11/site-packages/kachaka_smart_speaker
[0.684s] byte-compiling /Users/roboworks/kachaka_ros2_dev/pixi/install/kachaka_smart_speaker/lib/python3.11/site-packages/kachaka_smart_speaker/__init__.py to __init__.cpython-311.pyc
[0.684s] byte-compiling /Users/roboworks/kachaka_ros2_dev/pixi/install/kachaka_smart_speaker/lib/python3.11/site-packages/kachaka_smart_speaker/smart_speaker.py to smart_speaker.cpython-311.pyc
[0.685s] running install_data
[0.686s] creating /Users/roboworks/kachaka_ros2_dev/pixi/install/kachaka_smart_speaker/share/ament_index
[0.686s] creating /Users/roboworks/kachaka_ros2_dev/pixi/install/kachaka_smart_speaker/share/ament_index/resource_index
[0.686s] creating /Users/roboworks/kachaka_ros2_dev/pixi/install/kachaka_smart_speaker/share/ament_index/resource_index/packages
[0.686s] copying resource/kachaka_smart_speaker -> /Users/roboworks/kachaka_ros2_dev/pixi/install/kachaka_smart_speaker/share/ament_index/resource_index/packages
[0.686s] copying package.xml -> /Users/roboworks/kachaka_ros2_dev/pixi/install/kachaka_smart_speaker/share/kachaka_smart_speaker
[0.686s] running install_egg_info
[0.687s] Copying ../../build/kachaka_smart_speaker/kachaka_smart_speaker.egg-info to /Users/roboworks/kachaka_ros2_dev/pixi/install/kachaka_smart_speaker/lib/python3.11/site-packages/kachaka_smart_speaker-0.0.0-py3.11.egg-info
[0.689s] running install_scripts
[0.705s] Installing smart_speaker script to /Users/roboworks/kachaka_ros2_dev/pixi/install/kachaka_smart_speaker/lib/kachaka_smart_speaker
[0.705s] writing list of installed files to '/Users/roboworks/kachaka_ros2_dev/pixi/build/kachaka_smart_speaker/install.log'
[0.725s] Invoked command in '/Users/roboworks/kachaka_ros2_dev/pixi/src/kachaka_smart_speaker' returned '0': AMENT_PREFIX_PATH=/Users/roboworks/kachaka_ros2_dev/pixi/install/kachaka_interfaces:${AMENT_PREFIX_PATH} CMAKE_PREFIX_PATH=/Users/roboworks/kachaka_ros2_dev/pixi/install/kachaka_interfaces PIXI_PROMPT=(pixi) PYTHONPATH=/Users/roboworks/kachaka_ros2_dev/pixi/build/kachaka_smart_speaker/prefix_override:/Users/roboworks/kachaka_ros2_dev/pixi/.pixi/envs/default/lib/python3.11/site-packages/colcon_core/task/python/colcon_distutils_commands:/Users/roboworks/kachaka_ros2_dev/pixi/install/kachaka_smart_speaker/lib/python3.11/site-packages:/Users/roboworks/kachaka_ros2_dev/pixi/install/kachaka_interfaces/lib/python3.11/site-packages:${PYTHONPATH} SHLVL=3 _=/usr/bin/env /Users/roboworks/kachaka_ros2_dev/pixi/.pixi/envs/default/bin/python3.11 -W ignore:setup.py install is deprecated -W ignore:easy_install command is deprecated setup.py egg_info --egg-base ../../build/kachaka_smart_speaker build --build-base /Users/roboworks/kachaka_ros2_dev/pixi/build/kachaka_smart_speaker/build install --record /Users/roboworks/kachaka_ros2_dev/pixi/build/kachaka_smart_speaker/install.log --single-version-externally-managed install_data
