-- The C compiler identification is AppleClang 17.0.0.17000013
-- The CXX compiler identification is AppleClang 17.0.0.17000013
-- Detecting C compiler ABI info
-- Detecting C compiler ABI info - done
-- Check for working C compiler: /usr/bin/cc - skipped
-- Detecting C compile features
-- Detecting C compile features - done
-- Detecting CXX compiler ABI info
-- Detecting CXX compiler ABI info - done
-- Check for working CXX compiler: /usr/bin/c++ - skipped
-- Detecting CXX compile features
-- Detecting CXX compile features - done
-- Found ament_cmake: 1.3.12 (/Users/roboworks/kachaka_ros2_dev/pixi/.pixi/envs/default/share/ament_cmake/cmake)
-- Found Python3: /Users/roboworks/kachaka_ros2_dev/pixi/.pixi/envs/default/bin/python3 (found version "3.11.14") found components: Interpreter
-- Found ament_cmake_auto: 1.3.12 (/Users/roboworks/kachaka_ros2_dev/pixi/.pixi/envs/default/share/ament_cmake_auto/cmake)
-- Found rosidl_generator_c: 3.1.6 (/Users/roboworks/kachaka_ros2_dev/pixi/.pixi/envs/default/share/rosidl_generator_c/cmake)
-- Found rosidl_adapter: 3.1.6 (/Users/roboworks/kachaka_ros2_dev/pixi/.pixi/envs/default/share/rosidl_adapter/cmake)
-- Found rosidl_generator_cpp: 3.1.6 (/Users/roboworks/kachaka_ros2_dev/pixi/.pixi/envs/default/share/rosidl_generator_cpp/cmake)
-- Using all available rosidl_typesupport_c: rosidl_typesupport_fastrtps_c;rosidl_typesupport_introspection_c
-- Using all available rosidl_typesupport_cpp: rosidl_typesupport_fastrtps_cpp;rosidl_typesupport_introspection_cpp
-- Found eigen3_cmake_module: 0.1.1 (/Users/roboworks/kachaka_ros2_dev/pixi/.pixi/envs/default/share/eigen3_cmake_module/cmake)
-- Found Eigen3: TRUE (found version "3.4.0")
-- Ensuring Eigen3 include directory is part of orocos-kdl CMake target
-- Checking for module 'yaml-0.1'
--   Found yaml-0.1, version 0.2.5
-- Found rmw_implementation_cmake: 6.1.2 (/Users/roboworks/kachaka_ros2_dev/pixi/.pixi/envs/default/share/rmw_implementation_cmake/cmake)
-- Found rmw_cyclonedds_cpp: 1.3.4 (/Users/roboworks/kachaka_ros2_dev/pixi/.pixi/envs/default/share/rmw_cyclonedds_cpp/cmake)
-- Using RMW implementation 'rmw_cyclonedds_cpp' as default
-- Performing Test CMAKE_HAVE_LIBC_PTHREAD
-- Performing Test CMAKE_HAVE_LIBC_PTHREAD - Success
-- Found Threads: TRUE
-- Found TinyXML2 via Config file: /Users/roboworks/kachaka_ros2_dev/pixi/.pixi/envs/default/lib/cmake/tinyxml2
-- Found ament_lint_auto: 0.12.12 (/Users/roboworks/kachaka_ros2_dev/pixi/.pixi/envs/default/share/ament_lint_auto/cmake)
-- Added test 'copyright' to check source files copyright and LICENSE
-- Added test 'flake8' to check Python code syntax and style conventions
-- Added test 'lint_cmake' to check CMake code style
-- Added test 'pep257' to check Python code against some of the docstring style conventions in PEP 257
-- Added test 'xmllint' to check XML markup files
-- Configuring done (5.7s)
-- Generating done (0.0s)
-- Build files have been written to: /Users/roboworks/kachaka_ros2_dev/pixi/build/kachaka_description
-- Install configuration: ""
-- Installing: /Users/roboworks/kachaka_ros2_dev/pixi/install/kachaka_description/share/kachaka_description/config
-- Installing: /Users/roboworks/kachaka_ros2_dev/pixi/install/kachaka_description/share/kachaka_description/config/display.rviz
-- Installing: /Users/roboworks/kachaka_ros2_dev/pixi/install/kachaka_description/share/kachaka_description/config/kachaka.rviz
-- Installing: /Users/roboworks/kachaka_ros2_dev/pixi/install/kachaka_description/share/kachaka_description/launch
-- Installing: /Users/roboworks/kachaka_ros2_dev/pixi/install/kachaka_description/share/kachaka_description/launch/robot_display.launch.xml
-- Installing: /Users/roboworks/kachaka_ros2_dev/pixi/install/kachaka_description/share/kachaka_description/launch/robot_description.launch.py
-- Installing: /Users/roboworks/kachaka_ros2_dev/pixi/install/kachaka_description/share/kachaka_description/robot
-- Installing: /Users/roboworks/kachaka_ros2_dev/pixi/install/kachaka_description/share/kachaka_description/robot/kachaka.urdf.xacro
-- Installing: /Users/roboworks/kachaka_ros2_dev/pixi/install/kachaka_description/share/kachaka_description/meshes
-- Installing: /Users/roboworks/kachaka_ros2_dev/pixi/install/kachaka_description/share/kachaka_description/meshes/kachaka
-- Installing: /Users/roboworks/kachaka_ros2_dev/pixi/install/kachaka_description/share/kachaka_description/meshes/kachaka/right_tire.stl
-- Installing: /Users/roboworks/kachaka_ros2_dev/pixi/install/kachaka_description/share/kachaka_description/meshes/kachaka/left_tire.stl
-- Installing: /Users/roboworks/kachaka_ros2_dev/pixi/install/kachaka_description/share/kachaka_description/meshes/kachaka/body.stl
-- Installing: /Users/roboworks/kachaka_ros2_dev/pixi/install/kachaka_description/share/kachaka_description/meshes/kachaka/solenoid.stl
-- Installing: /Users/roboworks/kachaka_ros2_dev/pixi/install/kachaka_description/share/kachaka_description/urdf
-- Installing: /Users/roboworks/kachaka_ros2_dev/pixi/install/kachaka_description/share/kachaka_description/urdf/_materials.urdf.xacro
-- Installing: /Users/roboworks/kachaka_ros2_dev/pixi/install/kachaka_description/share/kachaka_description/urdf/_values.urdf.xacro
-- Installing: /Users/roboworks/kachaka_ros2_dev/pixi/install/kachaka_description/share/kachaka_description/urdf/_kachaka.urdf.xacro
-- Installing: /Users/roboworks/kachaka_ros2_dev/pixi/install/kachaka_description/share/ament_index/resource_index/package_run_dependencies/kachaka_description
-- Installing: /Users/roboworks/kachaka_ros2_dev/pixi/install/kachaka_description/share/ament_index/resource_index/parent_prefix_path/kachaka_description
-- Installing: /Users/roboworks/kachaka_ros2_dev/pixi/install/kachaka_description/share/kachaka_description/environment/ament_prefix_path.sh
-- Installing: /Users/roboworks/kachaka_ros2_dev/pixi/install/kachaka_description/share/kachaka_description/environment/ament_prefix_path.dsv
-- Installing: /Users/roboworks/kachaka_ros2_dev/pixi/install/kachaka_description/share/kachaka_description/environment/path.sh
-- Installing: /Users/roboworks/kachaka_ros2_dev/pixi/install/kachaka_description/share/kachaka_description/environment/path.dsv
-- Installing: /Users/roboworks/kachaka_ros2_dev/pixi/install/kachaka_description/share/kachaka_description/local_setup.bash
-- Installing: /Users/roboworks/kachaka_ros2_dev/pixi/install/kachaka_description/share/kachaka_description/local_setup.sh
-- Installing: /Users/roboworks/kachaka_ros2_dev/pixi/install/kachaka_description/share/kachaka_description/local_setup.zsh
-- Installing: /Users/roboworks/kachaka_ros2_dev/pixi/install/kachaka_description/share/kachaka_description/local_setup.dsv
-- Installing: /Users/roboworks/kachaka_ros2_dev/pixi/install/kachaka_description/share/kachaka_description/package.dsv
-- Installing: /Users/roboworks/kachaka_ros2_dev/pixi/install/kachaka_description/share/ament_index/resource_index/packages/kachaka_description
-- Installing: /Users/roboworks/kachaka_ros2_dev/pixi/install/kachaka_description/share/kachaka_description/cmake/ament_cmake_export_dependencies-extras.cmake
-- Installing: /Users/roboworks/kachaka_ros2_dev/pixi/install/kachaka_description/share/kachaka_description/cmake/kachaka_descriptionConfig.cmake
-- Installing: /Users/roboworks/kachaka_ros2_dev/pixi/install/kachaka_description/share/kachaka_description/cmake/kachaka_descriptionConfig-version.cmake
-- Installing: /Users/roboworks/kachaka_ros2_dev/pixi/install/kachaka_description/share/kachaka_description/package.xml
