[0.034s] Invoking command in '/Users/roboworks/kachaka_ros2_dev/pixi/build/kachaka_description': CMAKE_PREFIX_PATH=/Users/roboworks/kachaka_ros2_dev/pixi/.pixi/envs/default PIXI_PROMPT=(pixi) SHLVL=3 _=/usr/bin/env /Users/roboworks/kachaka_ros2_dev/pixi/.pixi/envs/default/bin/cmake /Users/roboworks/kachaka_ros2_dev/pixi/src/kachaka_description -DPython_EXECUTABLE=/Users/roboworks/kachaka_ros2_dev/pixi/.pixi/envs/default/bin/python3 -DPython_NumPy_INCLUDE_DIRS=/Users/roboworks/kachaka_ros2_dev/pixi/.pixi/envs/default/lib/python3.11/site-packages/numpy/core/include -DCMAKE_INSTALL_PREFIX=/Users/roboworks/kachaka_ros2_dev/pixi/install/kachaka_description
[2.185s] CMake Deprecation Warning at CMakeLists.txt:1 (cmake_minimum_required):
[2.185s]   Compatibility with CMake < 3.10 will be removed from a future version of
[2.185s]   CMake.
[2.185s] 
[2.185s]   Update the VERSION argument <min> value.  Or, use the <min>...<max> syntax
[2.185s]   to tell CMake that the project requires at least <min> but has been updated
[2.185s]   to work with policies introduced by <max> or earlier.
[2.185s] 
[2.185s] 
[2.817s] -- The C compiler identification is AppleClang 17.0.0.17000013
[2.942s] -- The CXX compiler identification is AppleClang 17.0.0.17000013
[2.969s] -- Detecting C compiler ABI info
[3.162s] -- Detecting C compiler ABI info - done
[3.174s] -- Check for working C compiler: /usr/bin/cc - skipped
[3.175s] -- Detecting C compile features
[3.175s] -- Detecting C compile features - done
[3.185s] -- Detecting CXX compiler ABI info
[3.387s] -- Detecting CXX compiler ABI info - done
[3.402s] -- Check for working CXX compiler: /usr/bin/c++ - skipped
[3.403s] -- Detecting CXX compile features
[3.403s] -- Detecting CXX compile features - done
[3.445s] -- Found ament_cmake: 1.3.12 (/Users/roboworks/kachaka_ros2_dev/pixi/.pixi/envs/default/share/ament_cmake/cmake)
[3.617s] -- Found Python3: /Users/roboworks/kachaka_ros2_dev/pixi/.pixi/envs/default/bin/python3 (found version "3.11.14") found components: Interpreter
[4.193s] -- Found ament_cmake_auto: 1.3.12 (/Users/roboworks/kachaka_ros2_dev/pixi/.pixi/envs/default/share/ament_cmake_auto/cmake)
[4.650s] -- Found rosidl_generator_c: 3.1.6 (/Users/roboworks/kachaka_ros2_dev/pixi/.pixi/envs/default/share/rosidl_generator_c/cmake)
[4.705s] -- Found rosidl_adapter: 3.1.6 (/Users/roboworks/kachaka_ros2_dev/pixi/.pixi/envs/default/share/rosidl_adapter/cmake)
[4.770s] -- Found rosidl_generator_cpp: 3.1.6 (/Users/roboworks/kachaka_ros2_dev/pixi/.pixi/envs/default/share/rosidl_generator_cpp/cmake)
[4.840s] -- Using all available rosidl_typesupport_c: rosidl_typesupport_fastrtps_c;rosidl_typesupport_introspection_c
[4.919s] -- Using all available rosidl_typesupport_cpp: rosidl_typesupport_fastrtps_cpp;rosidl_typesupport_introspection_cpp
[5.114s] -- Found eigen3_cmake_module: 0.1.1 (/Users/roboworks/kachaka_ros2_dev/pixi/.pixi/envs/default/share/eigen3_cmake_module/cmake)
[5.116s] -- Found Eigen3: TRUE (found version "3.4.0")
[5.116s] -- Ensuring Eigen3 include directory is part of orocos-kdl CMake target
[6.160s] -- Checking for module 'yaml-0.1'
[6.297s] --   Found yaml-0.1, version 0.2.5
[6.768s] -- Found rmw_implementation_cmake: 6.1.2 (/Users/roboworks/kachaka_ros2_dev/pixi/.pixi/envs/default/share/rmw_implementation_cmake/cmake)
[6.790s] -- Found rmw_cyclonedds_cpp: 1.3.4 (/Users/roboworks/kachaka_ros2_dev/pixi/.pixi/envs/default/share/rmw_cyclonedds_cpp/cmake)
[6.903s] -- Using RMW implementation 'rmw_cyclonedds_cpp' as default
[6.952s] -- Performing Test CMAKE_HAVE_LIBC_PTHREAD
[7.151s] -- Performing Test CMAKE_HAVE_LIBC_PTHREAD - Success
[7.152s] -- Found Threads: TRUE
[7.638s] -- Found TinyXML2 via Config file: /Users/roboworks/kachaka_ros2_dev/pixi/.pixi/envs/default/lib/cmake/tinyxml2
[7.702s] -- Found ament_lint_auto: 0.12.12 (/Users/roboworks/kachaka_ros2_dev/pixi/.pixi/envs/default/share/ament_lint_auto/cmake)
[7.834s] -- Added test 'copyright' to check source files copyright and LICENSE
[7.839s] -- Added test 'flake8' to check Python code syntax and style conventions
[7.841s] -- Added test 'lint_cmake' to check CMake code style
[7.841s] -- Added test 'pep257' to check Python code against some of the docstring style conventions in PEP 257
[7.844s] -- Added test 'xmllint' to check XML markup files
[7.847s] -- Configuring done (5.7s)
[7.869s] -- Generating done (0.0s)
[7.869s] CMake Warning:
[7.870s]   Manually-specified variables were not used by the project:
[7.870s] 
[7.870s]     Python_EXECUTABLE
[7.870s]     Python_NumPy_INCLUDE_DIRS
[7.870s] 
[7.870s] 
[7.944s] -- Build files have been written to: /Users/roboworks/kachaka_ros2_dev/pixi/build/kachaka_description
[7.948s] Invoked command in '/Users/roboworks/kachaka_ros2_dev/pixi/build/kachaka_description' returned '0': CMAKE_PREFIX_PATH=/Users/roboworks/kachaka_ros2_dev/pixi/.pixi/envs/default PIXI_PROMPT=(pixi) SHLVL=3 _=/usr/bin/env /Users/roboworks/kachaka_ros2_dev/pixi/.pixi/envs/default/bin/cmake /Users/roboworks/kachaka_ros2_dev/pixi/src/kachaka_description -DPython_EXECUTABLE=/Users/roboworks/kachaka_ros2_dev/pixi/.pixi/envs/default/bin/python3 -DPython_NumPy_INCLUDE_DIRS=/Users/roboworks/kachaka_ros2_dev/pixi/.pixi/envs/default/lib/python3.11/site-packages/numpy/core/include -DCMAKE_INSTALL_PREFIX=/Users/roboworks/kachaka_ros2_dev/pixi/install/kachaka_description
[7.949s] Invoking command in '/Users/roboworks/kachaka_ros2_dev/pixi/build/kachaka_description': CMAKE_PREFIX_PATH=/Users/roboworks/kachaka_ros2_dev/pixi/.pixi/envs/default PIXI_PROMPT=(pixi) SHLVL=3 _=/usr/bin/env /Users/roboworks/kachaka_ros2_dev/pixi/.pixi/envs/default/bin/cmake --build /Users/roboworks/kachaka_ros2_dev/pixi/build/kachaka_description -- -j8 -l8
[8.019s] Invoked command in '/Users/roboworks/kachaka_ros2_dev/pixi/build/kachaka_description' returned '0': CMAKE_PREFIX_PATH=/Users/roboworks/kachaka_ros2_dev/pixi/.pixi/envs/default PIXI_PROMPT=(pixi) SHLVL=3 _=/usr/bin/env /Users/roboworks/kachaka_ros2_dev/pixi/.pixi/envs/default/bin/cmake --build /Users/roboworks/kachaka_ros2_dev/pixi/build/kachaka_description -- -j8 -l8
[8.020s] Invoking command in '/Users/roboworks/kachaka_ros2_dev/pixi/build/kachaka_description': CMAKE_PREFIX_PATH=/Users/roboworks/kachaka_ros2_dev/pixi/.pixi/envs/default PIXI_PROMPT=(pixi) SHLVL=3 _=/usr/bin/env /Users/roboworks/kachaka_ros2_dev/pixi/.pixi/envs/default/bin/cmake --install /Users/roboworks/kachaka_ros2_dev/pixi/build/kachaka_description
[8.034s] -- Install configuration: ""
[8.034s] -- Installing: /Users/roboworks/kachaka_ros2_dev/pixi/install/kachaka_description/share/kachaka_description/config
[8.034s] -- Installing: /Users/roboworks/kachaka_ros2_dev/pixi/install/kachaka_description/share/kachaka_description/config/display.rviz
[8.034s] -- Installing: /Users/roboworks/kachaka_ros2_dev/pixi/install/kachaka_description/share/kachaka_description/config/kachaka.rviz
[8.034s] -- Installing: /Users/roboworks/kachaka_ros2_dev/pixi/install/kachaka_description/share/kachaka_description/launch
[8.034s] -- Installing: /Users/roboworks/kachaka_ros2_dev/pixi/install/kachaka_description/share/kachaka_description/launch/robot_display.launch.xml
[8.034s] -- Installing: /Users/roboworks/kachaka_ros2_dev/pixi/install/kachaka_description/share/kachaka_description/launch/robot_description.launch.py
[8.034s] -- Installing: /Users/roboworks/kachaka_ros2_dev/pixi/install/kachaka_description/share/kachaka_description/robot
[8.034s] -- Installing: /Users/roboworks/kachaka_ros2_dev/pixi/install/kachaka_description/share/kachaka_description/robot/kachaka.urdf.xacro
[8.035s] -- Installing: /Users/roboworks/kachaka_ros2_dev/pixi/install/kachaka_description/share/kachaka_description/meshes
[8.035s] -- Installing: /Users/roboworks/kachaka_ros2_dev/pixi/install/kachaka_description/share/kachaka_description/meshes/kachaka
[8.035s] -- Installing: /Users/roboworks/kachaka_ros2_dev/pixi/install/kachaka_description/share/kachaka_description/meshes/kachaka/right_tire.stl
[8.035s] -- Installing: /Users/roboworks/kachaka_ros2_dev/pixi/install/kachaka_description/share/kachaka_description/meshes/kachaka/left_tire.stl
[8.035s] -- Installing: /Users/roboworks/kachaka_ros2_dev/pixi/install/kachaka_description/share/kachaka_description/meshes/kachaka/body.stl
[8.035s] -- Installing: /Users/roboworks/kachaka_ros2_dev/pixi/install/kachaka_description/share/kachaka_description/meshes/kachaka/solenoid.stl
[8.035s] -- Installing: /Users/roboworks/kachaka_ros2_dev/pixi/install/kachaka_description/share/kachaka_description/urdf
[8.036s] -- Installing: /Users/roboworks/kachaka_ros2_dev/pixi/install/kachaka_description/share/kachaka_description/urdf/_materials.urdf.xacro
[8.036s] -- Installing: /Users/roboworks/kachaka_ros2_dev/pixi/install/kachaka_description/share/kachaka_description/urdf/_values.urdf.xacro
[8.036s] -- Installing: /Users/roboworks/kachaka_ros2_dev/pixi/install/kachaka_description/share/kachaka_description/urdf/_kachaka.urdf.xacro
[8.036s] -- Installing: /Users/roboworks/kachaka_ros2_dev/pixi/install/kachaka_description/share/ament_index/resource_index/package_run_dependencies/kachaka_description
[8.036s] -- Installing: /Users/roboworks/kachaka_ros2_dev/pixi/install/kachaka_description/share/ament_index/resource_index/parent_prefix_path/kachaka_description
[8.037s] -- Installing: /Users/roboworks/kachaka_ros2_dev/pixi/install/kachaka_description/share/kachaka_description/environment/ament_prefix_path.sh
[8.037s] -- Installing: /Users/roboworks/kachaka_ros2_dev/pixi/install/kachaka_description/share/kachaka_description/environment/ament_prefix_path.dsv
[8.037s] -- Installing: /Users/roboworks/kachaka_ros2_dev/pixi/install/kachaka_description/share/kachaka_description/environment/path.sh
[8.037s] -- Installing: /Users/roboworks/kachaka_ros2_dev/pixi/install/kachaka_description/share/kachaka_description/environment/path.dsv
[8.038s] -- Installing: /Users/roboworks/kachaka_ros2_dev/pixi/install/kachaka_description/share/kachaka_description/local_setup.bash
[8.038s] -- Installing: /Users/roboworks/kachaka_ros2_dev/pixi/install/kachaka_description/share/kachaka_description/local_setup.sh
[8.038s] -- Installing: /Users/roboworks/kachaka_ros2_dev/pixi/install/kachaka_description/share/kachaka_description/local_setup.zsh
[8.038s] -- Installing: /Users/roboworks/kachaka_ros2_dev/pixi/install/kachaka_description/share/kachaka_description/local_setup.dsv
[8.038s] -- Installing: /Users/roboworks/kachaka_ros2_dev/pixi/install/kachaka_description/share/kachaka_description/package.dsv
[8.039s] -- Installing: /Users/roboworks/kachaka_ros2_dev/pixi/install/kachaka_description/share/ament_index/resource_index/packages/kachaka_description
[8.039s] -- Installing: /Users/roboworks/kachaka_ros2_dev/pixi/install/kachaka_description/share/kachaka_description/cmake/ament_cmake_export_dependencies-extras.cmake
[8.039s] -- Installing: /Users/roboworks/kachaka_ros2_dev/pixi/install/kachaka_description/share/kachaka_description/cmake/kachaka_descriptionConfig.cmake
[8.039s] -- Installing: /Users/roboworks/kachaka_ros2_dev/pixi/install/kachaka_description/share/kachaka_description/cmake/kachaka_descriptionConfig-version.cmake
[8.039s] -- Installing: /Users/roboworks/kachaka_ros2_dev/pixi/install/kachaka_description/share/kachaka_description/package.xml
[8.041s] Invoked command in '/Users/roboworks/kachaka_ros2_dev/pixi/build/kachaka_description' returned '0': CMAKE_PREFIX_PATH=/Users/roboworks/kachaka_ros2_dev/pixi/.pixi/envs/default PIXI_PROMPT=(pixi) SHLVL=3 _=/usr/bin/env /Users/roboworks/kachaka_ros2_dev/pixi/.pixi/envs/default/bin/cmake --install /Users/roboworks/kachaka_ros2_dev/pixi/build/kachaka_description
