CMake Deprecation Warning at CMakeLists.txt:1 (cmake_minimum_required):
  Compatibility with CMake < 3.10 will be removed from a future version of
  CMake.

  Update the VERSION argument <min> value.  Or, use the <min>...<max> syntax
  to tell CMake that the project requires at least <min> but has been updated
  to work with policies introduced by <max> or earlier.


-- The C compiler identification is AppleClang 17.0.0.17000013
-- The CXX compiler identification is AppleClang 17.0.0.17000013
-- Detecting C compiler ABI info
-- Detecting C compiler ABI info - done
-- Check for working C compiler: /usr/bin/cc - skipped
-- Detecting C compile features
-- Detecting C compile features - done
-- Detecting CXX compiler ABI info
-- Detecting CXX compiler ABI info - done
-- Check for working CXX compiler: /usr/bin/c++ - skipped
-- Detecting CXX compile features
-- Detecting CXX compile features - done
-- Found ament_cmake: 1.3.12 (/Users/roboworks/kachaka_ros2_dev/pixi/.pixi/envs/default/share/ament_cmake/cmake)
-- Found Python3: /Users/roboworks/kachaka_ros2_dev/pixi/.pixi/envs/default/bin/python3 (found version "3.11.14") found components: Interpreter
-- Found ament_cmake_auto: 1.3.12 (/Users/roboworks/kachaka_ros2_dev/pixi/.pixi/envs/default/share/ament_cmake_auto/cmake)
-- Found rosidl_generator_c: 3.1.6 (/Users/roboworks/kachaka_ros2_dev/pixi/.pixi/envs/default/share/rosidl_generator_c/cmake)
-- Found rosidl_adapter: 3.1.6 (/Users/roboworks/kachaka_ros2_dev/pixi/.pixi/envs/default/share/rosidl_adapter/cmake)
-- Found rosidl_generator_cpp: 3.1.6 (/Users/roboworks/kachaka_ros2_dev/pixi/.pixi/envs/default/share/rosidl_generator_cpp/cmake)
-- Using all available rosidl_typesupport_c: rosidl_typesupport_fastrtps_c;rosidl_typesupport_introspection_c
-- Using all available rosidl_typesupport_cpp: rosidl_typesupport_fastrtps_cpp;rosidl_typesupport_introspection_cpp
-- Found ament_cmake_ros: 0.10.0 (/Users/roboworks/kachaka_ros2_dev/pixi/.pixi/envs/default/share/ament_cmake_ros/cmake)
-- Using all available rosidl_typesupport_c: rosidl_typesupport_fastrtps_c;rosidl_typesupport_introspection_c
-- Using all available rosidl_typesupport_cpp: rosidl_typesupport_fastrtps_cpp;rosidl_typesupport_introspection_cpp
-- Found python_cmake_module: 0.10.0 (/Users/roboworks/kachaka_ros2_dev/pixi/.pixi/envs/default/share/python_cmake_module/cmake)
CMake Warning (dev) at /Users/roboworks/kachaka_ros2_dev/pixi/.pixi/envs/default/share/python_cmake_module/cmake/Modules/FindPythonExtra.cmake:52 (find_package):
  Policy CMP0148 is not set: The FindPythonInterp and FindPythonLibs modules
  are removed.  Run "cmake --help-policy CMP0148" for policy details.  Use
  the cmake_policy command to set the policy and suppress this warning.

Call Stack (most recent call first):
  /Users/roboworks/kachaka_ros2_dev/pixi/.pixi/envs/default/share/rosidl_generator_py/cmake/rosidl_generator_py_generate_interfaces.cmake:33 (find_package)
  /Users/roboworks/kachaka_ros2_dev/pixi/.pixi/envs/default/share/ament_cmake_core/cmake/core/ament_execute_extensions.cmake:48 (include)
  /Users/roboworks/kachaka_ros2_dev/pixi/.pixi/envs/default/share/rosidl_cmake/cmake/rosidl_generate_interfaces.cmake:286 (ament_execute_extensions)
  CMakeLists.txt:18 (rosidl_generate_interfaces)
This warning is for project developers.  Use -Wno-dev to suppress it.

-- Found PythonInterp: /Users/roboworks/kachaka_ros2_dev/pixi/.pixi/envs/default/bin/python3 (found suitable version "3.11.14", minimum required is "3.6")
-- Using PythonExtra_INCLUDE_DIRS: /Users/roboworks/kachaka_ros2_dev/pixi/.pixi/envs/default/include/python3.11;/Users/roboworks/kachaka_ros2_dev/pixi/.pixi/envs/default/include/python3.11
-- Using PythonExtra_LIBRARIES: /Users/roboworks/kachaka_ros2_dev/pixi/.pixi/envs/default/lib/libpython3.11.dylib
-- Found PythonExtra: .so
-- Found Python: /Users/roboworks/kachaka_ros2_dev/pixi/.pixi/envs/default/bin/python3 (found version "3.11.14") found components: Interpreter Development NumPy Development.Module Development.Embed
-- Found ament_lint_auto: 0.12.12 (/Users/roboworks/kachaka_ros2_dev/pixi/.pixi/envs/default/share/ament_lint_auto/cmake)
CMake Warning (dev) at /Users/roboworks/kachaka_ros2_dev/pixi/.pixi/envs/default/share/python_cmake_module/cmake/Modules/FindPythonExtra.cmake:52 (find_package):
  Policy CMP0148 is not set: The FindPythonInterp and FindPythonLibs modules
  are removed.  Run "cmake --help-policy CMP0148" for policy details.  Use
  the cmake_policy command to set the policy and suppress this warning.

Call Stack (most recent call first):
  /Users/roboworks/kachaka_ros2_dev/pixi/.pixi/envs/default/share/launch_testing_ament_cmake/cmake/launch_testing_ament_cmake-extras.cmake:18 (find_package)
  /Users/roboworks/kachaka_ros2_dev/pixi/.pixi/envs/default/share/launch_testing_ament_cmake/cmake/launch_testing_ament_cmakeConfig.cmake:41 (include)
  /Users/roboworks/kachaka_ros2_dev/pixi/.pixi/envs/default/share/ament_lint_auto/cmake/ament_lint_auto_find_test_dependencies.cmake:36 (find_package)
  CMakeLists.txt:38 (ament_lint_auto_find_test_dependencies)
This warning is for project developers.  Use -Wno-dev to suppress it.

-- Using PythonExtra_INCLUDE_DIRS: /Users/roboworks/kachaka_ros2_dev/pixi/.pixi/envs/default/include/python3.11;/Users/roboworks/kachaka_ros2_dev/pixi/.pixi/envs/default/include/python3.11
-- Using PythonExtra_LIBRARIES: /Users/roboworks/kachaka_ros2_dev/pixi/.pixi/envs/default/lib/libpython3.11.dylib
-- Added test 'copyright' to check source files copyright and LICENSE
-- Added test 'lint_cmake' to check CMake code style
-- Added test 'xmllint' to check XML markup files
-- Configuring done (5.3s)
-- Generating done (0.1s)
-- Build files have been written to: /Users/roboworks/kachaka_ros2_dev/pixi/build/kachaka_interfaces
[  1%] Generating C code for ROS interfaces
[  2%] Generating C++ code for ROS interfaces
[  2%] Built target ament_cmake_python_copy_kachaka_interfaces
running egg_info
creating kachaka_interfaces.egg-info
writing kachaka_interfaces.egg-info/PKG-INFO
writing dependency_links to kachaka_interfaces.egg-info/dependency_links.txt
writing top-level names to kachaka_interfaces.egg-info/top_level.txt
writing manifest file 'kachaka_interfaces.egg-info/SOURCES.txt'
reading manifest file 'kachaka_interfaces.egg-info/SOURCES.txt'
writing manifest file 'kachaka_interfaces.egg-info/SOURCES.txt'
[  2%] Built target ament_cmake_python_build_kachaka_interfaces_egg
[  2%] Built target kachaka_interfaces__cpp
[  3%] Generating C++ type support for eProsima Fast-RTPS
[  4%] Generating C++ type support dispatch for ROS interfaces
[  5%] Generating C++ introspection for ROS interfaces
[  6%] Building C object CMakeFiles/kachaka_interfaces__rosidl_generator_c.dir/rosidl_generator_c/kachaka_interfaces/msg/detail/location_list__functions.c.o
[  7%] Building C object CMakeFiles/kachaka_interfaces__rosidl_generator_c.dir/rosidl_generator_c/kachaka_interfaces/msg/detail/kachaka_command__functions.c.o
[  8%] Building C object CMakeFiles/kachaka_interfaces__rosidl_generator_c.dir/rosidl_generator_c/kachaka_interfaces/action/detail/exec_kachaka_command__functions.c.o
[  9%] Building C object CMakeFiles/kachaka_interfaces__rosidl_generator_c.dir/rosidl_generator_c/kachaka_interfaces/msg/detail/object_detection__functions.c.o
[ 10%] Building C object CMakeFiles/kachaka_interfaces__rosidl_generator_c.dir/rosidl_generator_c/kachaka_interfaces/msg/detail/location__functions.c.o
[ 12%] Building C object CMakeFiles/kachaka_interfaces__rosidl_generator_c.dir/rosidl_generator_c/kachaka_interfaces/msg/detail/object_detection_list_stamped__functions.c.o
[ 12%] Building C object CMakeFiles/kachaka_interfaces__rosidl_generator_c.dir/rosidl_generator_c/kachaka_interfaces/msg/detail/shelf_list__functions.c.o
[ 13%] Building C object CMakeFiles/kachaka_interfaces__rosidl_generator_c.dir/rosidl_generator_c/kachaka_interfaces/msg/detail/shelf_size__functions.c.o
[ 14%] Building C object CMakeFiles/kachaka_interfaces__rosidl_generator_c.dir/rosidl_generator_c/kachaka_interfaces/msg/detail/shelf__functions.c.o
[ 15%] Linking C shared library libkachaka_interfaces__rosidl_generator_c.dylib
[ 15%] Built target kachaka_interfaces__rosidl_generator_c
[ 17%] Generating C type support for eProsima Fast-RTPS
[ 17%] Generating C introspection for ROS interfaces
[ 18%] Building CXX object CMakeFiles/kachaka_interfaces__rosidl_typesupport_cpp.dir/rosidl_typesupport_cpp/kachaka_interfaces/action/exec_kachaka_command__type_support.cpp.o
[ 20%] Building CXX object CMakeFiles/kachaka_interfaces__rosidl_typesupport_cpp.dir/rosidl_typesupport_cpp/kachaka_interfaces/msg/kachaka_command__type_support.cpp.o
[ 21%] Building CXX object CMakeFiles/kachaka_interfaces__rosidl_typesupport_cpp.dir/rosidl_typesupport_cpp/kachaka_interfaces/msg/location__type_support.cpp.o
[ 22%] Building CXX object CMakeFiles/kachaka_interfaces__rosidl_typesupport_introspection_cpp.dir/rosidl_typesupport_introspection_cpp/kachaka_interfaces/action/detail/exec_kachaka_command__type_support.cpp.o
[ 23%] Building CXX object CMakeFiles/kachaka_interfaces__rosidl_typesupport_introspection_cpp.dir/rosidl_typesupport_introspection_cpp/kachaka_interfaces/msg/detail/kachaka_command__type_support.cpp.o
[ 24%] Building CXX object CMakeFiles/kachaka_interfaces__rosidl_typesupport_cpp.dir/rosidl_typesupport_cpp/kachaka_interfaces/msg/location_list__type_support.cpp.o
[ 25%] Building CXX object CMakeFiles/kachaka_interfaces__rosidl_typesupport_fastrtps_cpp.dir/rosidl_typesupport_fastrtps_cpp/kachaka_interfaces/action/detail/dds_fastrtps/exec_kachaka_command__type_support.cpp.o
[ 26%] Building CXX object CMakeFiles/kachaka_interfaces__rosidl_typesupport_introspection_cpp.dir/rosidl_typesupport_introspection_cpp/kachaka_interfaces/msg/detail/location__type_support.cpp.o
[ 28%] Building CXX object CMakeFiles/kachaka_interfaces__rosidl_typesupport_cpp.dir/rosidl_typesupport_cpp/kachaka_interfaces/msg/object_detection__type_support.cpp.o
[ 28%] Building C object CMakeFiles/kachaka_interfaces__rosidl_typesupport_introspection_c.dir/rosidl_typesupport_introspection_c/kachaka_interfaces/action/detail/exec_kachaka_command__type_support.c.o
[ 29%] Building CXX object CMakeFiles/kachaka_interfaces__rosidl_typesupport_fastrtps_c.dir/rosidl_typesupport_fastrtps_c/kachaka_interfaces/action/detail/exec_kachaka_command__type_support_c.cpp.o
[ 30%] Building CXX object CMakeFiles/kachaka_interfaces__rosidl_typesupport_introspection_cpp.dir/rosidl_typesupport_introspection_cpp/kachaka_interfaces/msg/detail/location_list__type_support.cpp.o
[ 31%] Building CXX object CMakeFiles/kachaka_interfaces__rosidl_typesupport_introspection_cpp.dir/rosidl_typesupport_introspection_cpp/kachaka_interfaces/msg/detail/object_detection__type_support.cpp.o
[ 32%] Building C object CMakeFiles/kachaka_interfaces__rosidl_typesupport_introspection_c.dir/rosidl_typesupport_introspection_c/kachaka_interfaces/msg/detail/kachaka_command__type_support.c.o
[ 33%] Building CXX object CMakeFiles/kachaka_interfaces__rosidl_typesupport_fastrtps_cpp.dir/rosidl_typesupport_fastrtps_cpp/kachaka_interfaces/msg/detail/dds_fastrtps/kachaka_command__type_support.cpp.o
[ 34%] Building C object CMakeFiles/kachaka_interfaces__rosidl_typesupport_introspection_c.dir/rosidl_typesupport_introspection_c/kachaka_interfaces/msg/detail/location__type_support.c.o
[ 35%] Building CXX object CMakeFiles/kachaka_interfaces__rosidl_typesupport_fastrtps_cpp.dir/rosidl_typesupport_fastrtps_cpp/kachaka_interfaces/msg/detail/dds_fastrtps/location__type_support.cpp.o
[ 36%] Building C object CMakeFiles/kachaka_interfaces__rosidl_typesupport_introspection_c.dir/rosidl_typesupport_introspection_c/kachaka_interfaces/msg/detail/location_list__type_support.c.o
[ 37%] Building C object CMakeFiles/kachaka_interfaces__rosidl_typesupport_introspection_c.dir/rosidl_typesupport_introspection_c/kachaka_interfaces/msg/detail/object_detection__type_support.c.o
[ 38%] Building CXX object CMakeFiles/kachaka_interfaces__rosidl_typesupport_cpp.dir/rosidl_typesupport_cpp/kachaka_interfaces/msg/object_detection_list_stamped__type_support.cpp.o
[ 40%] Building C object CMakeFiles/kachaka_interfaces__rosidl_typesupport_introspection_c.dir/rosidl_typesupport_introspection_c/kachaka_interfaces/msg/detail/object_detection_list_stamped__type_support.c.o
[ 41%] Building CXX object CMakeFiles/kachaka_interfaces__rosidl_typesupport_introspection_cpp.dir/rosidl_typesupport_introspection_cpp/kachaka_interfaces/msg/detail/object_detection_list_stamped__type_support.cpp.o
[ 42%] Building CXX object CMakeFiles/kachaka_interfaces__rosidl_typesupport_fastrtps_c.dir/rosidl_typesupport_fastrtps_c/kachaka_interfaces/msg/detail/kachaka_command__type_support_c.cpp.o
[ 43%] Building C object CMakeFiles/kachaka_interfaces__rosidl_typesupport_introspection_c.dir/rosidl_typesupport_introspection_c/kachaka_interfaces/msg/detail/shelf__type_support.c.o
[ 44%] Building CXX object CMakeFiles/kachaka_interfaces__rosidl_typesupport_fastrtps_cpp.dir/rosidl_typesupport_fastrtps_cpp/kachaka_interfaces/msg/detail/dds_fastrtps/location_list__type_support.cpp.o
[ 45%] Building CXX object CMakeFiles/kachaka_interfaces__rosidl_typesupport_fastrtps_cpp.dir/rosidl_typesupport_fastrtps_cpp/kachaka_interfaces/msg/detail/dds_fastrtps/object_detection__type_support.cpp.o
[ 46%] Building CXX object CMakeFiles/kachaka_interfaces__rosidl_typesupport_fastrtps_cpp.dir/rosidl_typesupport_fastrtps_cpp/kachaka_interfaces/msg/detail/dds_fastrtps/object_detection_list_stamped__type_support.cpp.o
[ 47%] Building C object CMakeFiles/kachaka_interfaces__rosidl_typesupport_introspection_c.dir/rosidl_typesupport_introspection_c/kachaka_interfaces/msg/detail/shelf_list__type_support.c.o
[ 48%] Building C object CMakeFiles/kachaka_interfaces__rosidl_typesupport_introspection_c.dir/rosidl_typesupport_introspection_c/kachaka_interfaces/msg/detail/shelf_size__type_support.c.o
[ 49%] Building CXX object CMakeFiles/kachaka_interfaces__rosidl_typesupport_cpp.dir/rosidl_typesupport_cpp/kachaka_interfaces/msg/shelf__type_support.cpp.o
[ 50%] Linking C shared library libkachaka_interfaces__rosidl_typesupport_introspection_c.dylib
[ 51%] Building CXX object CMakeFiles/kachaka_interfaces__rosidl_typesupport_introspection_cpp.dir/rosidl_typesupport_introspection_cpp/kachaka_interfaces/msg/detail/shelf__type_support.cpp.o
[ 51%] Built target kachaka_interfaces__rosidl_typesupport_introspection_c
[ 52%] Building CXX object CMakeFiles/kachaka_interfaces__rosidl_typesupport_fastrtps_c.dir/rosidl_typesupport_fastrtps_c/kachaka_interfaces/msg/detail/location__type_support_c.cpp.o
[ 53%] Building CXX object CMakeFiles/kachaka_interfaces__rosidl_typesupport_fastrtps_cpp.dir/rosidl_typesupport_fastrtps_cpp/kachaka_interfaces/msg/detail/dds_fastrtps/shelf__type_support.cpp.o
[ 54%] Generating C type support dispatch for ROS interfaces
[ 55%] Building CXX object CMakeFiles/kachaka_interfaces__rosidl_typesupport_fastrtps_cpp.dir/rosidl_typesupport_fastrtps_cpp/kachaka_interfaces/msg/detail/dds_fastrtps/shelf_list__type_support.cpp.o
[ 56%] Building CXX object CMakeFiles/kachaka_interfaces__rosidl_typesupport_fastrtps_cpp.dir/rosidl_typesupport_fastrtps_cpp/kachaka_interfaces/msg/detail/dds_fastrtps/shelf_size__type_support.cpp.o
[ 57%] Building CXX object CMakeFiles/kachaka_interfaces__rosidl_typesupport_cpp.dir/rosidl_typesupport_cpp/kachaka_interfaces/msg/shelf_list__type_support.cpp.o
[ 58%] Building CXX object CMakeFiles/kachaka_interfaces__rosidl_typesupport_cpp.dir/rosidl_typesupport_cpp/kachaka_interfaces/msg/shelf_size__type_support.cpp.o
[ 60%] Building CXX object CMakeFiles/kachaka_interfaces__rosidl_typesupport_introspection_cpp.dir/rosidl_typesupport_introspection_cpp/kachaka_interfaces/msg/detail/shelf_list__type_support.cpp.o
[ 61%] Linking CXX shared library libkachaka_interfaces__rosidl_typesupport_cpp.dylib
[ 62%] Building CXX object CMakeFiles/kachaka_interfaces__rosidl_typesupport_fastrtps_c.dir/rosidl_typesupport_fastrtps_c/kachaka_interfaces/msg/detail/location_list__type_support_c.cpp.o
[ 63%] Building CXX object CMakeFiles/kachaka_interfaces__rosidl_typesupport_fastrtps_c.dir/rosidl_typesupport_fastrtps_c/kachaka_interfaces/msg/detail/object_detection__type_support_c.cpp.o
[ 64%] Building CXX object CMakeFiles/kachaka_interfaces__rosidl_typesupport_introspection_cpp.dir/rosidl_typesupport_introspection_cpp/kachaka_interfaces/msg/detail/shelf_size__type_support.cpp.o
[ 65%] Building CXX object CMakeFiles/kachaka_interfaces__rosidl_typesupport_fastrtps_c.dir/rosidl_typesupport_fastrtps_c/kachaka_interfaces/msg/detail/object_detection_list_stamped__type_support_c.cpp.o
[ 66%] Linking CXX shared library libkachaka_interfaces__rosidl_typesupport_fastrtps_cpp.dylib
[ 66%] Built target kachaka_interfaces__rosidl_typesupport_cpp
[ 67%] Building CXX object CMakeFiles/kachaka_interfaces__rosidl_typesupport_fastrtps_c.dir/rosidl_typesupport_fastrtps_c/kachaka_interfaces/msg/detail/shelf__type_support_c.cpp.o
[ 68%] Building CXX object CMakeFiles/kachaka_interfaces__rosidl_typesupport_c.dir/rosidl_typesupport_c/kachaka_interfaces/action/exec_kachaka_command__type_support.cpp.o
[ 68%] Built target kachaka_interfaces__rosidl_typesupport_fastrtps_cpp
[ 69%] Building CXX object CMakeFiles/kachaka_interfaces__rosidl_typesupport_fastrtps_c.dir/rosidl_typesupport_fastrtps_c/kachaka_interfaces/msg/detail/shelf_list__type_support_c.cpp.o
[ 70%] Building CXX object CMakeFiles/kachaka_interfaces__rosidl_typesupport_c.dir/rosidl_typesupport_c/kachaka_interfaces/msg/kachaka_command__type_support.cpp.o
[ 71%] Building CXX object CMakeFiles/kachaka_interfaces__rosidl_typesupport_c.dir/rosidl_typesupport_c/kachaka_interfaces/msg/location__type_support.cpp.o
[ 72%] Building CXX object CMakeFiles/kachaka_interfaces__rosidl_typesupport_c.dir/rosidl_typesupport_c/kachaka_interfaces/msg/location_list__type_support.cpp.o
[ 73%] Building CXX object CMakeFiles/kachaka_interfaces__rosidl_typesupport_c.dir/rosidl_typesupport_c/kachaka_interfaces/msg/object_detection__type_support.cpp.o
[ 74%] Linking CXX shared library libkachaka_interfaces__rosidl_typesupport_introspection_cpp.dylib
[ 75%] Building CXX object CMakeFiles/kachaka_interfaces__rosidl_typesupport_fastrtps_c.dir/rosidl_typesupport_fastrtps_c/kachaka_interfaces/msg/detail/shelf_size__type_support_c.cpp.o
[ 76%] Building CXX object CMakeFiles/kachaka_interfaces__rosidl_typesupport_c.dir/rosidl_typesupport_c/kachaka_interfaces/msg/object_detection_list_stamped__type_support.cpp.o
[ 77%] Building CXX object CMakeFiles/kachaka_interfaces__rosidl_typesupport_c.dir/rosidl_typesupport_c/kachaka_interfaces/msg/shelf__type_support.cpp.o
[ 78%] Building CXX object CMakeFiles/kachaka_interfaces__rosidl_typesupport_c.dir/rosidl_typesupport_c/kachaka_interfaces/msg/shelf_list__type_support.cpp.o
[ 80%] Building CXX object CMakeFiles/kachaka_interfaces__rosidl_typesupport_c.dir/rosidl_typesupport_c/kachaka_interfaces/msg/shelf_size__type_support.cpp.o
[ 80%] Built target kachaka_interfaces__rosidl_typesupport_introspection_cpp
[ 81%] Linking CXX shared library libkachaka_interfaces__rosidl_typesupport_c.dylib
[ 81%] Built target kachaka_interfaces__rosidl_typesupport_c
[ 82%] Linking CXX shared library libkachaka_interfaces__rosidl_typesupport_fastrtps_c.dylib
[ 82%] Built target kachaka_interfaces__rosidl_typesupport_fastrtps_c
[ 82%] Built target kachaka_interfaces
[ 83%] Generating Python code for ROS interfaces
[ 83%] Built target kachaka_interfaces__py
[ 85%] Building C object CMakeFiles/kachaka_interfaces__rosidl_generator_py.dir/rosidl_generator_py/kachaka_interfaces/msg/_kachaka_command_s.c.o
[ 85%] Building C object CMakeFiles/kachaka_interfaces__rosidl_generator_py.dir/rosidl_generator_py/kachaka_interfaces/action/_exec_kachaka_command_s.c.o
[ 86%] Building C object CMakeFiles/kachaka_interfaces__rosidl_generator_py.dir/rosidl_generator_py/kachaka_interfaces/msg/_shelf_list_s.c.o
[ 87%] Building C object CMakeFiles/kachaka_interfaces__rosidl_generator_py.dir/rosidl_generator_py/kachaka_interfaces/msg/_shelf_size_s.c.o
[ 89%] Building C object CMakeFiles/kachaka_interfaces__rosidl_generator_py.dir/rosidl_generator_py/kachaka_interfaces/msg/_object_detection_list_stamped_s.c.o
[ 89%] Building C object CMakeFiles/kachaka_interfaces__rosidl_generator_py.dir/rosidl_generator_py/kachaka_interfaces/msg/_shelf_s.c.o
[ 90%] Building C object CMakeFiles/kachaka_interfaces__rosidl_generator_py.dir/rosidl_generator_py/kachaka_interfaces/msg/_object_detection_s.c.o
[ 91%] Building C object CMakeFiles/kachaka_interfaces__rosidl_generator_py.dir/rosidl_generator_py/kachaka_interfaces/msg/_location_list_s.c.o
[ 92%] Building C object CMakeFiles/kachaka_interfaces__rosidl_generator_py.dir/rosidl_generator_py/kachaka_interfaces/msg/_location_s.c.o
[ 93%] Linking C shared library rosidl_generator_py/kachaka_interfaces/libkachaka_interfaces__rosidl_generator_py.dylib
[ 93%] Built target kachaka_interfaces__rosidl_generator_py
[ 95%] Building C object CMakeFiles/kachaka_interfaces__rosidl_typesupport_introspection_c__pyext.dir/rosidl_generator_py/kachaka_interfaces/_kachaka_interfaces_s.ep.rosidl_typesupport_introspection_c.c.o
[ 95%] Building C object CMakeFiles/kachaka_interfaces__rosidl_typesupport_fastrtps_c__pyext.dir/rosidl_generator_py/kachaka_interfaces/_kachaka_interfaces_s.ep.rosidl_typesupport_fastrtps_c.c.o
[ 96%] Linking C shared library rosidl_generator_py/kachaka_interfaces/kachaka_interfaces_s__rosidl_typesupport_introspection_c.cpython-311-darwin.so
[ 97%] Linking C shared library rosidl_generator_py/kachaka_interfaces/kachaka_interfaces_s__rosidl_typesupport_fastrtps_c.cpython-311-darwin.so
[ 97%] Built target kachaka_interfaces__rosidl_typesupport_fastrtps_c__pyext
[ 97%] Built target kachaka_interfaces__rosidl_typesupport_introspection_c__pyext
[ 98%] Building C object CMakeFiles/kachaka_interfaces__rosidl_typesupport_c__pyext.dir/rosidl_generator_py/kachaka_interfaces/_kachaka_interfaces_s.ep.rosidl_typesupport_c.c.o
[100%] Linking C shared library rosidl_generator_py/kachaka_interfaces/kachaka_interfaces_s__rosidl_typesupport_c.cpython-311-darwin.so
[100%] Built target kachaka_interfaces__rosidl_typesupport_c__pyext
-- Install configuration: ""
-- Installing: /Users/roboworks/kachaka_ros2_dev/pixi/install/kachaka_interfaces/share/ament_index/resource_index/rosidl_interfaces/kachaka_interfaces
-- Installing: /Users/roboworks/kachaka_ros2_dev/pixi/install/kachaka_interfaces/include/kachaka_interfaces/kachaka_interfaces
-- Installing: /Users/roboworks/kachaka_ros2_dev/pixi/install/kachaka_interfaces/include/kachaka_interfaces/kachaka_interfaces/msg
-- Installing: /Users/roboworks/kachaka_ros2_dev/pixi/install/kachaka_interfaces/include/kachaka_interfaces/kachaka_interfaces/msg/rosidl_generator_c__visibility_control.h
-- Installing: /Users/roboworks/kachaka_ros2_dev/pixi/install/kachaka_interfaces/include/kachaka_interfaces/kachaka_interfaces/msg/location_list.h
-- Installing: /Users/roboworks/kachaka_ros2_dev/pixi/install/kachaka_interfaces/include/kachaka_interfaces/kachaka_interfaces/msg/shelf.h
-- Installing: /Users/roboworks/kachaka_ros2_dev/pixi/install/kachaka_interfaces/include/kachaka_interfaces/kachaka_interfaces/msg/shelf_size.h
-- Installing: /Users/roboworks/kachaka_ros2_dev/pixi/install/kachaka_interfaces/include/kachaka_interfaces/kachaka_interfaces/msg/object_detection_list_stamped.h
-- Installing: /Users/roboworks/kachaka_ros2_dev/pixi/install/kachaka_interfaces/include/kachaka_interfaces/kachaka_interfaces/msg/object_detection.h
-- Installing: /Users/roboworks/kachaka_ros2_dev/pixi/install/kachaka_interfaces/include/kachaka_interfaces/kachaka_interfaces/msg/detail
-- Installing: /Users/roboworks/kachaka_ros2_dev/pixi/install/kachaka_interfaces/include/kachaka_interfaces/kachaka_interfaces/msg/detail/location_list__functions.h
-- Installing: /Users/roboworks/kachaka_ros2_dev/pixi/install/kachaka_interfaces/include/kachaka_interfaces/kachaka_interfaces/msg/detail/location__functions.h
-- Installing: /Users/roboworks/kachaka_ros2_dev/pixi/install/kachaka_interfaces/include/kachaka_interfaces/kachaka_interfaces/msg/detail/kachaka_command__type_support.h
-- Installing: /Users/roboworks/kachaka_ros2_dev/pixi/install/kachaka_interfaces/include/kachaka_interfaces/kachaka_interfaces/msg/detail/shelf_list__functions.h
-- Installing: /Users/roboworks/kachaka_ros2_dev/pixi/install/kachaka_interfaces/include/kachaka_interfaces/kachaka_interfaces/msg/detail/shelf_size__functions.h
-- Installing: /Users/roboworks/kachaka_ros2_dev/pixi/install/kachaka_interfaces/include/kachaka_interfaces/kachaka_interfaces/msg/detail/object_detection_list_stamped__type_support.h
-- Installing: /Users/roboworks/kachaka_ros2_dev/pixi/install/kachaka_interfaces/include/kachaka_interfaces/kachaka_interfaces/msg/detail/location_list__type_support.h
-- Installing: /Users/roboworks/kachaka_ros2_dev/pixi/install/kachaka_interfaces/include/kachaka_interfaces/kachaka_interfaces/msg/detail/shelf__type_support.h
-- Installing: /Users/roboworks/kachaka_ros2_dev/pixi/install/kachaka_interfaces/include/kachaka_interfaces/kachaka_interfaces/msg/detail/shelf_list__type_support.h
-- Installing: /Users/roboworks/kachaka_ros2_dev/pixi/install/kachaka_interfaces/include/kachaka_interfaces/kachaka_interfaces/msg/detail/object_detection__functions.h
-- Installing: /Users/roboworks/kachaka_ros2_dev/pixi/install/kachaka_interfaces/include/kachaka_interfaces/kachaka_interfaces/msg/detail/object_detection_list_stamped__functions.c
-- Installing: /Users/roboworks/kachaka_ros2_dev/pixi/install/kachaka_interfaces/include/kachaka_interfaces/kachaka_interfaces/msg/detail/object_detection_list_stamped__struct.h
-- Installing: /Users/roboworks/kachaka_ros2_dev/pixi/install/kachaka_interfaces/include/kachaka_interfaces/kachaka_interfaces/msg/detail/shelf_size__type_support.h
-- Installing: /Users/roboworks/kachaka_ros2_dev/pixi/install/kachaka_interfaces/include/kachaka_interfaces/kachaka_interfaces/msg/detail/location_list__struct.h
-- Installing: /Users/roboworks/kachaka_ros2_dev/pixi/install/kachaka_interfaces/include/kachaka_interfaces/kachaka_interfaces/msg/detail/kachaka_command__functions.h
-- Installing: /Users/roboworks/kachaka_ros2_dev/pixi/install/kachaka_interfaces/include/kachaka_interfaces/kachaka_interfaces/msg/detail/shelf__functions.h
-- Installing: /Users/roboworks/kachaka_ros2_dev/pixi/install/kachaka_interfaces/include/kachaka_interfaces/kachaka_interfaces/msg/detail/location__struct.h
-- Installing: /Users/roboworks/kachaka_ros2_dev/pixi/install/kachaka_interfaces/include/kachaka_interfaces/kachaka_interfaces/msg/detail/shelf_size__struct.h
-- Installing: /Users/roboworks/kachaka_ros2_dev/pixi/install/kachaka_interfaces/include/kachaka_interfaces/kachaka_interfaces/msg/detail/location__functions.c
-- Installing: /Users/roboworks/kachaka_ros2_dev/pixi/install/kachaka_interfaces/include/kachaka_interfaces/kachaka_interfaces/msg/detail/location__type_support.h
-- Installing: /Users/roboworks/kachaka_ros2_dev/pixi/install/kachaka_interfaces/include/kachaka_interfaces/kachaka_interfaces/msg/detail/location_list__functions.c
-- Installing: /Users/roboworks/kachaka_ros2_dev/pixi/install/kachaka_interfaces/include/kachaka_interfaces/kachaka_interfaces/msg/detail/kachaka_command__struct.h
-- Installing: /Users/roboworks/kachaka_ros2_dev/pixi/install/kachaka_interfaces/include/kachaka_interfaces/kachaka_interfaces/msg/detail/object_detection__type_support.h
-- Installing: /Users/roboworks/kachaka_ros2_dev/pixi/install/kachaka_interfaces/include/kachaka_interfaces/kachaka_interfaces/msg/detail/shelf_list__struct.h
-- Installing: /Users/roboworks/kachaka_ros2_dev/pixi/install/kachaka_interfaces/include/kachaka_interfaces/kachaka_interfaces/msg/detail/shelf_size__functions.c
-- Installing: /Users/roboworks/kachaka_ros2_dev/pixi/install/kachaka_interfaces/include/kachaka_interfaces/kachaka_interfaces/msg/detail/shelf_list__functions.c
-- Installing: /Users/roboworks/kachaka_ros2_dev/pixi/install/kachaka_interfaces/include/kachaka_interfaces/kachaka_interfaces/msg/detail/object_detection__struct.h
-- Installing: /Users/roboworks/kachaka_ros2_dev/pixi/install/kachaka_interfaces/include/kachaka_interfaces/kachaka_interfaces/msg/detail/shelf__struct.h
-- Installing: /Users/roboworks/kachaka_ros2_dev/pixi/install/kachaka_interfaces/include/kachaka_interfaces/kachaka_interfaces/msg/detail/object_detection__functions.c
-- Installing: /Users/roboworks/kachaka_ros2_dev/pixi/install/kachaka_interfaces/include/kachaka_interfaces/kachaka_interfaces/msg/detail/object_detection_list_stamped__functions.h
-- Installing: /Users/roboworks/kachaka_ros2_dev/pixi/install/kachaka_interfaces/include/kachaka_interfaces/kachaka_interfaces/msg/detail/shelf__functions.c
-- Installing: /Users/roboworks/kachaka_ros2_dev/pixi/install/kachaka_interfaces/include/kachaka_interfaces/kachaka_interfaces/msg/detail/kachaka_command__functions.c
-- Installing: /Users/roboworks/kachaka_ros2_dev/pixi/install/kachaka_interfaces/include/kachaka_interfaces/kachaka_interfaces/msg/shelf_list.h
-- Installing: /Users/roboworks/kachaka_ros2_dev/pixi/install/kachaka_interfaces/include/kachaka_interfaces/kachaka_interfaces/msg/location.h
-- Installing: /Users/roboworks/kachaka_ros2_dev/pixi/install/kachaka_interfaces/include/kachaka_interfaces/kachaka_interfaces/msg/kachaka_command.h
-- Installing: /Users/roboworks/kachaka_ros2_dev/pixi/install/kachaka_interfaces/include/kachaka_interfaces/kachaka_interfaces/action
-- Installing: /Users/roboworks/kachaka_ros2_dev/pixi/install/kachaka_interfaces/include/kachaka_interfaces/kachaka_interfaces/action/exec_kachaka_command.h
-- Installing: /Users/roboworks/kachaka_ros2_dev/pixi/install/kachaka_interfaces/include/kachaka_interfaces/kachaka_interfaces/action/detail
-- Installing: /Users/roboworks/kachaka_ros2_dev/pixi/install/kachaka_interfaces/include/kachaka_interfaces/kachaka_interfaces/action/detail/exec_kachaka_command__functions.c
-- Installing: /Users/roboworks/kachaka_ros2_dev/pixi/install/kachaka_interfaces/include/kachaka_interfaces/kachaka_interfaces/action/detail/exec_kachaka_command__type_support.h
-- Installing: /Users/roboworks/kachaka_ros2_dev/pixi/install/kachaka_interfaces/include/kachaka_interfaces/kachaka_interfaces/action/detail/exec_kachaka_command__struct.h
-- Installing: /Users/roboworks/kachaka_ros2_dev/pixi/install/kachaka_interfaces/include/kachaka_interfaces/kachaka_interfaces/action/detail/exec_kachaka_command__functions.h
-- Installing: /Users/roboworks/kachaka_ros2_dev/pixi/install/kachaka_interfaces/lib/libkachaka_interfaces__rosidl_generator_c.dylib
-- Up-to-date: /Users/roboworks/kachaka_ros2_dev/pixi/install/kachaka_interfaces/include/kachaka_interfaces/kachaka_interfaces
-- Up-to-date: /Users/roboworks/kachaka_ros2_dev/pixi/install/kachaka_interfaces/include/kachaka_interfaces/kachaka_interfaces/msg
-- Up-to-date: /Users/roboworks/kachaka_ros2_dev/pixi/install/kachaka_interfaces/include/kachaka_interfaces/kachaka_interfaces/msg/detail
-- Installing: /Users/roboworks/kachaka_ros2_dev/pixi/install/kachaka_interfaces/include/kachaka_interfaces/kachaka_interfaces/msg/detail/object_detection_list_stamped__rosidl_typesupport_fastrtps_c.h
-- Installing: /Users/roboworks/kachaka_ros2_dev/pixi/install/kachaka_interfaces/include/kachaka_interfaces/kachaka_interfaces/msg/detail/location__rosidl_typesupport_fastrtps_c.h
-- Installing: /Users/roboworks/kachaka_ros2_dev/pixi/install/kachaka_interfaces/include/kachaka_interfaces/kachaka_interfaces/msg/detail/kachaka_command__rosidl_typesupport_fastrtps_c.h
-- Installing: /Users/roboworks/kachaka_ros2_dev/pixi/install/kachaka_interfaces/include/kachaka_interfaces/kachaka_interfaces/msg/detail/shelf_list__rosidl_typesupport_fastrtps_c.h
-- Installing: /Users/roboworks/kachaka_ros2_dev/pixi/install/kachaka_interfaces/include/kachaka_interfaces/kachaka_interfaces/msg/detail/shelf__rosidl_typesupport_fastrtps_c.h
-- Installing: /Users/roboworks/kachaka_ros2_dev/pixi/install/kachaka_interfaces/include/kachaka_interfaces/kachaka_interfaces/msg/detail/location_list__rosidl_typesupport_fastrtps_c.h
-- Installing: /Users/roboworks/kachaka_ros2_dev/pixi/install/kachaka_interfaces/include/kachaka_interfaces/kachaka_interfaces/msg/detail/object_detection__rosidl_typesupport_fastrtps_c.h
-- Installing: /Users/roboworks/kachaka_ros2_dev/pixi/install/kachaka_interfaces/include/kachaka_interfaces/kachaka_interfaces/msg/detail/shelf_size__rosidl_typesupport_fastrtps_c.h
-- Installing: /Users/roboworks/kachaka_ros2_dev/pixi/install/kachaka_interfaces/include/kachaka_interfaces/kachaka_interfaces/msg/rosidl_typesupport_fastrtps_c__visibility_control.h
-- Up-to-date: /Users/roboworks/kachaka_ros2_dev/pixi/install/kachaka_interfaces/include/kachaka_interfaces/kachaka_interfaces/action
-- Up-to-date: /Users/roboworks/kachaka_ros2_dev/pixi/install/kachaka_interfaces/include/kachaka_interfaces/kachaka_interfaces/action/detail
-- Installing: /Users/roboworks/kachaka_ros2_dev/pixi/install/kachaka_interfaces/include/kachaka_interfaces/kachaka_interfaces/action/detail/exec_kachaka_command__rosidl_typesupport_fastrtps_c.h
-- Installing: /Users/roboworks/kachaka_ros2_dev/pixi/install/kachaka_interfaces/lib/libkachaka_interfaces__rosidl_typesupport_fastrtps_c.dylib
-- Up-to-date: /Users/roboworks/kachaka_ros2_dev/pixi/install/kachaka_interfaces/include/kachaka_interfaces/kachaka_interfaces
-- Up-to-date: /Users/roboworks/kachaka_ros2_dev/pixi/install/kachaka_interfaces/include/kachaka_interfaces/kachaka_interfaces/msg
-- Installing: /Users/roboworks/kachaka_ros2_dev/pixi/install/kachaka_interfaces/include/kachaka_interfaces/kachaka_interfaces/msg/shelf_list.hpp
-- Installing: /Users/roboworks/kachaka_ros2_dev/pixi/install/kachaka_interfaces/include/kachaka_interfaces/kachaka_interfaces/msg/shelf_size.hpp
-- Installing: /Users/roboworks/kachaka_ros2_dev/pixi/install/kachaka_interfaces/include/kachaka_interfaces/kachaka_interfaces/msg/kachaka_command.hpp
-- Installing: /Users/roboworks/kachaka_ros2_dev/pixi/install/kachaka_interfaces/include/kachaka_interfaces/kachaka_interfaces/msg/object_detection.hpp
-- Up-to-date: /Users/roboworks/kachaka_ros2_dev/pixi/install/kachaka_interfaces/include/kachaka_interfaces/kachaka_interfaces/msg/detail
-- Installing: /Users/roboworks/kachaka_ros2_dev/pixi/install/kachaka_interfaces/include/kachaka_interfaces/kachaka_interfaces/msg/detail/object_detection_list_stamped__type_support.hpp
-- Installing: /Users/roboworks/kachaka_ros2_dev/pixi/install/kachaka_interfaces/include/kachaka_interfaces/kachaka_interfaces/msg/detail/object_detection_list_stamped__struct.hpp
-- Installing: /Users/roboworks/kachaka_ros2_dev/pixi/install/kachaka_interfaces/include/kachaka_interfaces/kachaka_interfaces/msg/detail/shelf_list__traits.hpp
-- Installing: /Users/roboworks/kachaka_ros2_dev/pixi/install/kachaka_interfaces/include/kachaka_interfaces/kachaka_interfaces/msg/detail/object_detection_list_stamped__builder.hpp
-- Installing: /Users/roboworks/kachaka_ros2_dev/pixi/install/kachaka_interfaces/include/kachaka_interfaces/kachaka_interfaces/msg/detail/kachaka_command__type_support.hpp
-- Installing: /Users/roboworks/kachaka_ros2_dev/pixi/install/kachaka_interfaces/include/kachaka_interfaces/kachaka_interfaces/msg/detail/object_detection__traits.hpp
-- Installing: /Users/roboworks/kachaka_ros2_dev/pixi/install/kachaka_interfaces/include/kachaka_interfaces/kachaka_interfaces/msg/detail/kachaka_command__traits.hpp
-- Installing: /Users/roboworks/kachaka_ros2_dev/pixi/install/kachaka_interfaces/include/kachaka_interfaces/kachaka_interfaces/msg/detail/shelf__traits.hpp
-- Installing: /Users/roboworks/kachaka_ros2_dev/pixi/install/kachaka_interfaces/include/kachaka_interfaces/kachaka_interfaces/msg/detail/location__type_support.hpp
-- Installing: /Users/roboworks/kachaka_ros2_dev/pixi/install/kachaka_interfaces/include/kachaka_interfaces/kachaka_interfaces/msg/detail/location_list__traits.hpp
-- Installing: /Users/roboworks/kachaka_ros2_dev/pixi/install/kachaka_interfaces/include/kachaka_interfaces/kachaka_interfaces/msg/detail/shelf_size__struct.hpp
-- Installing: /Users/roboworks/kachaka_ros2_dev/pixi/install/kachaka_interfaces/include/kachaka_interfaces/kachaka_interfaces/msg/detail/object_detection__type_support.hpp
-- Installing: /Users/roboworks/kachaka_ros2_dev/pixi/install/kachaka_interfaces/include/kachaka_interfaces/kachaka_interfaces/msg/detail/location__traits.hpp
-- Installing: /Users/roboworks/kachaka_ros2_dev/pixi/install/kachaka_interfaces/include/kachaka_interfaces/kachaka_interfaces/msg/detail/shelf__type_support.hpp
-- Installing: /Users/roboworks/kachaka_ros2_dev/pixi/install/kachaka_interfaces/include/kachaka_interfaces/kachaka_interfaces/msg/detail/object_detection_list_stamped__traits.hpp
-- Installing: /Users/roboworks/kachaka_ros2_dev/pixi/install/kachaka_interfaces/include/kachaka_interfaces/kachaka_interfaces/msg/detail/kachaka_command__builder.hpp
-- Installing: /Users/roboworks/kachaka_ros2_dev/pixi/install/kachaka_interfaces/include/kachaka_interfaces/kachaka_interfaces/msg/detail/shelf__builder.hpp
-- Installing: /Users/roboworks/kachaka_ros2_dev/pixi/install/kachaka_interfaces/include/kachaka_interfaces/kachaka_interfaces/msg/detail/shelf_size__type_support.hpp
-- Installing: /Users/roboworks/kachaka_ros2_dev/pixi/install/kachaka_interfaces/include/kachaka_interfaces/kachaka_interfaces/msg/detail/object_detection__builder.hpp
-- Installing: /Users/roboworks/kachaka_ros2_dev/pixi/install/kachaka_interfaces/include/kachaka_interfaces/kachaka_interfaces/msg/detail/object_detection__struct.hpp
-- Installing: /Users/roboworks/kachaka_ros2_dev/pixi/install/kachaka_interfaces/include/kachaka_interfaces/kachaka_interfaces/msg/detail/kachaka_command__struct.hpp
-- Installing: /Users/roboworks/kachaka_ros2_dev/pixi/install/kachaka_interfaces/include/kachaka_interfaces/kachaka_interfaces/msg/detail/shelf_list__struct.hpp
-- Installing: /Users/roboworks/kachaka_ros2_dev/pixi/install/kachaka_interfaces/include/kachaka_interfaces/kachaka_interfaces/msg/detail/location__struct.hpp
-- Installing: /Users/roboworks/kachaka_ros2_dev/pixi/install/kachaka_interfaces/include/kachaka_interfaces/kachaka_interfaces/msg/detail/shelf_size__traits.hpp
-- Installing: /Users/roboworks/kachaka_ros2_dev/pixi/install/kachaka_interfaces/include/kachaka_interfaces/kachaka_interfaces/msg/detail/shelf_size__builder.hpp
-- Installing: /Users/roboworks/kachaka_ros2_dev/pixi/install/kachaka_interfaces/include/kachaka_interfaces/kachaka_interfaces/msg/detail/location_list__struct.hpp
-- Installing: /Users/roboworks/kachaka_ros2_dev/pixi/install/kachaka_interfaces/include/kachaka_interfaces/kachaka_interfaces/msg/detail/shelf_list__builder.hpp
-- Installing: /Users/roboworks/kachaka_ros2_dev/pixi/install/kachaka_interfaces/include/kachaka_interfaces/kachaka_interfaces/msg/detail/shelf__struct.hpp
-- Installing: /Users/roboworks/kachaka_ros2_dev/pixi/install/kachaka_interfaces/include/kachaka_interfaces/kachaka_interfaces/msg/detail/location_list__type_support.hpp
-- Installing: /Users/roboworks/kachaka_ros2_dev/pixi/install/kachaka_interfaces/include/kachaka_interfaces/kachaka_interfaces/msg/detail/shelf_list__type_support.hpp
-- Installing: /Users/roboworks/kachaka_ros2_dev/pixi/install/kachaka_interfaces/include/kachaka_interfaces/kachaka_interfaces/msg/detail/location__builder.hpp
-- Installing: /Users/roboworks/kachaka_ros2_dev/pixi/install/kachaka_interfaces/include/kachaka_interfaces/kachaka_interfaces/msg/detail/location_list__builder.hpp
-- Installing: /Users/roboworks/kachaka_ros2_dev/pixi/install/kachaka_interfaces/include/kachaka_interfaces/kachaka_interfaces/msg/rosidl_generator_cpp__visibility_control.hpp
-- Installing: /Users/roboworks/kachaka_ros2_dev/pixi/install/kachaka_interfaces/include/kachaka_interfaces/kachaka_interfaces/msg/location.hpp
-- Installing: /Users/roboworks/kachaka_ros2_dev/pixi/install/kachaka_interfaces/include/kachaka_interfaces/kachaka_interfaces/msg/object_detection_list_stamped.hpp
-- Installing: /Users/roboworks/kachaka_ros2_dev/pixi/install/kachaka_interfaces/include/kachaka_interfaces/kachaka_interfaces/msg/location_list.hpp
-- Installing: /Users/roboworks/kachaka_ros2_dev/pixi/install/kachaka_interfaces/include/kachaka_interfaces/kachaka_interfaces/msg/shelf.hpp
-- Up-to-date: /Users/roboworks/kachaka_ros2_dev/pixi/install/kachaka_interfaces/include/kachaka_interfaces/kachaka_interfaces/action
-- Up-to-date: /Users/roboworks/kachaka_ros2_dev/pixi/install/kachaka_interfaces/include/kachaka_interfaces/kachaka_interfaces/action/detail
-- Installing: /Users/roboworks/kachaka_ros2_dev/pixi/install/kachaka_interfaces/include/kachaka_interfaces/kachaka_interfaces/action/detail/exec_kachaka_command__builder.hpp
-- Installing: /Users/roboworks/kachaka_ros2_dev/pixi/install/kachaka_interfaces/include/kachaka_interfaces/kachaka_interfaces/action/detail/exec_kachaka_command__traits.hpp
-- Installing: /Users/roboworks/kachaka_ros2_dev/pixi/install/kachaka_interfaces/include/kachaka_interfaces/kachaka_interfaces/action/detail/exec_kachaka_command__type_support.hpp
-- Installing: /Users/roboworks/kachaka_ros2_dev/pixi/install/kachaka_interfaces/include/kachaka_interfaces/kachaka_interfaces/action/detail/exec_kachaka_command__struct.hpp
-- Installing: /Users/roboworks/kachaka_ros2_dev/pixi/install/kachaka_interfaces/include/kachaka_interfaces/kachaka_interfaces/action/exec_kachaka_command.hpp
-- Up-to-date: /Users/roboworks/kachaka_ros2_dev/pixi/install/kachaka_interfaces/include/kachaka_interfaces/kachaka_interfaces
-- Up-to-date: /Users/roboworks/kachaka_ros2_dev/pixi/install/kachaka_interfaces/include/kachaka_interfaces/kachaka_interfaces/msg
-- Installing: /Users/roboworks/kachaka_ros2_dev/pixi/install/kachaka_interfaces/include/kachaka_interfaces/kachaka_interfaces/msg/rosidl_typesupport_fastrtps_cpp__visibility_control.h
-- Up-to-date: /Users/roboworks/kachaka_ros2_dev/pixi/install/kachaka_interfaces/include/kachaka_interfaces/kachaka_interfaces/msg/detail
-- Installing: /Users/roboworks/kachaka_ros2_dev/pixi/install/kachaka_interfaces/include/kachaka_interfaces/kachaka_interfaces/msg/detail/object_detection_list_stamped__rosidl_typesupport_fastrtps_cpp.hpp
-- Installing: /Users/roboworks/kachaka_ros2_dev/pixi/install/kachaka_interfaces/include/kachaka_interfaces/kachaka_interfaces/msg/detail/location__rosidl_typesupport_fastrtps_cpp.hpp
-- Installing: /Users/roboworks/kachaka_ros2_dev/pixi/install/kachaka_interfaces/include/kachaka_interfaces/kachaka_interfaces/msg/detail/shelf__rosidl_typesupport_fastrtps_cpp.hpp
-- Installing: /Users/roboworks/kachaka_ros2_dev/pixi/install/kachaka_interfaces/include/kachaka_interfaces/kachaka_interfaces/msg/detail/location_list__rosidl_typesupport_fastrtps_cpp.hpp
-- Installing: /Users/roboworks/kachaka_ros2_dev/pixi/install/kachaka_interfaces/include/kachaka_interfaces/kachaka_interfaces/msg/detail/object_detection__rosidl_typesupport_fastrtps_cpp.hpp
-- Installing: /Users/roboworks/kachaka_ros2_dev/pixi/install/kachaka_interfaces/include/kachaka_interfaces/kachaka_interfaces/msg/detail/shelf_list__rosidl_typesupport_fastrtps_cpp.hpp
-- Installing: /Users/roboworks/kachaka_ros2_dev/pixi/install/kachaka_interfaces/include/kachaka_interfaces/kachaka_interfaces/msg/detail/dds_fastrtps
-- Installing: /Users/roboworks/kachaka_ros2_dev/pixi/install/kachaka_interfaces/include/kachaka_interfaces/kachaka_interfaces/msg/detail/shelf_size__rosidl_typesupport_fastrtps_cpp.hpp
-- Installing: /Users/roboworks/kachaka_ros2_dev/pixi/install/kachaka_interfaces/include/kachaka_interfaces/kachaka_interfaces/msg/detail/kachaka_command__rosidl_typesupport_fastrtps_cpp.hpp
-- Up-to-date: /Users/roboworks/kachaka_ros2_dev/pixi/install/kachaka_interfaces/include/kachaka_interfaces/kachaka_interfaces/action
-- Up-to-date: /Users/roboworks/kachaka_ros2_dev/pixi/install/kachaka_interfaces/include/kachaka_interfaces/kachaka_interfaces/action/detail
-- Installing: /Users/roboworks/kachaka_ros2_dev/pixi/install/kachaka_interfaces/include/kachaka_interfaces/kachaka_interfaces/action/detail/exec_kachaka_command__rosidl_typesupport_fastrtps_cpp.hpp
-- Installing: /Users/roboworks/kachaka_ros2_dev/pixi/install/kachaka_interfaces/include/kachaka_interfaces/kachaka_interfaces/action/detail/dds_fastrtps
-- Installing: /Users/roboworks/kachaka_ros2_dev/pixi/install/kachaka_interfaces/lib/libkachaka_interfaces__rosidl_typesupport_fastrtps_cpp.dylib
-- Up-to-date: /Users/roboworks/kachaka_ros2_dev/pixi/install/kachaka_interfaces/include/kachaka_interfaces/kachaka_interfaces
-- Up-to-date: /Users/roboworks/kachaka_ros2_dev/pixi/install/kachaka_interfaces/include/kachaka_interfaces/kachaka_interfaces/msg
-- Up-to-date: /Users/roboworks/kachaka_ros2_dev/pixi/install/kachaka_interfaces/include/kachaka_interfaces/kachaka_interfaces/msg/detail
-- Installing: /Users/roboworks/kachaka_ros2_dev/pixi/install/kachaka_interfaces/include/kachaka_interfaces/kachaka_interfaces/msg/detail/shelf_size__rosidl_typesupport_introspection_c.h
-- Installing: /Users/roboworks/kachaka_ros2_dev/pixi/install/kachaka_interfaces/include/kachaka_interfaces/kachaka_interfaces/msg/detail/location__type_support.c
-- Installing: /Users/roboworks/kachaka_ros2_dev/pixi/install/kachaka_interfaces/include/kachaka_interfaces/kachaka_interfaces/msg/detail/object_detection__type_support.c
-- Installing: /Users/roboworks/kachaka_ros2_dev/pixi/install/kachaka_interfaces/include/kachaka_interfaces/kachaka_interfaces/msg/detail/shelf__rosidl_typesupport_introspection_c.h
-- Installing: /Users/roboworks/kachaka_ros2_dev/pixi/install/kachaka_interfaces/include/kachaka_interfaces/kachaka_interfaces/msg/detail/location__rosidl_typesupport_introspection_c.h
-- Installing: /Users/roboworks/kachaka_ros2_dev/pixi/install/kachaka_interfaces/include/kachaka_interfaces/kachaka_interfaces/msg/detail/shelf_list__rosidl_typesupport_introspection_c.h
-- Installing: /Users/roboworks/kachaka_ros2_dev/pixi/install/kachaka_interfaces/include/kachaka_interfaces/kachaka_interfaces/msg/detail/location_list__rosidl_typesupport_introspection_c.h
-- Installing: /Users/roboworks/kachaka_ros2_dev/pixi/install/kachaka_interfaces/include/kachaka_interfaces/kachaka_interfaces/msg/detail/kachaka_command__type_support.c
-- Installing: /Users/roboworks/kachaka_ros2_dev/pixi/install/kachaka_interfaces/include/kachaka_interfaces/kachaka_interfaces/msg/detail/shelf_list__type_support.c
-- Installing: /Users/roboworks/kachaka_ros2_dev/pixi/install/kachaka_interfaces/include/kachaka_interfaces/kachaka_interfaces/msg/detail/object_detection_list_stamped__type_support.c
-- Installing: /Users/roboworks/kachaka_ros2_dev/pixi/install/kachaka_interfaces/include/kachaka_interfaces/kachaka_interfaces/msg/detail/location_list__type_support.c
-- Installing: /Users/roboworks/kachaka_ros2_dev/pixi/install/kachaka_interfaces/include/kachaka_interfaces/kachaka_interfaces/msg/detail/shelf__type_support.c
-- Installing: /Users/roboworks/kachaka_ros2_dev/pixi/install/kachaka_interfaces/include/kachaka_interfaces/kachaka_interfaces/msg/detail/kachaka_command__rosidl_typesupport_introspection_c.h
-- Installing: /Users/roboworks/kachaka_ros2_dev/pixi/install/kachaka_interfaces/include/kachaka_interfaces/kachaka_interfaces/msg/detail/object_detection__rosidl_typesupport_introspection_c.h
-- Installing: /Users/roboworks/kachaka_ros2_dev/pixi/install/kachaka_interfaces/include/kachaka_interfaces/kachaka_interfaces/msg/detail/object_detection_list_stamped__rosidl_typesupport_introspection_c.h
-- Installing: /Users/roboworks/kachaka_ros2_dev/pixi/install/kachaka_interfaces/include/kachaka_interfaces/kachaka_interfaces/msg/detail/shelf_size__type_support.c
-- Installing: /Users/roboworks/kachaka_ros2_dev/pixi/install/kachaka_interfaces/include/kachaka_interfaces/kachaka_interfaces/msg/rosidl_typesupport_introspection_c__visibility_control.h
-- Up-to-date: /Users/roboworks/kachaka_ros2_dev/pixi/install/kachaka_interfaces/include/kachaka_interfaces/kachaka_interfaces/action
-- Up-to-date: /Users/roboworks/kachaka_ros2_dev/pixi/install/kachaka_interfaces/include/kachaka_interfaces/kachaka_interfaces/action/detail
-- Installing: /Users/roboworks/kachaka_ros2_dev/pixi/install/kachaka_interfaces/include/kachaka_interfaces/kachaka_interfaces/action/detail/exec_kachaka_command__rosidl_typesupport_introspection_c.h
-- Installing: /Users/roboworks/kachaka_ros2_dev/pixi/install/kachaka_interfaces/include/kachaka_interfaces/kachaka_interfaces/action/detail/exec_kachaka_command__type_support.c
-- Installing: /Users/roboworks/kachaka_ros2_dev/pixi/install/kachaka_interfaces/lib/libkachaka_interfaces__rosidl_typesupport_introspection_c.dylib
-- Installing: /Users/roboworks/kachaka_ros2_dev/pixi/install/kachaka_interfaces/lib/libkachaka_interfaces__rosidl_typesupport_c.dylib
-- Up-to-date: /Users/roboworks/kachaka_ros2_dev/pixi/install/kachaka_interfaces/include/kachaka_interfaces/kachaka_interfaces
-- Up-to-date: /Users/roboworks/kachaka_ros2_dev/pixi/install/kachaka_interfaces/include/kachaka_interfaces/kachaka_interfaces/msg
-- Up-to-date: /Users/roboworks/kachaka_ros2_dev/pixi/install/kachaka_interfaces/include/kachaka_interfaces/kachaka_interfaces/msg/detail
-- Installing: /Users/roboworks/kachaka_ros2_dev/pixi/install/kachaka_interfaces/include/kachaka_interfaces/kachaka_interfaces/msg/detail/shelf_list__rosidl_typesupport_introspection_cpp.hpp
-- Installing: /Users/roboworks/kachaka_ros2_dev/pixi/install/kachaka_interfaces/include/kachaka_interfaces/kachaka_interfaces/msg/detail/location_list__type_support.cpp
-- Installing: /Users/roboworks/kachaka_ros2_dev/pixi/install/kachaka_interfaces/include/kachaka_interfaces/kachaka_interfaces/msg/detail/shelf_list__type_support.cpp
-- Installing: /Users/roboworks/kachaka_ros2_dev/pixi/install/kachaka_interfaces/include/kachaka_interfaces/kachaka_interfaces/msg/detail/object_detection__rosidl_typesupport_introspection_cpp.hpp
-- Installing: /Users/roboworks/kachaka_ros2_dev/pixi/install/kachaka_interfaces/include/kachaka_interfaces/kachaka_interfaces/msg/detail/object_detection_list_stamped__rosidl_typesupport_introspection_cpp.hpp
-- Installing: /Users/roboworks/kachaka_ros2_dev/pixi/install/kachaka_interfaces/include/kachaka_interfaces/kachaka_interfaces/msg/detail/location_list__rosidl_typesupport_introspection_cpp.hpp
-- Installing: /Users/roboworks/kachaka_ros2_dev/pixi/install/kachaka_interfaces/include/kachaka_interfaces/kachaka_interfaces/msg/detail/location__rosidl_typesupport_introspection_cpp.hpp
-- Installing: /Users/roboworks/kachaka_ros2_dev/pixi/install/kachaka_interfaces/include/kachaka_interfaces/kachaka_interfaces/msg/detail/shelf_size__type_support.cpp
-- Installing: /Users/roboworks/kachaka_ros2_dev/pixi/install/kachaka_interfaces/include/kachaka_interfaces/kachaka_interfaces/msg/detail/kachaka_command__rosidl_typesupport_introspection_cpp.hpp
-- Installing: /Users/roboworks/kachaka_ros2_dev/pixi/install/kachaka_interfaces/include/kachaka_interfaces/kachaka_interfaces/msg/detail/shelf__rosidl_typesupport_introspection_cpp.hpp
-- Installing: /Users/roboworks/kachaka_ros2_dev/pixi/install/kachaka_interfaces/include/kachaka_interfaces/kachaka_interfaces/msg/detail/location__type_support.cpp
-- Installing: /Users/roboworks/kachaka_ros2_dev/pixi/install/kachaka_interfaces/include/kachaka_interfaces/kachaka_interfaces/msg/detail/object_detection__type_support.cpp
-- Installing: /Users/roboworks/kachaka_ros2_dev/pixi/install/kachaka_interfaces/include/kachaka_interfaces/kachaka_interfaces/msg/detail/shelf__type_support.cpp
-- Installing: /Users/roboworks/kachaka_ros2_dev/pixi/install/kachaka_interfaces/include/kachaka_interfaces/kachaka_interfaces/msg/detail/shelf_size__rosidl_typesupport_introspection_cpp.hpp
-- Installing: /Users/roboworks/kachaka_ros2_dev/pixi/install/kachaka_interfaces/include/kachaka_interfaces/kachaka_interfaces/msg/detail/object_detection_list_stamped__type_support.cpp
-- Installing: /Users/roboworks/kachaka_ros2_dev/pixi/install/kachaka_interfaces/include/kachaka_interfaces/kachaka_interfaces/msg/detail/kachaka_command__type_support.cpp
-- Up-to-date: /Users/roboworks/kachaka_ros2_dev/pixi/install/kachaka_interfaces/include/kachaka_interfaces/kachaka_interfaces/action
-- Up-to-date: /Users/roboworks/kachaka_ros2_dev/pixi/install/kachaka_interfaces/include/kachaka_interfaces/kachaka_interfaces/action/detail
-- Installing: /Users/roboworks/kachaka_ros2_dev/pixi/install/kachaka_interfaces/include/kachaka_interfaces/kachaka_interfaces/action/detail/exec_kachaka_command__rosidl_typesupport_introspection_cpp.hpp
-- Installing: /Users/roboworks/kachaka_ros2_dev/pixi/install/kachaka_interfaces/include/kachaka_interfaces/kachaka_interfaces/action/detail/exec_kachaka_command__type_support.cpp
-- Installing: /Users/roboworks/kachaka_ros2_dev/pixi/install/kachaka_interfaces/lib/libkachaka_interfaces__rosidl_typesupport_introspection_cpp.dylib
-- Installing: /Users/roboworks/kachaka_ros2_dev/pixi/install/kachaka_interfaces/lib/libkachaka_interfaces__rosidl_typesupport_cpp.dylib
-- Installing: /Users/roboworks/kachaka_ros2_dev/pixi/install/kachaka_interfaces/share/kachaka_interfaces/environment/pythonpath.sh
-- Installing: /Users/roboworks/kachaka_ros2_dev/pixi/install/kachaka_interfaces/share/kachaka_interfaces/environment/pythonpath.dsv
-- Installing: /Users/roboworks/kachaka_ros2_dev/pixi/install/kachaka_interfaces/lib/python3.11/site-packages/kachaka_interfaces-0.0.0-py3.11.egg-info
-- Installing: /Users/roboworks/kachaka_ros2_dev/pixi/install/kachaka_interfaces/lib/python3.11/site-packages/kachaka_interfaces-0.0.0-py3.11.egg-info/PKG-INFO
-- Installing: /Users/roboworks/kachaka_ros2_dev/pixi/install/kachaka_interfaces/lib/python3.11/site-packages/kachaka_interfaces-0.0.0-py3.11.egg-info/SOURCES.txt
-- Installing: /Users/roboworks/kachaka_ros2_dev/pixi/install/kachaka_interfaces/lib/python3.11/site-packages/kachaka_interfaces-0.0.0-py3.11.egg-info/top_level.txt
-- Installing: /Users/roboworks/kachaka_ros2_dev/pixi/install/kachaka_interfaces/lib/python3.11/site-packages/kachaka_interfaces-0.0.0-py3.11.egg-info/dependency_links.txt
-- Installing: /Users/roboworks/kachaka_ros2_dev/pixi/install/kachaka_interfaces/lib/python3.11/site-packages/kachaka_interfaces
-- Installing: /Users/roboworks/kachaka_ros2_dev/pixi/install/kachaka_interfaces/lib/python3.11/site-packages/kachaka_interfaces/_kachaka_interfaces_s.ep.rosidl_typesupport_introspection_c.c
-- Installing: /Users/roboworks/kachaka_ros2_dev/pixi/install/kachaka_interfaces/lib/python3.11/site-packages/kachaka_interfaces/_kachaka_interfaces_s.ep.rosidl_typesupport_c.c
-- Installing: /Users/roboworks/kachaka_ros2_dev/pixi/install/kachaka_interfaces/lib/python3.11/site-packages/kachaka_interfaces/kachaka_interfaces_s__rosidl_typesupport_c.cpython-311-darwin.so
-- Installing: /Users/roboworks/kachaka_ros2_dev/pixi/install/kachaka_interfaces/lib/python3.11/site-packages/kachaka_interfaces/msg
-- Installing: /Users/roboworks/kachaka_ros2_dev/pixi/install/kachaka_interfaces/lib/python3.11/site-packages/kachaka_interfaces/msg/_shelf_list_s.c
-- Installing: /Users/roboworks/kachaka_ros2_dev/pixi/install/kachaka_interfaces/lib/python3.11/site-packages/kachaka_interfaces/msg/_kachaka_command_s.c
-- Installing: /Users/roboworks/kachaka_ros2_dev/pixi/install/kachaka_interfaces/lib/python3.11/site-packages/kachaka_interfaces/msg/_shelf_size.py
-- Installing: /Users/roboworks/kachaka_ros2_dev/pixi/install/kachaka_interfaces/lib/python3.11/site-packages/kachaka_interfaces/msg/_shelf_s.c
-- Installing: /Users/roboworks/kachaka_ros2_dev/pixi/install/kachaka_interfaces/lib/python3.11/site-packages/kachaka_interfaces/msg/_object_detection_list_stamped_s.c
-- Installing: /Users/roboworks/kachaka_ros2_dev/pixi/install/kachaka_interfaces/lib/python3.11/site-packages/kachaka_interfaces/msg/_kachaka_command.py
-- Installing: /Users/roboworks/kachaka_ros2_dev/pixi/install/kachaka_interfaces/lib/python3.11/site-packages/kachaka_interfaces/msg/_shelf_list.py
-- Installing: /Users/roboworks/kachaka_ros2_dev/pixi/install/kachaka_interfaces/lib/python3.11/site-packages/kachaka_interfaces/msg/_shelf_size_s.c
-- Installing: /Users/roboworks/kachaka_ros2_dev/pixi/install/kachaka_interfaces/lib/python3.11/site-packages/kachaka_interfaces/msg/__init__.py
-- Installing: /Users/roboworks/kachaka_ros2_dev/pixi/install/kachaka_interfaces/lib/python3.11/site-packages/kachaka_interfaces/msg/_object_detection_s.c
-- Installing: /Users/roboworks/kachaka_ros2_dev/pixi/install/kachaka_interfaces/lib/python3.11/site-packages/kachaka_interfaces/msg/_shelf.py
-- Installing: /Users/roboworks/kachaka_ros2_dev/pixi/install/kachaka_interfaces/lib/python3.11/site-packages/kachaka_interfaces/msg/_object_detection_list_stamped.py
-- Installing: /Users/roboworks/kachaka_ros2_dev/pixi/install/kachaka_interfaces/lib/python3.11/site-packages/kachaka_interfaces/msg/_object_detection.py
-- Installing: /Users/roboworks/kachaka_ros2_dev/pixi/install/kachaka_interfaces/lib/python3.11/site-packages/kachaka_interfaces/msg/_location.py
-- Installing: /Users/roboworks/kachaka_ros2_dev/pixi/install/kachaka_interfaces/lib/python3.11/site-packages/kachaka_interfaces/msg/_location_list_s.c
-- Installing: /Users/roboworks/kachaka_ros2_dev/pixi/install/kachaka_interfaces/lib/python3.11/site-packages/kachaka_interfaces/msg/_location_s.c
-- Installing: /Users/roboworks/kachaka_ros2_dev/pixi/install/kachaka_interfaces/lib/python3.11/site-packages/kachaka_interfaces/msg/_location_list.py
-- Installing: /Users/roboworks/kachaka_ros2_dev/pixi/install/kachaka_interfaces/lib/python3.11/site-packages/kachaka_interfaces/kachaka_interfaces_s__rosidl_typesupport_fastrtps_c.cpython-311-darwin.so
-- Installing: /Users/roboworks/kachaka_ros2_dev/pixi/install/kachaka_interfaces/lib/python3.11/site-packages/kachaka_interfaces/__init__.py
-- Installing: /Users/roboworks/kachaka_ros2_dev/pixi/install/kachaka_interfaces/lib/python3.11/site-packages/kachaka_interfaces/_kachaka_interfaces_s.ep.rosidl_typesupport_fastrtps_c.c
-- Installing: /Users/roboworks/kachaka_ros2_dev/pixi/install/kachaka_interfaces/lib/python3.11/site-packages/kachaka_interfaces/libkachaka_interfaces__rosidl_generator_py.dylib
-- Installing: /Users/roboworks/kachaka_ros2_dev/pixi/install/kachaka_interfaces/lib/python3.11/site-packages/kachaka_interfaces/action
-- Installing: /Users/roboworks/kachaka_ros2_dev/pixi/install/kachaka_interfaces/lib/python3.11/site-packages/kachaka_interfaces/action/_exec_kachaka_command_s.c
-- Installing: /Users/roboworks/kachaka_ros2_dev/pixi/install/kachaka_interfaces/lib/python3.11/site-packages/kachaka_interfaces/action/__init__.py
-- Installing: /Users/roboworks/kachaka_ros2_dev/pixi/install/kachaka_interfaces/lib/python3.11/site-packages/kachaka_interfaces/action/_exec_kachaka_command.py
-- Installing: /Users/roboworks/kachaka_ros2_dev/pixi/install/kachaka_interfaces/lib/python3.11/site-packages/kachaka_interfaces/kachaka_interfaces_s__rosidl_typesupport_introspection_c.cpython-311-darwin.so
Listing 'lib/python3.11/site-packages/kachaka_interfaces'...
Can't list 'lib/python3.11/site-packages/kachaka_interfaces'
-- Up-to-date: /Users/roboworks/kachaka_ros2_dev/pixi/install/kachaka_interfaces/lib/python3.11/site-packages/kachaka_interfaces/kachaka_interfaces_s__rosidl_typesupport_fastrtps_c.cpython-311-darwin.so
-- Up-to-date: /Users/roboworks/kachaka_ros2_dev/pixi/install/kachaka_interfaces/lib/python3.11/site-packages/kachaka_interfaces/kachaka_interfaces_s__rosidl_typesupport_introspection_c.cpython-311-darwin.so
-- Up-to-date: /Users/roboworks/kachaka_ros2_dev/pixi/install/kachaka_interfaces/lib/python3.11/site-packages/kachaka_interfaces/kachaka_interfaces_s__rosidl_typesupport_c.cpython-311-darwin.so
-- Installing: /Users/roboworks/kachaka_ros2_dev/pixi/install/kachaka_interfaces/lib/libkachaka_interfaces__rosidl_generator_py.dylib
-- Installing: /Users/roboworks/kachaka_ros2_dev/pixi/install/kachaka_interfaces/share/kachaka_interfaces/action/ExecKachakaCommand.idl
-- Installing: /Users/roboworks/kachaka_ros2_dev/pixi/install/kachaka_interfaces/share/kachaka_interfaces/msg/KachakaCommand.idl
-- Installing: /Users/roboworks/kachaka_ros2_dev/pixi/install/kachaka_interfaces/share/kachaka_interfaces/msg/Location.idl
-- Installing: /Users/roboworks/kachaka_ros2_dev/pixi/install/kachaka_interfaces/share/kachaka_interfaces/msg/LocationList.idl
-- Installing: /Users/roboworks/kachaka_ros2_dev/pixi/install/kachaka_interfaces/share/kachaka_interfaces/msg/ObjectDetection.idl
-- Installing: /Users/roboworks/kachaka_ros2_dev/pixi/install/kachaka_interfaces/share/kachaka_interfaces/msg/ObjectDetectionListStamped.idl
-- Installing: /Users/roboworks/kachaka_ros2_dev/pixi/install/kachaka_interfaces/share/kachaka_interfaces/msg/Shelf.idl
-- Installing: /Users/roboworks/kachaka_ros2_dev/pixi/install/kachaka_interfaces/share/kachaka_interfaces/msg/ShelfList.idl
-- Installing: /Users/roboworks/kachaka_ros2_dev/pixi/install/kachaka_interfaces/share/kachaka_interfaces/msg/ShelfSize.idl
-- Installing: /Users/roboworks/kachaka_ros2_dev/pixi/install/kachaka_interfaces/share/kachaka_interfaces/action/ExecKachakaCommand.action
-- Installing: /Users/roboworks/kachaka_ros2_dev/pixi/install/kachaka_interfaces/share/kachaka_interfaces/msg/KachakaCommand.msg
-- Installing: /Users/roboworks/kachaka_ros2_dev/pixi/install/kachaka_interfaces/share/kachaka_interfaces/msg/Location.msg
-- Installing: /Users/roboworks/kachaka_ros2_dev/pixi/install/kachaka_interfaces/share/kachaka_interfaces/msg/LocationList.msg
-- Installing: /Users/roboworks/kachaka_ros2_dev/pixi/install/kachaka_interfaces/share/kachaka_interfaces/msg/ObjectDetection.msg
-- Installing: /Users/roboworks/kachaka_ros2_dev/pixi/install/kachaka_interfaces/share/kachaka_interfaces/msg/ObjectDetectionListStamped.msg
-- Installing: /Users/roboworks/kachaka_ros2_dev/pixi/install/kachaka_interfaces/share/kachaka_interfaces/msg/Shelf.msg
-- Installing: /Users/roboworks/kachaka_ros2_dev/pixi/install/kachaka_interfaces/share/kachaka_interfaces/msg/ShelfList.msg
-- Installing: /Users/roboworks/kachaka_ros2_dev/pixi/install/kachaka_interfaces/share/kachaka_interfaces/msg/ShelfSize.msg
-- Installing: /Users/roboworks/kachaka_ros2_dev/pixi/install/kachaka_interfaces/share/ament_index/resource_index/package_run_dependencies/kachaka_interfaces
-- Installing: /Users/roboworks/kachaka_ros2_dev/pixi/install/kachaka_interfaces/share/ament_index/resource_index/parent_prefix_path/kachaka_interfaces
-- Installing: /Users/roboworks/kachaka_ros2_dev/pixi/install/kachaka_interfaces/share/kachaka_interfaces/environment/ament_prefix_path.sh
-- Installing: /Users/roboworks/kachaka_ros2_dev/pixi/install/kachaka_interfaces/share/kachaka_interfaces/environment/ament_prefix_path.dsv
-- Installing: /Users/roboworks/kachaka_ros2_dev/pixi/install/kachaka_interfaces/share/kachaka_interfaces/environment/path.sh
-- Installing: /Users/roboworks/kachaka_ros2_dev/pixi/install/kachaka_interfaces/share/kachaka_interfaces/environment/path.dsv
-- Installing: /Users/roboworks/kachaka_ros2_dev/pixi/install/kachaka_interfaces/share/kachaka_interfaces/local_setup.bash
-- Installing: /Users/roboworks/kachaka_ros2_dev/pixi/install/kachaka_interfaces/share/kachaka_interfaces/local_setup.sh
-- Installing: /Users/roboworks/kachaka_ros2_dev/pixi/install/kachaka_interfaces/share/kachaka_interfaces/local_setup.zsh
-- Installing: /Users/roboworks/kachaka_ros2_dev/pixi/install/kachaka_interfaces/share/kachaka_interfaces/local_setup.dsv
-- Installing: /Users/roboworks/kachaka_ros2_dev/pixi/install/kachaka_interfaces/share/kachaka_interfaces/package.dsv
-- Installing: /Users/roboworks/kachaka_ros2_dev/pixi/install/kachaka_interfaces/share/ament_index/resource_index/packages/kachaka_interfaces
-- Installing: /Users/roboworks/kachaka_ros2_dev/pixi/install/kachaka_interfaces/share/kachaka_interfaces/cmake/export_kachaka_interfaces__rosidl_generator_cExport.cmake
-- Installing: /Users/roboworks/kachaka_ros2_dev/pixi/install/kachaka_interfaces/share/kachaka_interfaces/cmake/export_kachaka_interfaces__rosidl_generator_cExport-noconfig.cmake
-- Installing: /Users/roboworks/kachaka_ros2_dev/pixi/install/kachaka_interfaces/share/kachaka_interfaces/cmake/export_kachaka_interfaces__rosidl_typesupport_fastrtps_cExport.cmake
-- Installing: /Users/roboworks/kachaka_ros2_dev/pixi/install/kachaka_interfaces/share/kachaka_interfaces/cmake/export_kachaka_interfaces__rosidl_typesupport_fastrtps_cExport-noconfig.cmake
-- Installing: /Users/roboworks/kachaka_ros2_dev/pixi/install/kachaka_interfaces/share/kachaka_interfaces/cmake/export_kachaka_interfaces__rosidl_generator_cppExport.cmake
-- Installing: /Users/roboworks/kachaka_ros2_dev/pixi/install/kachaka_interfaces/share/kachaka_interfaces/cmake/export_kachaka_interfaces__rosidl_typesupport_fastrtps_cppExport.cmake
-- Installing: /Users/roboworks/kachaka_ros2_dev/pixi/install/kachaka_interfaces/share/kachaka_interfaces/cmake/export_kachaka_interfaces__rosidl_typesupport_fastrtps_cppExport-noconfig.cmake
-- Installing: /Users/roboworks/kachaka_ros2_dev/pixi/install/kachaka_interfaces/share/kachaka_interfaces/cmake/kachaka_interfaces__rosidl_typesupport_introspection_cExport.cmake
-- Installing: /Users/roboworks/kachaka_ros2_dev/pixi/install/kachaka_interfaces/share/kachaka_interfaces/cmake/kachaka_interfaces__rosidl_typesupport_introspection_cExport-noconfig.cmake
-- Installing: /Users/roboworks/kachaka_ros2_dev/pixi/install/kachaka_interfaces/share/kachaka_interfaces/cmake/kachaka_interfaces__rosidl_typesupport_cExport.cmake
-- Installing: /Users/roboworks/kachaka_ros2_dev/pixi/install/kachaka_interfaces/share/kachaka_interfaces/cmake/kachaka_interfaces__rosidl_typesupport_cExport-noconfig.cmake
-- Installing: /Users/roboworks/kachaka_ros2_dev/pixi/install/kachaka_interfaces/share/kachaka_interfaces/cmake/kachaka_interfaces__rosidl_typesupport_introspection_cppExport.cmake
-- Installing: /Users/roboworks/kachaka_ros2_dev/pixi/install/kachaka_interfaces/share/kachaka_interfaces/cmake/kachaka_interfaces__rosidl_typesupport_introspection_cppExport-noconfig.cmake
-- Installing: /Users/roboworks/kachaka_ros2_dev/pixi/install/kachaka_interfaces/share/kachaka_interfaces/cmake/kachaka_interfaces__rosidl_typesupport_cppExport.cmake
-- Installing: /Users/roboworks/kachaka_ros2_dev/pixi/install/kachaka_interfaces/share/kachaka_interfaces/cmake/kachaka_interfaces__rosidl_typesupport_cppExport-noconfig.cmake
-- Installing: /Users/roboworks/kachaka_ros2_dev/pixi/install/kachaka_interfaces/share/kachaka_interfaces/cmake/export_kachaka_interfaces__rosidl_generator_pyExport.cmake
-- Installing: /Users/roboworks/kachaka_ros2_dev/pixi/install/kachaka_interfaces/share/kachaka_interfaces/cmake/export_kachaka_interfaces__rosidl_generator_pyExport-noconfig.cmake
-- Installing: /Users/roboworks/kachaka_ros2_dev/pixi/install/kachaka_interfaces/share/kachaka_interfaces/cmake/rosidl_cmake-extras.cmake
-- Installing: /Users/roboworks/kachaka_ros2_dev/pixi/install/kachaka_interfaces/share/kachaka_interfaces/cmake/ament_cmake_export_dependencies-extras.cmake
-- Installing: /Users/roboworks/kachaka_ros2_dev/pixi/install/kachaka_interfaces/share/kachaka_interfaces/cmake/ament_cmake_export_include_directories-extras.cmake
-- Installing: /Users/roboworks/kachaka_ros2_dev/pixi/install/kachaka_interfaces/share/kachaka_interfaces/cmake/ament_cmake_export_libraries-extras.cmake
-- Installing: /Users/roboworks/kachaka_ros2_dev/pixi/install/kachaka_interfaces/share/kachaka_interfaces/cmake/ament_cmake_export_targets-extras.cmake
-- Installing: /Users/roboworks/kachaka_ros2_dev/pixi/install/kachaka_interfaces/share/kachaka_interfaces/cmake/rosidl_cmake_export_typesupport_targets-extras.cmake
-- Installing: /Users/roboworks/kachaka_ros2_dev/pixi/install/kachaka_interfaces/share/kachaka_interfaces/cmake/rosidl_cmake_export_typesupport_libraries-extras.cmake
-- Installing: /Users/roboworks/kachaka_ros2_dev/pixi/install/kachaka_interfaces/share/kachaka_interfaces/cmake/kachaka_interfacesConfig.cmake
-- Installing: /Users/roboworks/kachaka_ros2_dev/pixi/install/kachaka_interfaces/share/kachaka_interfaces/cmake/kachaka_interfacesConfig-version.cmake
-- Installing: /Users/roboworks/kachaka_ros2_dev/pixi/install/kachaka_interfaces/share/kachaka_interfaces/package.xml
