[0.045s] Invoking command in '/Users/roboworks/kachaka_ros2_dev/pixi/build/kachaka_interfaces': CMAKE_PREFIX_PATH=/Users/roboworks/kachaka_ros2_dev/pixi/.pixi/envs/default PIXI_PROMPT=(pixi) SHLVL=3 _=/usr/bin/env /Users/roboworks/kachaka_ros2_dev/pixi/.pixi/envs/default/bin/cmake /Users/roboworks/kachaka_ros2_dev/pixi/src/kachaka_interfaces -DPython_EXECUTABLE=/Users/roboworks/kachaka_ros2_dev/pixi/.pixi/envs/default/bin/python3 -DPython_NumPy_INCLUDE_DIRS=/Users/roboworks/kachaka_ros2_dev/pixi/.pixi/envs/default/lib/python3.11/site-packages/numpy/core/include -DCMAKE_INSTALL_PREFIX=/Users/roboworks/kachaka_ros2_dev/pixi/install/kachaka_interfaces
[2.202s] CMake Deprecation Warning at CMakeLists.txt:1 (cmake_minimum_required):
[2.202s]   Compatibility with CMake < 3.10 will be removed from a future version of
[2.202s]   CMake.
[2.202s] 
[2.202s]   Update the VERSION argument <min> value.  Or, use the <min>...<max> syntax
[2.202s]   to tell CMake that the project requires at least <min> but has been updated
[2.202s]   to work with policies introduced by <max> or earlier.
[2.202s] 
[2.202s] 
[2.834s] -- The C compiler identification is AppleClang 17.0.0.17000013
[2.960s] -- The CXX compiler identification is AppleClang 17.0.0.17000013
[2.987s] -- Detecting C compiler ABI info
[3.179s] -- Detecting C compiler ABI info - done
[3.193s] -- Check for working C compiler: /usr/bin/cc - skipped
[3.193s] -- Detecting C compile features
[3.193s] -- Detecting C compile features - done
[3.202s] -- Detecting CXX compiler ABI info
[3.405s] -- Detecting CXX compiler ABI info - done
[3.420s] -- Check for working CXX compiler: /usr/bin/c++ - skipped
[3.420s] -- Detecting CXX compile features
[3.421s] -- Detecting CXX compile features - done
[3.462s] -- Found ament_cmake: 1.3.12 (/Users/roboworks/kachaka_ros2_dev/pixi/.pixi/envs/default/share/ament_cmake/cmake)
[3.634s] -- Found Python3: /Users/roboworks/kachaka_ros2_dev/pixi/.pixi/envs/default/bin/python3 (found version "3.11.14") found components: Interpreter
[4.210s] -- Found ament_cmake_auto: 1.3.12 (/Users/roboworks/kachaka_ros2_dev/pixi/.pixi/envs/default/share/ament_cmake_auto/cmake)
[4.610s] -- Found rosidl_generator_c: 3.1.6 (/Users/roboworks/kachaka_ros2_dev/pixi/.pixi/envs/default/share/rosidl_generator_c/cmake)
[4.668s] -- Found rosidl_adapter: 3.1.6 (/Users/roboworks/kachaka_ros2_dev/pixi/.pixi/envs/default/share/rosidl_adapter/cmake)
[4.745s] -- Found rosidl_generator_cpp: 3.1.6 (/Users/roboworks/kachaka_ros2_dev/pixi/.pixi/envs/default/share/rosidl_generator_cpp/cmake)
[4.824s] -- Using all available rosidl_typesupport_c: rosidl_typesupport_fastrtps_c;rosidl_typesupport_introspection_c
[4.897s] -- Using all available rosidl_typesupport_cpp: rosidl_typesupport_fastrtps_cpp;rosidl_typesupport_introspection_cpp
[5.542s] -- Found ament_cmake_ros: 0.10.0 (/Users/roboworks/kachaka_ros2_dev/pixi/.pixi/envs/default/share/ament_cmake_ros/cmake)
[6.244s] -- Using all available rosidl_typesupport_c: rosidl_typesupport_fastrtps_c;rosidl_typesupport_introspection_c
[6.515s] -- Using all available rosidl_typesupport_cpp: rosidl_typesupport_fastrtps_cpp;rosidl_typesupport_introspection_cpp
[6.529s] -- Found python_cmake_module: 0.10.0 (/Users/roboworks/kachaka_ros2_dev/pixi/.pixi/envs/default/share/python_cmake_module/cmake)
[6.530s] CMake Warning (dev) at /Users/roboworks/kachaka_ros2_dev/pixi/.pixi/envs/default/share/python_cmake_module/cmake/Modules/FindPythonExtra.cmake:52 (find_package):
[6.530s]   Policy CMP0148 is not set: The FindPythonInterp and FindPythonLibs modules
[6.530s]   are removed.  Run "cmake --help-policy CMP0148" for policy details.  Use
[6.530s]   the cmake_policy command to set the policy and suppress this warning.
[6.530s] 
[6.530s] Call Stack (most recent call first):
[6.530s]   /Users/roboworks/kachaka_ros2_dev/pixi/.pixi/envs/default/share/rosidl_generator_py/cmake/rosidl_generator_py_generate_interfaces.cmake:33 (find_package)
[6.530s]   /Users/roboworks/kachaka_ros2_dev/pixi/.pixi/envs/default/share/ament_cmake_core/cmake/core/ament_execute_extensions.cmake:48 (include)
[6.530s]   /Users/roboworks/kachaka_ros2_dev/pixi/.pixi/envs/default/share/rosidl_cmake/cmake/rosidl_generate_interfaces.cmake:286 (ament_execute_extensions)
[6.530s]   CMakeLists.txt:18 (rosidl_generate_interfaces)
[6.530s] This warning is for project developers.  Use -Wno-dev to suppress it.
[6.530s] 
[6.543s] -- Found PythonInterp: /Users/roboworks/kachaka_ros2_dev/pixi/.pixi/envs/default/bin/python3 (found suitable version "3.11.14", minimum required is "3.6")
[6.735s] -- Using PythonExtra_INCLUDE_DIRS: /Users/roboworks/kachaka_ros2_dev/pixi/.pixi/envs/default/include/python3.11;/Users/roboworks/kachaka_ros2_dev/pixi/.pixi/envs/default/include/python3.11
[6.767s] -- Using PythonExtra_LIBRARIES: /Users/roboworks/kachaka_ros2_dev/pixi/.pixi/envs/default/lib/libpython3.11.dylib
[6.783s] -- Found PythonExtra: .so
[7.168s] -- Found Python: /Users/roboworks/kachaka_ros2_dev/pixi/.pixi/envs/default/bin/python3 (found version "3.11.14") found components: Interpreter Development NumPy Development.Module Development.Embed
[7.253s] -- Found ament_lint_auto: 0.12.12 (/Users/roboworks/kachaka_ros2_dev/pixi/.pixi/envs/default/share/ament_lint_auto/cmake)
[7.436s] CMake Warning (dev) at /Users/roboworks/kachaka_ros2_dev/pixi/.pixi/envs/default/share/python_cmake_module/cmake/Modules/FindPythonExtra.cmake:52 (find_package):
[7.436s]   Policy CMP0148 is not set: The FindPythonInterp and FindPythonLibs modules
[7.436s]   are removed.  Run "cmake --help-policy CMP0148" for policy details.  Use
[7.436s]   the cmake_policy command to set the policy and suppress this warning.
[7.436s] 
[7.436s] Call Stack (most recent call first):
[7.436s]   /Users/roboworks/kachaka_ros2_dev/pixi/.pixi/envs/default/share/launch_testing_ament_cmake/cmake/launch_testing_ament_cmake-extras.cmake:18 (find_package)
[7.436s]   /Users/roboworks/kachaka_ros2_dev/pixi/.pixi/envs/default/share/launch_testing_ament_cmake/cmake/launch_testing_ament_cmakeConfig.cmake:41 (include)
[7.436s]   /Users/roboworks/kachaka_ros2_dev/pixi/.pixi/envs/default/share/ament_lint_auto/cmake/ament_lint_auto_find_test_dependencies.cmake:36 (find_package)
[7.436s]   CMakeLists.txt:38 (ament_lint_auto_find_test_dependencies)
[7.436s] This warning is for project developers.  Use -Wno-dev to suppress it.
[7.436s] 
[7.447s] -- Using PythonExtra_INCLUDE_DIRS: /Users/roboworks/kachaka_ros2_dev/pixi/.pixi/envs/default/include/python3.11;/Users/roboworks/kachaka_ros2_dev/pixi/.pixi/envs/default/include/python3.11
[7.447s] -- Using PythonExtra_LIBRARIES: /Users/roboworks/kachaka_ros2_dev/pixi/.pixi/envs/default/lib/libpython3.11.dylib
[7.486s] -- Added test 'copyright' to check source files copyright and LICENSE
[7.489s] -- Added test 'lint_cmake' to check CMake code style
[7.490s] -- Added test 'xmllint' to check XML markup files
[7.494s] -- Configuring done (5.3s)
[7.589s] -- Generating done (0.1s)
[7.624s] -- Build files have been written to: /Users/roboworks/kachaka_ros2_dev/pixi/build/kachaka_interfaces
[7.629s] Invoked command in '/Users/roboworks/kachaka_ros2_dev/pixi/build/kachaka_interfaces' returned '0': CMAKE_PREFIX_PATH=/Users/roboworks/kachaka_ros2_dev/pixi/.pixi/envs/default PIXI_PROMPT=(pixi) SHLVL=3 _=/usr/bin/env /Users/roboworks/kachaka_ros2_dev/pixi/.pixi/envs/default/bin/cmake /Users/roboworks/kachaka_ros2_dev/pixi/src/kachaka_interfaces -DPython_EXECUTABLE=/Users/roboworks/kachaka_ros2_dev/pixi/.pixi/envs/default/bin/python3 -DPython_NumPy_INCLUDE_DIRS=/Users/roboworks/kachaka_ros2_dev/pixi/.pixi/envs/default/lib/python3.11/site-packages/numpy/core/include -DCMAKE_INSTALL_PREFIX=/Users/roboworks/kachaka_ros2_dev/pixi/install/kachaka_interfaces
[7.631s] Invoking command in '/Users/roboworks/kachaka_ros2_dev/pixi/build/kachaka_interfaces': CMAKE_PREFIX_PATH=/Users/roboworks/kachaka_ros2_dev/pixi/.pixi/envs/default PIXI_PROMPT=(pixi) SHLVL=3 _=/usr/bin/env /Users/roboworks/kachaka_ros2_dev/pixi/.pixi/envs/default/bin/cmake --build /Users/roboworks/kachaka_ros2_dev/pixi/build/kachaka_interfaces -- -j8 -l8
[7.716s] [  1%] Generating C code for ROS interfaces
[7.736s] [  2%] Generating C++ code for ROS interfaces
[7.753s] [  2%] Built target ament_cmake_python_copy_kachaka_interfaces
[7.970s] running egg_info
[7.970s] creating kachaka_interfaces.egg-info
[7.970s] writing kachaka_interfaces.egg-info/PKG-INFO
[7.971s] writing dependency_links to kachaka_interfaces.egg-info/dependency_links.txt
[7.971s] writing top-level names to kachaka_interfaces.egg-info/top_level.txt
[7.971s] writing manifest file 'kachaka_interfaces.egg-info/SOURCES.txt'
[7.979s] reading manifest file 'kachaka_interfaces.egg-info/SOURCES.txt'
[7.979s] writing manifest file 'kachaka_interfaces.egg-info/SOURCES.txt'
[8.006s] [  2%] Built target ament_cmake_python_build_kachaka_interfaces_egg
[8.502s] [  2%] Built target kachaka_interfaces__cpp
[8.523s] [  3%] Generating C++ type support for eProsima Fast-RTPS
[8.523s] [  4%] Generating C++ type support dispatch for ROS interfaces
[8.523s] [  5%] Generating C++ introspection for ROS interfaces
[8.543s] [  6%] Building C object CMakeFiles/kachaka_interfaces__rosidl_generator_c.dir/rosidl_generator_c/kachaka_interfaces/msg/detail/location_list__functions.c.o
[8.544s] [  7%] Building C object CMakeFiles/kachaka_interfaces__rosidl_generator_c.dir/rosidl_generator_c/kachaka_interfaces/msg/detail/kachaka_command__functions.c.o
[8.544s] [  8%] Building C object CMakeFiles/kachaka_interfaces__rosidl_generator_c.dir/rosidl_generator_c/kachaka_interfaces/action/detail/exec_kachaka_command__functions.c.o
[8.544s] [  9%] Building C object CMakeFiles/kachaka_interfaces__rosidl_generator_c.dir/rosidl_generator_c/kachaka_interfaces/msg/detail/object_detection__functions.c.o
[8.548s] [ 10%] Building C object CMakeFiles/kachaka_interfaces__rosidl_generator_c.dir/rosidl_generator_c/kachaka_interfaces/msg/detail/location__functions.c.o
[8.679s] [ 12%] Building C object CMakeFiles/kachaka_interfaces__rosidl_generator_c.dir/rosidl_generator_c/kachaka_interfaces/msg/detail/object_detection_list_stamped__functions.c.o
[8.680s] [ 12%] Building C object CMakeFiles/kachaka_interfaces__rosidl_generator_c.dir/rosidl_generator_c/kachaka_interfaces/msg/detail/shelf_list__functions.c.o
[8.684s] [ 13%] Building C object CMakeFiles/kachaka_interfaces__rosidl_generator_c.dir/rosidl_generator_c/kachaka_interfaces/msg/detail/shelf_size__functions.c.o
[8.687s] [ 14%] Building C object CMakeFiles/kachaka_interfaces__rosidl_generator_c.dir/rosidl_generator_c/kachaka_interfaces/msg/detail/shelf__functions.c.o
[8.763s] [ 15%] Linking C shared library libkachaka_interfaces__rosidl_generator_c.dylib
[8.839s] [ 15%] Built target kachaka_interfaces__rosidl_generator_c
[8.861s] [ 17%] Generating C type support for eProsima Fast-RTPS
[8.861s] [ 17%] Generating C introspection for ROS interfaces
[8.994s] [ 18%] Building CXX object CMakeFiles/kachaka_interfaces__rosidl_typesupport_cpp.dir/rosidl_typesupport_cpp/kachaka_interfaces/action/exec_kachaka_command__type_support.cpp.o
[9.003s] [ 20%] Building CXX object CMakeFiles/kachaka_interfaces__rosidl_typesupport_cpp.dir/rosidl_typesupport_cpp/kachaka_interfaces/msg/kachaka_command__type_support.cpp.o
[9.008s] [ 21%] Building CXX object CMakeFiles/kachaka_interfaces__rosidl_typesupport_cpp.dir/rosidl_typesupport_cpp/kachaka_interfaces/msg/location__type_support.cpp.o
[9.309s] [ 22%] Building CXX object CMakeFiles/kachaka_interfaces__rosidl_typesupport_introspection_cpp.dir/rosidl_typesupport_introspection_cpp/kachaka_interfaces/action/detail/exec_kachaka_command__type_support.cpp.o
[9.368s] [ 23%] Building CXX object CMakeFiles/kachaka_interfaces__rosidl_typesupport_introspection_cpp.dir/rosidl_typesupport_introspection_cpp/kachaka_interfaces/msg/detail/kachaka_command__type_support.cpp.o
[9.369s] [ 24%] Building CXX object CMakeFiles/kachaka_interfaces__rosidl_typesupport_cpp.dir/rosidl_typesupport_cpp/kachaka_interfaces/msg/location_list__type_support.cpp.o
[9.419s] [ 25%] Building CXX object CMakeFiles/kachaka_interfaces__rosidl_typesupport_fastrtps_cpp.dir/rosidl_typesupport_fastrtps_cpp/kachaka_interfaces/action/detail/dds_fastrtps/exec_kachaka_command__type_support.cpp.o
[9.466s] [ 26%] Building CXX object CMakeFiles/kachaka_interfaces__rosidl_typesupport_introspection_cpp.dir/rosidl_typesupport_introspection_cpp/kachaka_interfaces/msg/detail/location__type_support.cpp.o
[9.786s] [ 28%] Building CXX object CMakeFiles/kachaka_interfaces__rosidl_typesupport_cpp.dir/rosidl_typesupport_cpp/kachaka_interfaces/msg/object_detection__type_support.cpp.o
[9.786s] [ 28%] Building C object CMakeFiles/kachaka_interfaces__rosidl_typesupport_introspection_c.dir/rosidl_typesupport_introspection_c/kachaka_interfaces/action/detail/exec_kachaka_command__type_support.c.o
[9.813s] [ 29%] Building CXX object CMakeFiles/kachaka_interfaces__rosidl_typesupport_fastrtps_c.dir/rosidl_typesupport_fastrtps_c/kachaka_interfaces/action/detail/exec_kachaka_command__type_support_c.cpp.o
[9.822s] [ 30%] Building CXX object CMakeFiles/kachaka_interfaces__rosidl_typesupport_introspection_cpp.dir/rosidl_typesupport_introspection_cpp/kachaka_interfaces/msg/detail/location_list__type_support.cpp.o
[9.876s] [ 31%] Building CXX object CMakeFiles/kachaka_interfaces__rosidl_typesupport_introspection_cpp.dir/rosidl_typesupport_introspection_cpp/kachaka_interfaces/msg/detail/object_detection__type_support.cpp.o
[9.882s] [ 32%] Building C object CMakeFiles/kachaka_interfaces__rosidl_typesupport_introspection_c.dir/rosidl_typesupport_introspection_c/kachaka_interfaces/msg/detail/kachaka_command__type_support.c.o
[9.918s] [ 33%] Building CXX object CMakeFiles/kachaka_interfaces__rosidl_typesupport_fastrtps_cpp.dir/rosidl_typesupport_fastrtps_cpp/kachaka_interfaces/msg/detail/dds_fastrtps/kachaka_command__type_support.cpp.o
[9.950s] [ 34%] Building C object CMakeFiles/kachaka_interfaces__rosidl_typesupport_introspection_c.dir/rosidl_typesupport_introspection_c/kachaka_interfaces/msg/detail/location__type_support.c.o
[9.951s] [ 35%] Building CXX object CMakeFiles/kachaka_interfaces__rosidl_typesupport_fastrtps_cpp.dir/rosidl_typesupport_fastrtps_cpp/kachaka_interfaces/msg/detail/dds_fastrtps/location__type_support.cpp.o
[10.039s] [ 36%] Building C object CMakeFiles/kachaka_interfaces__rosidl_typesupport_introspection_c.dir/rosidl_typesupport_introspection_c/kachaka_interfaces/msg/detail/location_list__type_support.c.o
[10.144s] [ 37%] Building C object CMakeFiles/kachaka_interfaces__rosidl_typesupport_introspection_c.dir/rosidl_typesupport_introspection_c/kachaka_interfaces/msg/detail/object_detection__type_support.c.o
[10.147s] [ 38%] Building CXX object CMakeFiles/kachaka_interfaces__rosidl_typesupport_cpp.dir/rosidl_typesupport_cpp/kachaka_interfaces/msg/object_detection_list_stamped__type_support.cpp.o
[10.208s] [ 40%] Building C object CMakeFiles/kachaka_interfaces__rosidl_typesupport_introspection_c.dir/rosidl_typesupport_introspection_c/kachaka_interfaces/msg/detail/object_detection_list_stamped__type_support.c.o
[10.209s] [ 41%] Building CXX object CMakeFiles/kachaka_interfaces__rosidl_typesupport_introspection_cpp.dir/rosidl_typesupport_introspection_cpp/kachaka_interfaces/msg/detail/object_detection_list_stamped__type_support.cpp.o
[10.246s] [ 42%] Building CXX object CMakeFiles/kachaka_interfaces__rosidl_typesupport_fastrtps_c.dir/rosidl_typesupport_fastrtps_c/kachaka_interfaces/msg/detail/kachaka_command__type_support_c.cpp.o
[10.280s] [ 43%] Building C object CMakeFiles/kachaka_interfaces__rosidl_typesupport_introspection_c.dir/rosidl_typesupport_introspection_c/kachaka_interfaces/msg/detail/shelf__type_support.c.o
[10.285s] [ 44%] Building CXX object CMakeFiles/kachaka_interfaces__rosidl_typesupport_fastrtps_cpp.dir/rosidl_typesupport_fastrtps_cpp/kachaka_interfaces/msg/detail/dds_fastrtps/location_list__type_support.cpp.o
[10.336s] [ 45%] Building CXX object CMakeFiles/kachaka_interfaces__rosidl_typesupport_fastrtps_cpp.dir/rosidl_typesupport_fastrtps_cpp/kachaka_interfaces/msg/detail/dds_fastrtps/object_detection__type_support.cpp.o
[10.366s] [ 46%] Building CXX object CMakeFiles/kachaka_interfaces__rosidl_typesupport_fastrtps_cpp.dir/rosidl_typesupport_fastrtps_cpp/kachaka_interfaces/msg/detail/dds_fastrtps/object_detection_list_stamped__type_support.cpp.o
[10.374s] [ 47%] Building C object CMakeFiles/kachaka_interfaces__rosidl_typesupport_introspection_c.dir/rosidl_typesupport_introspection_c/kachaka_interfaces/msg/detail/shelf_list__type_support.c.o
[10.446s] [ 48%] Building C object CMakeFiles/kachaka_interfaces__rosidl_typesupport_introspection_c.dir/rosidl_typesupport_introspection_c/kachaka_interfaces/msg/detail/shelf_size__type_support.c.o
[10.489s] [ 49%] Building CXX object CMakeFiles/kachaka_interfaces__rosidl_typesupport_cpp.dir/rosidl_typesupport_cpp/kachaka_interfaces/msg/shelf__type_support.cpp.o
[10.519s] [ 50%] Linking C shared library libkachaka_interfaces__rosidl_typesupport_introspection_c.dylib
[10.602s] [ 51%] Building CXX object CMakeFiles/kachaka_interfaces__rosidl_typesupport_introspection_cpp.dir/rosidl_typesupport_introspection_cpp/kachaka_interfaces/msg/detail/shelf__type_support.cpp.o
[10.650s] [ 51%] Built target kachaka_interfaces__rosidl_typesupport_introspection_c
[10.676s] [ 52%] Building CXX object CMakeFiles/kachaka_interfaces__rosidl_typesupport_fastrtps_c.dir/rosidl_typesupport_fastrtps_c/kachaka_interfaces/msg/detail/location__type_support_c.cpp.o
[10.685s] [ 53%] Building CXX object CMakeFiles/kachaka_interfaces__rosidl_typesupport_fastrtps_cpp.dir/rosidl_typesupport_fastrtps_cpp/kachaka_interfaces/msg/detail/dds_fastrtps/shelf__type_support.cpp.o
[10.687s] [ 54%] Generating C type support dispatch for ROS interfaces
[10.720s] [ 55%] Building CXX object CMakeFiles/kachaka_interfaces__rosidl_typesupport_fastrtps_cpp.dir/rosidl_typesupport_fastrtps_cpp/kachaka_interfaces/msg/detail/dds_fastrtps/shelf_list__type_support.cpp.o
[10.774s] [ 56%] Building CXX object CMakeFiles/kachaka_interfaces__rosidl_typesupport_fastrtps_cpp.dir/rosidl_typesupport_fastrtps_cpp/kachaka_interfaces/msg/detail/dds_fastrtps/shelf_size__type_support.cpp.o
[10.790s] [ 57%] Building CXX object CMakeFiles/kachaka_interfaces__rosidl_typesupport_cpp.dir/rosidl_typesupport_cpp/kachaka_interfaces/msg/shelf_list__type_support.cpp.o
[10.852s] [ 58%] Building CXX object CMakeFiles/kachaka_interfaces__rosidl_typesupport_cpp.dir/rosidl_typesupport_cpp/kachaka_interfaces/msg/shelf_size__type_support.cpp.o
[11.117s] [ 60%] Building CXX object CMakeFiles/kachaka_interfaces__rosidl_typesupport_introspection_cpp.dir/rosidl_typesupport_introspection_cpp/kachaka_interfaces/msg/detail/shelf_list__type_support.cpp.o
[11.229s] [ 61%] Linking CXX shared library libkachaka_interfaces__rosidl_typesupport_cpp.dylib
[11.230s] [ 62%] Building CXX object CMakeFiles/kachaka_interfaces__rosidl_typesupport_fastrtps_c.dir/rosidl_typesupport_fastrtps_c/kachaka_interfaces/msg/detail/location_list__type_support_c.cpp.o
[11.240s] [ 63%] Building CXX object CMakeFiles/kachaka_interfaces__rosidl_typesupport_fastrtps_c.dir/rosidl_typesupport_fastrtps_c/kachaka_interfaces/msg/detail/object_detection__type_support_c.cpp.o
[11.262s] [ 64%] Building CXX object CMakeFiles/kachaka_interfaces__rosidl_typesupport_introspection_cpp.dir/rosidl_typesupport_introspection_cpp/kachaka_interfaces/msg/detail/shelf_size__type_support.cpp.o
[11.278s] [ 65%] Building CXX object CMakeFiles/kachaka_interfaces__rosidl_typesupport_fastrtps_c.dir/rosidl_typesupport_fastrtps_c/kachaka_interfaces/msg/detail/object_detection_list_stamped__type_support_c.cpp.o
[11.311s] [ 66%] Linking CXX shared library libkachaka_interfaces__rosidl_typesupport_fastrtps_cpp.dylib
[11.324s] [ 66%] Built target kachaka_interfaces__rosidl_typesupport_cpp
[11.344s] [ 67%] Building CXX object CMakeFiles/kachaka_interfaces__rosidl_typesupport_fastrtps_c.dir/rosidl_typesupport_fastrtps_c/kachaka_interfaces/msg/detail/shelf__type_support_c.cpp.o
[11.423s] [ 68%] Building CXX object CMakeFiles/kachaka_interfaces__rosidl_typesupport_c.dir/rosidl_typesupport_c/kachaka_interfaces/action/exec_kachaka_command__type_support.cpp.o
[11.457s] [ 68%] Built target kachaka_interfaces__rosidl_typesupport_fastrtps_cpp
[11.488s] [ 69%] Building CXX object CMakeFiles/kachaka_interfaces__rosidl_typesupport_fastrtps_c.dir/rosidl_typesupport_fastrtps_c/kachaka_interfaces/msg/detail/shelf_list__type_support_c.cpp.o
[11.513s] [ 70%] Building CXX object CMakeFiles/kachaka_interfaces__rosidl_typesupport_c.dir/rosidl_typesupport_c/kachaka_interfaces/msg/kachaka_command__type_support.cpp.o
[11.524s] [ 71%] Building CXX object CMakeFiles/kachaka_interfaces__rosidl_typesupport_c.dir/rosidl_typesupport_c/kachaka_interfaces/msg/location__type_support.cpp.o
[11.607s] [ 72%] Building CXX object CMakeFiles/kachaka_interfaces__rosidl_typesupport_c.dir/rosidl_typesupport_c/kachaka_interfaces/msg/location_list__type_support.cpp.o
[11.610s] [ 73%] Building CXX object CMakeFiles/kachaka_interfaces__rosidl_typesupport_c.dir/rosidl_typesupport_c/kachaka_interfaces/msg/object_detection__type_support.cpp.o
[11.613s] [ 74%] Linking CXX shared library libkachaka_interfaces__rosidl_typesupport_introspection_cpp.dylib
[11.613s] [ 75%] Building CXX object CMakeFiles/kachaka_interfaces__rosidl_typesupport_fastrtps_c.dir/rosidl_typesupport_fastrtps_c/kachaka_interfaces/msg/detail/shelf_size__type_support_c.cpp.o
[11.632s] [ 76%] Building CXX object CMakeFiles/kachaka_interfaces__rosidl_typesupport_c.dir/rosidl_typesupport_c/kachaka_interfaces/msg/object_detection_list_stamped__type_support.cpp.o
[11.687s] [ 77%] Building CXX object CMakeFiles/kachaka_interfaces__rosidl_typesupport_c.dir/rosidl_typesupport_c/kachaka_interfaces/msg/shelf__type_support.cpp.o
[11.692s] [ 78%] Building CXX object CMakeFiles/kachaka_interfaces__rosidl_typesupport_c.dir/rosidl_typesupport_c/kachaka_interfaces/msg/shelf_list__type_support.cpp.o
[11.696s] [ 80%] Building CXX object CMakeFiles/kachaka_interfaces__rosidl_typesupport_c.dir/rosidl_typesupport_c/kachaka_interfaces/msg/shelf_size__type_support.cpp.o
[11.712s] [ 80%] Built target kachaka_interfaces__rosidl_typesupport_introspection_cpp
[11.743s] [ 81%] Linking CXX shared library libkachaka_interfaces__rosidl_typesupport_c.dylib
[11.807s] [ 81%] Built target kachaka_interfaces__rosidl_typesupport_c
[11.956s] [ 82%] Linking CXX shared library libkachaka_interfaces__rosidl_typesupport_fastrtps_c.dylib
[12.015s] [ 82%] Built target kachaka_interfaces__rosidl_typesupport_fastrtps_c
[12.048s] [ 82%] Built target kachaka_interfaces
[12.082s] [ 83%] Generating Python code for ROS interfaces
[13.171s] [ 83%] Built target kachaka_interfaces__py
[13.205s] [ 85%] Building C object CMakeFiles/kachaka_interfaces__rosidl_generator_py.dir/rosidl_generator_py/kachaka_interfaces/msg/_kachaka_command_s.c.o
[13.205s] [ 85%] Building C object CMakeFiles/kachaka_interfaces__rosidl_generator_py.dir/rosidl_generator_py/kachaka_interfaces/action/_exec_kachaka_command_s.c.o
[13.303s] [ 86%] Building C object CMakeFiles/kachaka_interfaces__rosidl_generator_py.dir/rosidl_generator_py/kachaka_interfaces/msg/_shelf_list_s.c.o
[13.305s] [ 87%] Building C object CMakeFiles/kachaka_interfaces__rosidl_generator_py.dir/rosidl_generator_py/kachaka_interfaces/msg/_shelf_size_s.c.o
[13.367s] [ 89%] Building C object CMakeFiles/kachaka_interfaces__rosidl_generator_py.dir/rosidl_generator_py/kachaka_interfaces/msg/_object_detection_list_stamped_s.c.o
[13.367s] [ 89%] Building C object CMakeFiles/kachaka_interfaces__rosidl_generator_py.dir/rosidl_generator_py/kachaka_interfaces/msg/_shelf_s.c.o
[13.434s] [ 90%] Building C object CMakeFiles/kachaka_interfaces__rosidl_generator_py.dir/rosidl_generator_py/kachaka_interfaces/msg/_object_detection_s.c.o
[13.497s] [ 91%] Building C object CMakeFiles/kachaka_interfaces__rosidl_generator_py.dir/rosidl_generator_py/kachaka_interfaces/msg/_location_list_s.c.o
[13.559s] [ 92%] Building C object CMakeFiles/kachaka_interfaces__rosidl_generator_py.dir/rosidl_generator_py/kachaka_interfaces/msg/_location_s.c.o
[13.621s] [ 93%] Linking C shared library rosidl_generator_py/kachaka_interfaces/libkachaka_interfaces__rosidl_generator_py.dylib
[13.683s] [ 93%] Built target kachaka_interfaces__rosidl_generator_py
[13.719s] [ 95%] Building C object CMakeFiles/kachaka_interfaces__rosidl_typesupport_introspection_c__pyext.dir/rosidl_generator_py/kachaka_interfaces/_kachaka_interfaces_s.ep.rosidl_typesupport_introspection_c.c.o
[13.719s] [ 95%] Building C object CMakeFiles/kachaka_interfaces__rosidl_typesupport_fastrtps_c__pyext.dir/rosidl_generator_py/kachaka_interfaces/_kachaka_interfaces_s.ep.rosidl_typesupport_fastrtps_c.c.o
[13.799s] [ 96%] Linking C shared library rosidl_generator_py/kachaka_interfaces/kachaka_interfaces_s__rosidl_typesupport_introspection_c.cpython-311-darwin.so
[13.799s] [ 97%] Linking C shared library rosidl_generator_py/kachaka_interfaces/kachaka_interfaces_s__rosidl_typesupport_fastrtps_c.cpython-311-darwin.so
[13.868s] [ 97%] Built target kachaka_interfaces__rosidl_typesupport_fastrtps_c__pyext
[13.868s] [ 97%] Built target kachaka_interfaces__rosidl_typesupport_introspection_c__pyext
[13.902s] [ 98%] Building C object CMakeFiles/kachaka_interfaces__rosidl_typesupport_c__pyext.dir/rosidl_generator_py/kachaka_interfaces/_kachaka_interfaces_s.ep.rosidl_typesupport_c.c.o
[13.972s] [100%] Linking C shared library rosidl_generator_py/kachaka_interfaces/kachaka_interfaces_s__rosidl_typesupport_c.cpython-311-darwin.so
[14.036s] [100%] Built target kachaka_interfaces__rosidl_typesupport_c__pyext
[14.051s] Invoked command in '/Users/roboworks/kachaka_ros2_dev/pixi/build/kachaka_interfaces' returned '0': CMAKE_PREFIX_PATH=/Users/roboworks/kachaka_ros2_dev/pixi/.pixi/envs/default PIXI_PROMPT=(pixi) SHLVL=3 _=/usr/bin/env /Users/roboworks/kachaka_ros2_dev/pixi/.pixi/envs/default/bin/cmake --build /Users/roboworks/kachaka_ros2_dev/pixi/build/kachaka_interfaces -- -j8 -l8
[14.054s] Invoking command in '/Users/roboworks/kachaka_ros2_dev/pixi/build/kachaka_interfaces': CMAKE_PREFIX_PATH=/Users/roboworks/kachaka_ros2_dev/pixi/.pixi/envs/default PIXI_PROMPT=(pixi) SHLVL=3 _=/usr/bin/env /Users/roboworks/kachaka_ros2_dev/pixi/.pixi/envs/default/bin/cmake --install /Users/roboworks/kachaka_ros2_dev/pixi/build/kachaka_interfaces
[14.066s] -- Install configuration: ""
[14.066s] -- Installing: /Users/roboworks/kachaka_ros2_dev/pixi/install/kachaka_interfaces/share/ament_index/resource_index/rosidl_interfaces/kachaka_interfaces
[14.066s] -- Installing: /Users/roboworks/kachaka_ros2_dev/pixi/install/kachaka_interfaces/include/kachaka_interfaces/kachaka_interfaces
[14.067s] -- Installing: /Users/roboworks/kachaka_ros2_dev/pixi/install/kachaka_interfaces/include/kachaka_interfaces/kachaka_interfaces/msg
[14.067s] -- Installing: /Users/roboworks/kachaka_ros2_dev/pixi/install/kachaka_interfaces/include/kachaka_interfaces/kachaka_interfaces/msg/rosidl_generator_c__visibility_control.h
[14.067s] -- Installing: /Users/roboworks/kachaka_ros2_dev/pixi/install/kachaka_interfaces/include/kachaka_interfaces/kachaka_interfaces/msg/location_list.h
[14.067s] -- Installing: /Users/roboworks/kachaka_ros2_dev/pixi/install/kachaka_interfaces/include/kachaka_interfaces/kachaka_interfaces/msg/shelf.h
[14.067s] -- Installing: /Users/roboworks/kachaka_ros2_dev/pixi/install/kachaka_interfaces/include/kachaka_interfaces/kachaka_interfaces/msg/shelf_size.h
[14.067s] -- Installing: /Users/roboworks/kachaka_ros2_dev/pixi/install/kachaka_interfaces/include/kachaka_interfaces/kachaka_interfaces/msg/object_detection_list_stamped.h
[14.068s] -- Installing: /Users/roboworks/kachaka_ros2_dev/pixi/install/kachaka_interfaces/include/kachaka_interfaces/kachaka_interfaces/msg/object_detection.h
[14.068s] -- Installing: /Users/roboworks/kachaka_ros2_dev/pixi/install/kachaka_interfaces/include/kachaka_interfaces/kachaka_interfaces/msg/detail
[14.068s] -- Installing: /Users/roboworks/kachaka_ros2_dev/pixi/install/kachaka_interfaces/include/kachaka_interfaces/kachaka_interfaces/msg/detail/location_list__functions.h
[14.068s] -- Installing: /Users/roboworks/kachaka_ros2_dev/pixi/install/kachaka_interfaces/include/kachaka_interfaces/kachaka_interfaces/msg/detail/location__functions.h
[14.068s] -- Installing: /Users/roboworks/kachaka_ros2_dev/pixi/install/kachaka_interfaces/include/kachaka_interfaces/kachaka_interfaces/msg/detail/kachaka_command__type_support.h
[14.068s] -- Installing: /Users/roboworks/kachaka_ros2_dev/pixi/install/kachaka_interfaces/include/kachaka_interfaces/kachaka_interfaces/msg/detail/shelf_list__functions.h
[14.069s] -- Installing: /Users/roboworks/kachaka_ros2_dev/pixi/install/kachaka_interfaces/include/kachaka_interfaces/kachaka_interfaces/msg/detail/shelf_size__functions.h
[14.069s] -- Installing: /Users/roboworks/kachaka_ros2_dev/pixi/install/kachaka_interfaces/include/kachaka_interfaces/kachaka_interfaces/msg/detail/object_detection_list_stamped__type_support.h
[14.069s] -- Installing: /Users/roboworks/kachaka_ros2_dev/pixi/install/kachaka_interfaces/include/kachaka_interfaces/kachaka_interfaces/msg/detail/location_list__type_support.h
[14.069s] -- Installing: /Users/roboworks/kachaka_ros2_dev/pixi/install/kachaka_interfaces/include/kachaka_interfaces/kachaka_interfaces/msg/detail/shelf__type_support.h
[14.069s] -- Installing: /Users/roboworks/kachaka_ros2_dev/pixi/install/kachaka_interfaces/include/kachaka_interfaces/kachaka_interfaces/msg/detail/shelf_list__type_support.h
[14.069s] -- Installing: /Users/roboworks/kachaka_ros2_dev/pixi/install/kachaka_interfaces/include/kachaka_interfaces/kachaka_interfaces/msg/detail/object_detection__functions.h
[14.070s] -- Installing: /Users/roboworks/kachaka_ros2_dev/pixi/install/kachaka_interfaces/include/kachaka_interfaces/kachaka_interfaces/msg/detail/object_detection_list_stamped__functions.c
[14.070s] -- Installing: /Users/roboworks/kachaka_ros2_dev/pixi/install/kachaka_interfaces/include/kachaka_interfaces/kachaka_interfaces/msg/detail/object_detection_list_stamped__struct.h
[14.070s] -- Installing: /Users/roboworks/kachaka_ros2_dev/pixi/install/kachaka_interfaces/include/kachaka_interfaces/kachaka_interfaces/msg/detail/shelf_size__type_support.h
[14.070s] -- Installing: /Users/roboworks/kachaka_ros2_dev/pixi/install/kachaka_interfaces/include/kachaka_interfaces/kachaka_interfaces/msg/detail/location_list__struct.h
[14.070s] -- Installing: /Users/roboworks/kachaka_ros2_dev/pixi/install/kachaka_interfaces/include/kachaka_interfaces/kachaka_interfaces/msg/detail/kachaka_command__functions.h
[14.070s] -- Installing: /Users/roboworks/kachaka_ros2_dev/pixi/install/kachaka_interfaces/include/kachaka_interfaces/kachaka_interfaces/msg/detail/shelf__functions.h
[14.071s] -- Installing: /Users/roboworks/kachaka_ros2_dev/pixi/install/kachaka_interfaces/include/kachaka_interfaces/kachaka_interfaces/msg/detail/location__struct.h
[14.071s] -- Installing: /Users/roboworks/kachaka_ros2_dev/pixi/install/kachaka_interfaces/include/kachaka_interfaces/kachaka_interfaces/msg/detail/shelf_size__struct.h
[14.071s] -- Installing: /Users/roboworks/kachaka_ros2_dev/pixi/install/kachaka_interfaces/include/kachaka_interfaces/kachaka_interfaces/msg/detail/location__functions.c
[14.071s] -- Installing: /Users/roboworks/kachaka_ros2_dev/pixi/install/kachaka_interfaces/include/kachaka_interfaces/kachaka_interfaces/msg/detail/location__type_support.h
[14.071s] -- Installing: /Users/roboworks/kachaka_ros2_dev/pixi/install/kachaka_interfaces/include/kachaka_interfaces/kachaka_interfaces/msg/detail/location_list__functions.c
[14.072s] -- Installing: /Users/roboworks/kachaka_ros2_dev/pixi/install/kachaka_interfaces/include/kachaka_interfaces/kachaka_interfaces/msg/detail/kachaka_command__struct.h
[14.072s] -- Installing: /Users/roboworks/kachaka_ros2_dev/pixi/install/kachaka_interfaces/include/kachaka_interfaces/kachaka_interfaces/msg/detail/object_detection__type_support.h
[14.072s] -- Installing: /Users/roboworks/kachaka_ros2_dev/pixi/install/kachaka_interfaces/include/kachaka_interfaces/kachaka_interfaces/msg/detail/shelf_list__struct.h
[14.072s] -- Installing: /Users/roboworks/kachaka_ros2_dev/pixi/install/kachaka_interfaces/include/kachaka_interfaces/kachaka_interfaces/msg/detail/shelf_size__functions.c
[14.073s] -- Installing: /Users/roboworks/kachaka_ros2_dev/pixi/install/kachaka_interfaces/include/kachaka_interfaces/kachaka_interfaces/msg/detail/shelf_list__functions.c
[14.073s] -- Installing: /Users/roboworks/kachaka_ros2_dev/pixi/install/kachaka_interfaces/include/kachaka_interfaces/kachaka_interfaces/msg/detail/object_detection__struct.h
[14.073s] -- Installing: /Users/roboworks/kachaka_ros2_dev/pixi/install/kachaka_interfaces/include/kachaka_interfaces/kachaka_interfaces/msg/detail/shelf__struct.h
[14.073s] -- Installing: /Users/roboworks/kachaka_ros2_dev/pixi/install/kachaka_interfaces/include/kachaka_interfaces/kachaka_interfaces/msg/detail/object_detection__functions.c
[14.074s] -- Installing: /Users/roboworks/kachaka_ros2_dev/pixi/install/kachaka_interfaces/include/kachaka_interfaces/kachaka_interfaces/msg/detail/object_detection_list_stamped__functions.h
[14.074s] -- Installing: /Users/roboworks/kachaka_ros2_dev/pixi/install/kachaka_interfaces/include/kachaka_interfaces/kachaka_interfaces/msg/detail/shelf__functions.c
[14.074s] -- Installing: /Users/roboworks/kachaka_ros2_dev/pixi/install/kachaka_interfaces/include/kachaka_interfaces/kachaka_interfaces/msg/detail/kachaka_command__functions.c
[14.074s] -- Installing: /Users/roboworks/kachaka_ros2_dev/pixi/install/kachaka_interfaces/include/kachaka_interfaces/kachaka_interfaces/msg/shelf_list.h
[14.074s] -- Installing: /Users/roboworks/kachaka_ros2_dev/pixi/install/kachaka_interfaces/include/kachaka_interfaces/kachaka_interfaces/msg/location.h
[14.075s] -- Installing: /Users/roboworks/kachaka_ros2_dev/pixi/install/kachaka_interfaces/include/kachaka_interfaces/kachaka_interfaces/msg/kachaka_command.h
[14.075s] -- Installing: /Users/roboworks/kachaka_ros2_dev/pixi/install/kachaka_interfaces/include/kachaka_interfaces/kachaka_interfaces/action
[14.075s] -- Installing: /Users/roboworks/kachaka_ros2_dev/pixi/install/kachaka_interfaces/include/kachaka_interfaces/kachaka_interfaces/action/exec_kachaka_command.h
[14.075s] -- Installing: /Users/roboworks/kachaka_ros2_dev/pixi/install/kachaka_interfaces/include/kachaka_interfaces/kachaka_interfaces/action/detail
[14.075s] -- Installing: /Users/roboworks/kachaka_ros2_dev/pixi/install/kachaka_interfaces/include/kachaka_interfaces/kachaka_interfaces/action/detail/exec_kachaka_command__functions.c
[14.076s] -- Installing: /Users/roboworks/kachaka_ros2_dev/pixi/install/kachaka_interfaces/include/kachaka_interfaces/kachaka_interfaces/action/detail/exec_kachaka_command__type_support.h
[14.076s] -- Installing: /Users/roboworks/kachaka_ros2_dev/pixi/install/kachaka_interfaces/include/kachaka_interfaces/kachaka_interfaces/action/detail/exec_kachaka_command__struct.h
[14.076s] -- Installing: /Users/roboworks/kachaka_ros2_dev/pixi/install/kachaka_interfaces/include/kachaka_interfaces/kachaka_interfaces/action/detail/exec_kachaka_command__functions.h
[14.076s] -- Installing: /Users/roboworks/kachaka_ros2_dev/pixi/install/kachaka_interfaces/lib/libkachaka_interfaces__rosidl_generator_c.dylib
[14.086s] -- Up-to-date: /Users/roboworks/kachaka_ros2_dev/pixi/install/kachaka_interfaces/include/kachaka_interfaces/kachaka_interfaces
[14.086s] -- Up-to-date: /Users/roboworks/kachaka_ros2_dev/pixi/install/kachaka_interfaces/include/kachaka_interfaces/kachaka_interfaces/msg
[14.086s] -- Up-to-date: /Users/roboworks/kachaka_ros2_dev/pixi/install/kachaka_interfaces/include/kachaka_interfaces/kachaka_interfaces/msg/detail
[14.086s] -- Installing: /Users/roboworks/kachaka_ros2_dev/pixi/install/kachaka_interfaces/include/kachaka_interfaces/kachaka_interfaces/msg/detail/object_detection_list_stamped__rosidl_typesupport_fastrtps_c.h
[14.086s] -- Installing: /Users/roboworks/kachaka_ros2_dev/pixi/install/kachaka_interfaces/include/kachaka_interfaces/kachaka_interfaces/msg/detail/location__rosidl_typesupport_fastrtps_c.h
[14.086s] -- Installing: /Users/roboworks/kachaka_ros2_dev/pixi/install/kachaka_interfaces/include/kachaka_interfaces/kachaka_interfaces/msg/detail/kachaka_command__rosidl_typesupport_fastrtps_c.h
[14.086s] -- Installing: /Users/roboworks/kachaka_ros2_dev/pixi/install/kachaka_interfaces/include/kachaka_interfaces/kachaka_interfaces/msg/detail/shelf_list__rosidl_typesupport_fastrtps_c.h
[14.087s] -- Installing: /Users/roboworks/kachaka_ros2_dev/pixi/install/kachaka_interfaces/include/kachaka_interfaces/kachaka_interfaces/msg/detail/shelf__rosidl_typesupport_fastrtps_c.h
[14.087s] -- Installing: /Users/roboworks/kachaka_ros2_dev/pixi/install/kachaka_interfaces/include/kachaka_interfaces/kachaka_interfaces/msg/detail/location_list__rosidl_typesupport_fastrtps_c.h
[14.087s] -- Installing: /Users/roboworks/kachaka_ros2_dev/pixi/install/kachaka_interfaces/include/kachaka_interfaces/kachaka_interfaces/msg/detail/object_detection__rosidl_typesupport_fastrtps_c.h
[14.087s] -- Installing: /Users/roboworks/kachaka_ros2_dev/pixi/install/kachaka_interfaces/include/kachaka_interfaces/kachaka_interfaces/msg/detail/shelf_size__rosidl_typesupport_fastrtps_c.h
[14.087s] -- Installing: /Users/roboworks/kachaka_ros2_dev/pixi/install/kachaka_interfaces/include/kachaka_interfaces/kachaka_interfaces/msg/rosidl_typesupport_fastrtps_c__visibility_control.h
[14.088s] -- Up-to-date: /Users/roboworks/kachaka_ros2_dev/pixi/install/kachaka_interfaces/include/kachaka_interfaces/kachaka_interfaces/action
[14.088s] -- Up-to-date: /Users/roboworks/kachaka_ros2_dev/pixi/install/kachaka_interfaces/include/kachaka_interfaces/kachaka_interfaces/action/detail
[14.088s] -- Installing: /Users/roboworks/kachaka_ros2_dev/pixi/install/kachaka_interfaces/include/kachaka_interfaces/kachaka_interfaces/action/detail/exec_kachaka_command__rosidl_typesupport_fastrtps_c.h
[14.088s] -- Installing: /Users/roboworks/kachaka_ros2_dev/pixi/install/kachaka_interfaces/lib/libkachaka_interfaces__rosidl_typesupport_fastrtps_c.dylib
[14.096s] -- Up-to-date: /Users/roboworks/kachaka_ros2_dev/pixi/install/kachaka_interfaces/include/kachaka_interfaces/kachaka_interfaces
[14.096s] -- Up-to-date: /Users/roboworks/kachaka_ros2_dev/pixi/install/kachaka_interfaces/include/kachaka_interfaces/kachaka_interfaces/msg
[14.096s] -- Installing: /Users/roboworks/kachaka_ros2_dev/pixi/install/kachaka_interfaces/include/kachaka_interfaces/kachaka_interfaces/msg/shelf_list.hpp
[14.096s] -- Installing: /Users/roboworks/kachaka_ros2_dev/pixi/install/kachaka_interfaces/include/kachaka_interfaces/kachaka_interfaces/msg/shelf_size.hpp
[14.096s] -- Installing: /Users/roboworks/kachaka_ros2_dev/pixi/install/kachaka_interfaces/include/kachaka_interfaces/kachaka_interfaces/msg/kachaka_command.hpp
[14.097s] -- Installing: /Users/roboworks/kachaka_ros2_dev/pixi/install/kachaka_interfaces/include/kachaka_interfaces/kachaka_interfaces/msg/object_detection.hpp
[14.097s] -- Up-to-date: /Users/roboworks/kachaka_ros2_dev/pixi/install/kachaka_interfaces/include/kachaka_interfaces/kachaka_interfaces/msg/detail
[14.097s] -- Installing: /Users/roboworks/kachaka_ros2_dev/pixi/install/kachaka_interfaces/include/kachaka_interfaces/kachaka_interfaces/msg/detail/object_detection_list_stamped__type_support.hpp
[14.097s] -- Installing: /Users/roboworks/kachaka_ros2_dev/pixi/install/kachaka_interfaces/include/kachaka_interfaces/kachaka_interfaces/msg/detail/object_detection_list_stamped__struct.hpp
[14.097s] -- Installing: /Users/roboworks/kachaka_ros2_dev/pixi/install/kachaka_interfaces/include/kachaka_interfaces/kachaka_interfaces/msg/detail/shelf_list__traits.hpp
[14.097s] -- Installing: /Users/roboworks/kachaka_ros2_dev/pixi/install/kachaka_interfaces/include/kachaka_interfaces/kachaka_interfaces/msg/detail/object_detection_list_stamped__builder.hpp
[14.098s] -- Installing: /Users/roboworks/kachaka_ros2_dev/pixi/install/kachaka_interfaces/include/kachaka_interfaces/kachaka_interfaces/msg/detail/kachaka_command__type_support.hpp
[14.098s] -- Installing: /Users/roboworks/kachaka_ros2_dev/pixi/install/kachaka_interfaces/include/kachaka_interfaces/kachaka_interfaces/msg/detail/object_detection__traits.hpp
[14.098s] -- Installing: /Users/roboworks/kachaka_ros2_dev/pixi/install/kachaka_interfaces/include/kachaka_interfaces/kachaka_interfaces/msg/detail/kachaka_command__traits.hpp
[14.098s] -- Installing: /Users/roboworks/kachaka_ros2_dev/pixi/install/kachaka_interfaces/include/kachaka_interfaces/kachaka_interfaces/msg/detail/shelf__traits.hpp
[14.098s] -- Installing: /Users/roboworks/kachaka_ros2_dev/pixi/install/kachaka_interfaces/include/kachaka_interfaces/kachaka_interfaces/msg/detail/location__type_support.hpp
[14.098s] -- Installing: /Users/roboworks/kachaka_ros2_dev/pixi/install/kachaka_interfaces/include/kachaka_interfaces/kachaka_interfaces/msg/detail/location_list__traits.hpp
[14.099s] -- Installing: /Users/roboworks/kachaka_ros2_dev/pixi/install/kachaka_interfaces/include/kachaka_interfaces/kachaka_interfaces/msg/detail/shelf_size__struct.hpp
[14.099s] -- Installing: /Users/roboworks/kachaka_ros2_dev/pixi/install/kachaka_interfaces/include/kachaka_interfaces/kachaka_interfaces/msg/detail/object_detection__type_support.hpp
[14.099s] -- Installing: /Users/roboworks/kachaka_ros2_dev/pixi/install/kachaka_interfaces/include/kachaka_interfaces/kachaka_interfaces/msg/detail/location__traits.hpp
[14.099s] -- Installing: /Users/roboworks/kachaka_ros2_dev/pixi/install/kachaka_interfaces/include/kachaka_interfaces/kachaka_interfaces/msg/detail/shelf__type_support.hpp
[14.099s] -- Installing: /Users/roboworks/kachaka_ros2_dev/pixi/install/kachaka_interfaces/include/kachaka_interfaces/kachaka_interfaces/msg/detail/object_detection_list_stamped__traits.hpp
[14.099s] -- Installing: /Users/roboworks/kachaka_ros2_dev/pixi/install/kachaka_interfaces/include/kachaka_interfaces/kachaka_interfaces/msg/detail/kachaka_command__builder.hpp
[14.100s] -- Installing: /Users/roboworks/kachaka_ros2_dev/pixi/install/kachaka_interfaces/include/kachaka_interfaces/kachaka_interfaces/msg/detail/shelf__builder.hpp
[14.100s] -- Installing: /Users/roboworks/kachaka_ros2_dev/pixi/install/kachaka_interfaces/include/kachaka_interfaces/kachaka_interfaces/msg/detail/shelf_size__type_support.hpp
[14.100s] -- Installing: /Users/roboworks/kachaka_ros2_dev/pixi/install/kachaka_interfaces/include/kachaka_interfaces/kachaka_interfaces/msg/detail/object_detection__builder.hpp
[14.100s] -- Installing: /Users/roboworks/kachaka_ros2_dev/pixi/install/kachaka_interfaces/include/kachaka_interfaces/kachaka_interfaces/msg/detail/object_detection__struct.hpp
[14.100s] -- Installing: /Users/roboworks/kachaka_ros2_dev/pixi/install/kachaka_interfaces/include/kachaka_interfaces/kachaka_interfaces/msg/detail/kachaka_command__struct.hpp
[14.101s] -- Installing: /Users/roboworks/kachaka_ros2_dev/pixi/install/kachaka_interfaces/include/kachaka_interfaces/kachaka_interfaces/msg/detail/shelf_list__struct.hpp
[14.101s] -- Installing: /Users/roboworks/kachaka_ros2_dev/pixi/install/kachaka_interfaces/include/kachaka_interfaces/kachaka_interfaces/msg/detail/location__struct.hpp
[14.101s] -- Installing: /Users/roboworks/kachaka_ros2_dev/pixi/install/kachaka_interfaces/include/kachaka_interfaces/kachaka_interfaces/msg/detail/shelf_size__traits.hpp
[14.101s] -- Installing: /Users/roboworks/kachaka_ros2_dev/pixi/install/kachaka_interfaces/include/kachaka_interfaces/kachaka_interfaces/msg/detail/shelf_size__builder.hpp
[14.101s] -- Installing: /Users/roboworks/kachaka_ros2_dev/pixi/install/kachaka_interfaces/include/kachaka_interfaces/kachaka_interfaces/msg/detail/location_list__struct.hpp
[14.101s] -- Installing: /Users/roboworks/kachaka_ros2_dev/pixi/install/kachaka_interfaces/include/kachaka_interfaces/kachaka_interfaces/msg/detail/shelf_list__builder.hpp
[14.102s] -- Installing: /Users/roboworks/kachaka_ros2_dev/pixi/install/kachaka_interfaces/include/kachaka_interfaces/kachaka_interfaces/msg/detail/shelf__struct.hpp
[14.102s] -- Installing: /Users/roboworks/kachaka_ros2_dev/pixi/install/kachaka_interfaces/include/kachaka_interfaces/kachaka_interfaces/msg/detail/location_list__type_support.hpp
[14.102s] -- Installing: /Users/roboworks/kachaka_ros2_dev/pixi/install/kachaka_interfaces/include/kachaka_interfaces/kachaka_interfaces/msg/detail/shelf_list__type_support.hpp
[14.102s] -- Installing: /Users/roboworks/kachaka_ros2_dev/pixi/install/kachaka_interfaces/include/kachaka_interfaces/kachaka_interfaces/msg/detail/location__builder.hpp
[14.102s] -- Installing: /Users/roboworks/kachaka_ros2_dev/pixi/install/kachaka_interfaces/include/kachaka_interfaces/kachaka_interfaces/msg/detail/location_list__builder.hpp
[14.102s] -- Installing: /Users/roboworks/kachaka_ros2_dev/pixi/install/kachaka_interfaces/include/kachaka_interfaces/kachaka_interfaces/msg/rosidl_generator_cpp__visibility_control.hpp
[14.103s] -- Installing: /Users/roboworks/kachaka_ros2_dev/pixi/install/kachaka_interfaces/include/kachaka_interfaces/kachaka_interfaces/msg/location.hpp
[14.103s] -- Installing: /Users/roboworks/kachaka_ros2_dev/pixi/install/kachaka_interfaces/include/kachaka_interfaces/kachaka_interfaces/msg/object_detection_list_stamped.hpp
[14.103s] -- Installing: /Users/roboworks/kachaka_ros2_dev/pixi/install/kachaka_interfaces/include/kachaka_interfaces/kachaka_interfaces/msg/location_list.hpp
[14.103s] -- Installing: /Users/roboworks/kachaka_ros2_dev/pixi/install/kachaka_interfaces/include/kachaka_interfaces/kachaka_interfaces/msg/shelf.hpp
[14.103s] -- Up-to-date: /Users/roboworks/kachaka_ros2_dev/pixi/install/kachaka_interfaces/include/kachaka_interfaces/kachaka_interfaces/action
[14.103s] -- Up-to-date: /Users/roboworks/kachaka_ros2_dev/pixi/install/kachaka_interfaces/include/kachaka_interfaces/kachaka_interfaces/action/detail
[14.103s] -- Installing: /Users/roboworks/kachaka_ros2_dev/pixi/install/kachaka_interfaces/include/kachaka_interfaces/kachaka_interfaces/action/detail/exec_kachaka_command__builder.hpp
[14.104s] -- Installing: /Users/roboworks/kachaka_ros2_dev/pixi/install/kachaka_interfaces/include/kachaka_interfaces/kachaka_interfaces/action/detail/exec_kachaka_command__traits.hpp
[14.104s] -- Installing: /Users/roboworks/kachaka_ros2_dev/pixi/install/kachaka_interfaces/include/kachaka_interfaces/kachaka_interfaces/action/detail/exec_kachaka_command__type_support.hpp
[14.104s] -- Installing: /Users/roboworks/kachaka_ros2_dev/pixi/install/kachaka_interfaces/include/kachaka_interfaces/kachaka_interfaces/action/detail/exec_kachaka_command__struct.hpp
[14.104s] -- Installing: /Users/roboworks/kachaka_ros2_dev/pixi/install/kachaka_interfaces/include/kachaka_interfaces/kachaka_interfaces/action/exec_kachaka_command.hpp
[14.105s] -- Up-to-date: /Users/roboworks/kachaka_ros2_dev/pixi/install/kachaka_interfaces/include/kachaka_interfaces/kachaka_interfaces
[14.105s] -- Up-to-date: /Users/roboworks/kachaka_ros2_dev/pixi/install/kachaka_interfaces/include/kachaka_interfaces/kachaka_interfaces/msg
[14.105s] -- Installing: /Users/roboworks/kachaka_ros2_dev/pixi/install/kachaka_interfaces/include/kachaka_interfaces/kachaka_interfaces/msg/rosidl_typesupport_fastrtps_cpp__visibility_control.h
[14.105s] -- Up-to-date: /Users/roboworks/kachaka_ros2_dev/pixi/install/kachaka_interfaces/include/kachaka_interfaces/kachaka_interfaces/msg/detail
[14.105s] -- Installing: /Users/roboworks/kachaka_ros2_dev/pixi/install/kachaka_interfaces/include/kachaka_interfaces/kachaka_interfaces/msg/detail/object_detection_list_stamped__rosidl_typesupport_fastrtps_cpp.hpp
[14.105s] -- Installing: /Users/roboworks/kachaka_ros2_dev/pixi/install/kachaka_interfaces/include/kachaka_interfaces/kachaka_interfaces/msg/detail/location__rosidl_typesupport_fastrtps_cpp.hpp
[14.106s] -- Installing: /Users/roboworks/kachaka_ros2_dev/pixi/install/kachaka_interfaces/include/kachaka_interfaces/kachaka_interfaces/msg/detail/shelf__rosidl_typesupport_fastrtps_cpp.hpp
[14.106s] -- Installing: /Users/roboworks/kachaka_ros2_dev/pixi/install/kachaka_interfaces/include/kachaka_interfaces/kachaka_interfaces/msg/detail/location_list__rosidl_typesupport_fastrtps_cpp.hpp
[14.106s] -- Installing: /Users/roboworks/kachaka_ros2_dev/pixi/install/kachaka_interfaces/include/kachaka_interfaces/kachaka_interfaces/msg/detail/object_detection__rosidl_typesupport_fastrtps_cpp.hpp
[14.106s] -- Installing: /Users/roboworks/kachaka_ros2_dev/pixi/install/kachaka_interfaces/include/kachaka_interfaces/kachaka_interfaces/msg/detail/shelf_list__rosidl_typesupport_fastrtps_cpp.hpp
[14.106s] -- Installing: /Users/roboworks/kachaka_ros2_dev/pixi/install/kachaka_interfaces/include/kachaka_interfaces/kachaka_interfaces/msg/detail/dds_fastrtps
[14.107s] -- Installing: /Users/roboworks/kachaka_ros2_dev/pixi/install/kachaka_interfaces/include/kachaka_interfaces/kachaka_interfaces/msg/detail/shelf_size__rosidl_typesupport_fastrtps_cpp.hpp
[14.107s] -- Installing: /Users/roboworks/kachaka_ros2_dev/pixi/install/kachaka_interfaces/include/kachaka_interfaces/kachaka_interfaces/msg/detail/kachaka_command__rosidl_typesupport_fastrtps_cpp.hpp
[14.107s] -- Up-to-date: /Users/roboworks/kachaka_ros2_dev/pixi/install/kachaka_interfaces/include/kachaka_interfaces/kachaka_interfaces/action
[14.107s] -- Up-to-date: /Users/roboworks/kachaka_ros2_dev/pixi/install/kachaka_interfaces/include/kachaka_interfaces/kachaka_interfaces/action/detail
[14.107s] -- Installing: /Users/roboworks/kachaka_ros2_dev/pixi/install/kachaka_interfaces/include/kachaka_interfaces/kachaka_interfaces/action/detail/exec_kachaka_command__rosidl_typesupport_fastrtps_cpp.hpp
[14.107s] -- Installing: /Users/roboworks/kachaka_ros2_dev/pixi/install/kachaka_interfaces/include/kachaka_interfaces/kachaka_interfaces/action/detail/dds_fastrtps
[14.108s] -- Installing: /Users/roboworks/kachaka_ros2_dev/pixi/install/kachaka_interfaces/lib/libkachaka_interfaces__rosidl_typesupport_fastrtps_cpp.dylib
[14.116s] -- Up-to-date: /Users/roboworks/kachaka_ros2_dev/pixi/install/kachaka_interfaces/include/kachaka_interfaces/kachaka_interfaces
[14.117s] -- Up-to-date: /Users/roboworks/kachaka_ros2_dev/pixi/install/kachaka_interfaces/include/kachaka_interfaces/kachaka_interfaces/msg
[14.117s] -- Up-to-date: /Users/roboworks/kachaka_ros2_dev/pixi/install/kachaka_interfaces/include/kachaka_interfaces/kachaka_interfaces/msg/detail
[14.117s] -- Installing: /Users/roboworks/kachaka_ros2_dev/pixi/install/kachaka_interfaces/include/kachaka_interfaces/kachaka_interfaces/msg/detail/shelf_size__rosidl_typesupport_introspection_c.h
[14.117s] -- Installing: /Users/roboworks/kachaka_ros2_dev/pixi/install/kachaka_interfaces/include/kachaka_interfaces/kachaka_interfaces/msg/detail/location__type_support.c
[14.117s] -- Installing: /Users/roboworks/kachaka_ros2_dev/pixi/install/kachaka_interfaces/include/kachaka_interfaces/kachaka_interfaces/msg/detail/object_detection__type_support.c
[14.117s] -- Installing: /Users/roboworks/kachaka_ros2_dev/pixi/install/kachaka_interfaces/include/kachaka_interfaces/kachaka_interfaces/msg/detail/shelf__rosidl_typesupport_introspection_c.h
[14.117s] -- Installing: /Users/roboworks/kachaka_ros2_dev/pixi/install/kachaka_interfaces/include/kachaka_interfaces/kachaka_interfaces/msg/detail/location__rosidl_typesupport_introspection_c.h
[14.118s] -- Installing: /Users/roboworks/kachaka_ros2_dev/pixi/install/kachaka_interfaces/include/kachaka_interfaces/kachaka_interfaces/msg/detail/shelf_list__rosidl_typesupport_introspection_c.h
[14.118s] -- Installing: /Users/roboworks/kachaka_ros2_dev/pixi/install/kachaka_interfaces/include/kachaka_interfaces/kachaka_interfaces/msg/detail/location_list__rosidl_typesupport_introspection_c.h
[14.118s] -- Installing: /Users/roboworks/kachaka_ros2_dev/pixi/install/kachaka_interfaces/include/kachaka_interfaces/kachaka_interfaces/msg/detail/kachaka_command__type_support.c
[14.118s] -- Installing: /Users/roboworks/kachaka_ros2_dev/pixi/install/kachaka_interfaces/include/kachaka_interfaces/kachaka_interfaces/msg/detail/shelf_list__type_support.c
[14.118s] -- Installing: /Users/roboworks/kachaka_ros2_dev/pixi/install/kachaka_interfaces/include/kachaka_interfaces/kachaka_interfaces/msg/detail/object_detection_list_stamped__type_support.c
[14.119s] -- Installing: /Users/roboworks/kachaka_ros2_dev/pixi/install/kachaka_interfaces/include/kachaka_interfaces/kachaka_interfaces/msg/detail/location_list__type_support.c
[14.119s] -- Installing: /Users/roboworks/kachaka_ros2_dev/pixi/install/kachaka_interfaces/include/kachaka_interfaces/kachaka_interfaces/msg/detail/shelf__type_support.c
[14.119s] -- Installing: /Users/roboworks/kachaka_ros2_dev/pixi/install/kachaka_interfaces/include/kachaka_interfaces/kachaka_interfaces/msg/detail/kachaka_command__rosidl_typesupport_introspection_c.h
[14.119s] -- Installing: /Users/roboworks/kachaka_ros2_dev/pixi/install/kachaka_interfaces/include/kachaka_interfaces/kachaka_interfaces/msg/detail/object_detection__rosidl_typesupport_introspection_c.h
[14.119s] -- Installing: /Users/roboworks/kachaka_ros2_dev/pixi/install/kachaka_interfaces/include/kachaka_interfaces/kachaka_interfaces/msg/detail/object_detection_list_stamped__rosidl_typesupport_introspection_c.h
[14.119s] -- Installing: /Users/roboworks/kachaka_ros2_dev/pixi/install/kachaka_interfaces/include/kachaka_interfaces/kachaka_interfaces/msg/detail/shelf_size__type_support.c
[14.120s] -- Installing: /Users/roboworks/kachaka_ros2_dev/pixi/install/kachaka_interfaces/include/kachaka_interfaces/kachaka_interfaces/msg/rosidl_typesupport_introspection_c__visibility_control.h
[14.120s] -- Up-to-date: /Users/roboworks/kachaka_ros2_dev/pixi/install/kachaka_interfaces/include/kachaka_interfaces/kachaka_interfaces/action
[14.120s] -- Up-to-date: /Users/roboworks/kachaka_ros2_dev/pixi/install/kachaka_interfaces/include/kachaka_interfaces/kachaka_interfaces/action/detail
[14.120s] -- Installing: /Users/roboworks/kachaka_ros2_dev/pixi/install/kachaka_interfaces/include/kachaka_interfaces/kachaka_interfaces/action/detail/exec_kachaka_command__rosidl_typesupport_introspection_c.h
[14.120s] -- Installing: /Users/roboworks/kachaka_ros2_dev/pixi/install/kachaka_interfaces/include/kachaka_interfaces/kachaka_interfaces/action/detail/exec_kachaka_command__type_support.c
[14.120s] -- Installing: /Users/roboworks/kachaka_ros2_dev/pixi/install/kachaka_interfaces/lib/libkachaka_interfaces__rosidl_typesupport_introspection_c.dylib
[14.129s] -- Installing: /Users/roboworks/kachaka_ros2_dev/pixi/install/kachaka_interfaces/lib/libkachaka_interfaces__rosidl_typesupport_c.dylib
[14.137s] -- Up-to-date: /Users/roboworks/kachaka_ros2_dev/pixi/install/kachaka_interfaces/include/kachaka_interfaces/kachaka_interfaces
[14.137s] -- Up-to-date: /Users/roboworks/kachaka_ros2_dev/pixi/install/kachaka_interfaces/include/kachaka_interfaces/kachaka_interfaces/msg
[14.137s] -- Up-to-date: /Users/roboworks/kachaka_ros2_dev/pixi/install/kachaka_interfaces/include/kachaka_interfaces/kachaka_interfaces/msg/detail
[14.137s] -- Installing: /Users/roboworks/kachaka_ros2_dev/pixi/install/kachaka_interfaces/include/kachaka_interfaces/kachaka_interfaces/msg/detail/shelf_list__rosidl_typesupport_introspection_cpp.hpp
[14.137s] -- Installing: /Users/roboworks/kachaka_ros2_dev/pixi/install/kachaka_interfaces/include/kachaka_interfaces/kachaka_interfaces/msg/detail/location_list__type_support.cpp
[14.137s] -- Installing: /Users/roboworks/kachaka_ros2_dev/pixi/install/kachaka_interfaces/include/kachaka_interfaces/kachaka_interfaces/msg/detail/shelf_list__type_support.cpp
[14.138s] -- Installing: /Users/roboworks/kachaka_ros2_dev/pixi/install/kachaka_interfaces/include/kachaka_interfaces/kachaka_interfaces/msg/detail/object_detection__rosidl_typesupport_introspection_cpp.hpp
[14.138s] -- Installing: /Users/roboworks/kachaka_ros2_dev/pixi/install/kachaka_interfaces/include/kachaka_interfaces/kachaka_interfaces/msg/detail/object_detection_list_stamped__rosidl_typesupport_introspection_cpp.hpp
[14.138s] -- Installing: /Users/roboworks/kachaka_ros2_dev/pixi/install/kachaka_interfaces/include/kachaka_interfaces/kachaka_interfaces/msg/detail/location_list__rosidl_typesupport_introspection_cpp.hpp
[14.138s] -- Installing: /Users/roboworks/kachaka_ros2_dev/pixi/install/kachaka_interfaces/include/kachaka_interfaces/kachaka_interfaces/msg/detail/location__rosidl_typesupport_introspection_cpp.hpp
[14.138s] -- Installing: /Users/roboworks/kachaka_ros2_dev/pixi/install/kachaka_interfaces/include/kachaka_interfaces/kachaka_interfaces/msg/detail/shelf_size__type_support.cpp
[14.139s] -- Installing: /Users/roboworks/kachaka_ros2_dev/pixi/install/kachaka_interfaces/include/kachaka_interfaces/kachaka_interfaces/msg/detail/kachaka_command__rosidl_typesupport_introspection_cpp.hpp
[14.139s] -- Installing: /Users/roboworks/kachaka_ros2_dev/pixi/install/kachaka_interfaces/include/kachaka_interfaces/kachaka_interfaces/msg/detail/shelf__rosidl_typesupport_introspection_cpp.hpp
[14.139s] -- Installing: /Users/roboworks/kachaka_ros2_dev/pixi/install/kachaka_interfaces/include/kachaka_interfaces/kachaka_interfaces/msg/detail/location__type_support.cpp
[14.139s] -- Installing: /Users/roboworks/kachaka_ros2_dev/pixi/install/kachaka_interfaces/include/kachaka_interfaces/kachaka_interfaces/msg/detail/object_detection__type_support.cpp
[14.139s] -- Installing: /Users/roboworks/kachaka_ros2_dev/pixi/install/kachaka_interfaces/include/kachaka_interfaces/kachaka_interfaces/msg/detail/shelf__type_support.cpp
[14.140s] -- Installing: /Users/roboworks/kachaka_ros2_dev/pixi/install/kachaka_interfaces/include/kachaka_interfaces/kachaka_interfaces/msg/detail/shelf_size__rosidl_typesupport_introspection_cpp.hpp
[14.140s] -- Installing: /Users/roboworks/kachaka_ros2_dev/pixi/install/kachaka_interfaces/include/kachaka_interfaces/kachaka_interfaces/msg/detail/object_detection_list_stamped__type_support.cpp
[14.140s] -- Installing: /Users/roboworks/kachaka_ros2_dev/pixi/install/kachaka_interfaces/include/kachaka_interfaces/kachaka_interfaces/msg/detail/kachaka_command__type_support.cpp
[14.140s] -- Up-to-date: /Users/roboworks/kachaka_ros2_dev/pixi/install/kachaka_interfaces/include/kachaka_interfaces/kachaka_interfaces/action
[14.140s] -- Up-to-date: /Users/roboworks/kachaka_ros2_dev/pixi/install/kachaka_interfaces/include/kachaka_interfaces/kachaka_interfaces/action/detail
[14.140s] -- Installing: /Users/roboworks/kachaka_ros2_dev/pixi/install/kachaka_interfaces/include/kachaka_interfaces/kachaka_interfaces/action/detail/exec_kachaka_command__rosidl_typesupport_introspection_cpp.hpp
[14.140s] -- Installing: /Users/roboworks/kachaka_ros2_dev/pixi/install/kachaka_interfaces/include/kachaka_interfaces/kachaka_interfaces/action/detail/exec_kachaka_command__type_support.cpp
[14.141s] -- Installing: /Users/roboworks/kachaka_ros2_dev/pixi/install/kachaka_interfaces/lib/libkachaka_interfaces__rosidl_typesupport_introspection_cpp.dylib
[14.149s] -- Installing: /Users/roboworks/kachaka_ros2_dev/pixi/install/kachaka_interfaces/lib/libkachaka_interfaces__rosidl_typesupport_cpp.dylib
[14.156s] -- Installing: /Users/roboworks/kachaka_ros2_dev/pixi/install/kachaka_interfaces/share/kachaka_interfaces/environment/pythonpath.sh
[14.157s] -- Installing: /Users/roboworks/kachaka_ros2_dev/pixi/install/kachaka_interfaces/share/kachaka_interfaces/environment/pythonpath.dsv
[14.157s] -- Installing: /Users/roboworks/kachaka_ros2_dev/pixi/install/kachaka_interfaces/lib/python3.11/site-packages/kachaka_interfaces-0.0.0-py3.11.egg-info
[14.157s] -- Installing: /Users/roboworks/kachaka_ros2_dev/pixi/install/kachaka_interfaces/lib/python3.11/site-packages/kachaka_interfaces-0.0.0-py3.11.egg-info/PKG-INFO
[14.157s] -- Installing: /Users/roboworks/kachaka_ros2_dev/pixi/install/kachaka_interfaces/lib/python3.11/site-packages/kachaka_interfaces-0.0.0-py3.11.egg-info/SOURCES.txt
[14.157s] -- Installing: /Users/roboworks/kachaka_ros2_dev/pixi/install/kachaka_interfaces/lib/python3.11/site-packages/kachaka_interfaces-0.0.0-py3.11.egg-info/top_level.txt
[14.158s] -- Installing: /Users/roboworks/kachaka_ros2_dev/pixi/install/kachaka_interfaces/lib/python3.11/site-packages/kachaka_interfaces-0.0.0-py3.11.egg-info/dependency_links.txt
[14.158s] -- Installing: /Users/roboworks/kachaka_ros2_dev/pixi/install/kachaka_interfaces/lib/python3.11/site-packages/kachaka_interfaces
[14.158s] -- Installing: /Users/roboworks/kachaka_ros2_dev/pixi/install/kachaka_interfaces/lib/python3.11/site-packages/kachaka_interfaces/_kachaka_interfaces_s.ep.rosidl_typesupport_introspection_c.c
[14.158s] -- Installing: /Users/roboworks/kachaka_ros2_dev/pixi/install/kachaka_interfaces/lib/python3.11/site-packages/kachaka_interfaces/_kachaka_interfaces_s.ep.rosidl_typesupport_c.c
[14.158s] -- Installing: /Users/roboworks/kachaka_ros2_dev/pixi/install/kachaka_interfaces/lib/python3.11/site-packages/kachaka_interfaces/kachaka_interfaces_s__rosidl_typesupport_c.cpython-311-darwin.so
[14.158s] -- Installing: /Users/roboworks/kachaka_ros2_dev/pixi/install/kachaka_interfaces/lib/python3.11/site-packages/kachaka_interfaces/msg
[14.159s] -- Installing: /Users/roboworks/kachaka_ros2_dev/pixi/install/kachaka_interfaces/lib/python3.11/site-packages/kachaka_interfaces/msg/_shelf_list_s.c
[14.159s] -- Installing: /Users/roboworks/kachaka_ros2_dev/pixi/install/kachaka_interfaces/lib/python3.11/site-packages/kachaka_interfaces/msg/_kachaka_command_s.c
[14.159s] -- Installing: /Users/roboworks/kachaka_ros2_dev/pixi/install/kachaka_interfaces/lib/python3.11/site-packages/kachaka_interfaces/msg/_shelf_size.py
[14.159s] -- Installing: /Users/roboworks/kachaka_ros2_dev/pixi/install/kachaka_interfaces/lib/python3.11/site-packages/kachaka_interfaces/msg/_shelf_s.c
[14.159s] -- Installing: /Users/roboworks/kachaka_ros2_dev/pixi/install/kachaka_interfaces/lib/python3.11/site-packages/kachaka_interfaces/msg/_object_detection_list_stamped_s.c
[14.159s] -- Installing: /Users/roboworks/kachaka_ros2_dev/pixi/install/kachaka_interfaces/lib/python3.11/site-packages/kachaka_interfaces/msg/_kachaka_command.py
[14.160s] -- Installing: /Users/roboworks/kachaka_ros2_dev/pixi/install/kachaka_interfaces/lib/python3.11/site-packages/kachaka_interfaces/msg/_shelf_list.py
[14.160s] -- Installing: /Users/roboworks/kachaka_ros2_dev/pixi/install/kachaka_interfaces/lib/python3.11/site-packages/kachaka_interfaces/msg/_shelf_size_s.c
[14.160s] -- Installing: /Users/roboworks/kachaka_ros2_dev/pixi/install/kachaka_interfaces/lib/python3.11/site-packages/kachaka_interfaces/msg/__init__.py
[14.160s] -- Installing: /Users/roboworks/kachaka_ros2_dev/pixi/install/kachaka_interfaces/lib/python3.11/site-packages/kachaka_interfaces/msg/_object_detection_s.c
[14.160s] -- Installing: /Users/roboworks/kachaka_ros2_dev/pixi/install/kachaka_interfaces/lib/python3.11/site-packages/kachaka_interfaces/msg/_shelf.py
[14.161s] -- Installing: /Users/roboworks/kachaka_ros2_dev/pixi/install/kachaka_interfaces/lib/python3.11/site-packages/kachaka_interfaces/msg/_object_detection_list_stamped.py
[14.161s] -- Installing: /Users/roboworks/kachaka_ros2_dev/pixi/install/kachaka_interfaces/lib/python3.11/site-packages/kachaka_interfaces/msg/_object_detection.py
[14.161s] -- Installing: /Users/roboworks/kachaka_ros2_dev/pixi/install/kachaka_interfaces/lib/python3.11/site-packages/kachaka_interfaces/msg/_location.py
[14.161s] -- Installing: /Users/roboworks/kachaka_ros2_dev/pixi/install/kachaka_interfaces/lib/python3.11/site-packages/kachaka_interfaces/msg/_location_list_s.c
[14.162s] -- Installing: /Users/roboworks/kachaka_ros2_dev/pixi/install/kachaka_interfaces/lib/python3.11/site-packages/kachaka_interfaces/msg/_location_s.c
[14.162s] -- Installing: /Users/roboworks/kachaka_ros2_dev/pixi/install/kachaka_interfaces/lib/python3.11/site-packages/kachaka_interfaces/msg/_location_list.py
[14.162s] -- Installing: /Users/roboworks/kachaka_ros2_dev/pixi/install/kachaka_interfaces/lib/python3.11/site-packages/kachaka_interfaces/kachaka_interfaces_s__rosidl_typesupport_fastrtps_c.cpython-311-darwin.so
[14.162s] -- Installing: /Users/roboworks/kachaka_ros2_dev/pixi/install/kachaka_interfaces/lib/python3.11/site-packages/kachaka_interfaces/__init__.py
[14.163s] -- Installing: /Users/roboworks/kachaka_ros2_dev/pixi/install/kachaka_interfaces/lib/python3.11/site-packages/kachaka_interfaces/_kachaka_interfaces_s.ep.rosidl_typesupport_fastrtps_c.c
[14.163s] -- Installing: /Users/roboworks/kachaka_ros2_dev/pixi/install/kachaka_interfaces/lib/python3.11/site-packages/kachaka_interfaces/libkachaka_interfaces__rosidl_generator_py.dylib
[14.163s] -- Installing: /Users/roboworks/kachaka_ros2_dev/pixi/install/kachaka_interfaces/lib/python3.11/site-packages/kachaka_interfaces/action
[14.163s] -- Installing: /Users/roboworks/kachaka_ros2_dev/pixi/install/kachaka_interfaces/lib/python3.11/site-packages/kachaka_interfaces/action/_exec_kachaka_command_s.c
[14.163s] -- Installing: /Users/roboworks/kachaka_ros2_dev/pixi/install/kachaka_interfaces/lib/python3.11/site-packages/kachaka_interfaces/action/__init__.py
[14.164s] -- Installing: /Users/roboworks/kachaka_ros2_dev/pixi/install/kachaka_interfaces/lib/python3.11/site-packages/kachaka_interfaces/action/_exec_kachaka_command.py
[14.164s] -- Installing: /Users/roboworks/kachaka_ros2_dev/pixi/install/kachaka_interfaces/lib/python3.11/site-packages/kachaka_interfaces/kachaka_interfaces_s__rosidl_typesupport_introspection_c.cpython-311-darwin.so
[14.190s] Listing 'lib/python3.11/site-packages/kachaka_interfaces'...
[14.190s] Can't list 'lib/python3.11/site-packages/kachaka_interfaces'
[14.193s] -- Up-to-date: /Users/roboworks/kachaka_ros2_dev/pixi/install/kachaka_interfaces/lib/python3.11/site-packages/kachaka_interfaces/kachaka_interfaces_s__rosidl_typesupport_fastrtps_c.cpython-311-darwin.so
[14.201s] -- Up-to-date: /Users/roboworks/kachaka_ros2_dev/pixi/install/kachaka_interfaces/lib/python3.11/site-packages/kachaka_interfaces/kachaka_interfaces_s__rosidl_typesupport_introspection_c.cpython-311-darwin.so
[14.209s] -- Up-to-date: /Users/roboworks/kachaka_ros2_dev/pixi/install/kachaka_interfaces/lib/python3.11/site-packages/kachaka_interfaces/kachaka_interfaces_s__rosidl_typesupport_c.cpython-311-darwin.so
[14.216s] -- Installing: /Users/roboworks/kachaka_ros2_dev/pixi/install/kachaka_interfaces/lib/libkachaka_interfaces__rosidl_generator_py.dylib
[14.225s] -- Installing: /Users/roboworks/kachaka_ros2_dev/pixi/install/kachaka_interfaces/share/kachaka_interfaces/action/ExecKachakaCommand.idl
[14.226s] -- Installing: /Users/roboworks/kachaka_ros2_dev/pixi/install/kachaka_interfaces/share/kachaka_interfaces/msg/KachakaCommand.idl
[14.226s] -- Installing: /Users/roboworks/kachaka_ros2_dev/pixi/install/kachaka_interfaces/share/kachaka_interfaces/msg/Location.idl
[14.226s] -- Installing: /Users/roboworks/kachaka_ros2_dev/pixi/install/kachaka_interfaces/share/kachaka_interfaces/msg/LocationList.idl
[14.226s] -- Installing: /Users/roboworks/kachaka_ros2_dev/pixi/install/kachaka_interfaces/share/kachaka_interfaces/msg/ObjectDetection.idl
[14.227s] -- Installing: /Users/roboworks/kachaka_ros2_dev/pixi/install/kachaka_interfaces/share/kachaka_interfaces/msg/ObjectDetectionListStamped.idl
[14.227s] -- Installing: /Users/roboworks/kachaka_ros2_dev/pixi/install/kachaka_interfaces/share/kachaka_interfaces/msg/Shelf.idl
[14.227s] -- Installing: /Users/roboworks/kachaka_ros2_dev/pixi/install/kachaka_interfaces/share/kachaka_interfaces/msg/ShelfList.idl
[14.227s] -- Installing: /Users/roboworks/kachaka_ros2_dev/pixi/install/kachaka_interfaces/share/kachaka_interfaces/msg/ShelfSize.idl
[14.227s] -- Installing: /Users/roboworks/kachaka_ros2_dev/pixi/install/kachaka_interfaces/share/kachaka_interfaces/action/ExecKachakaCommand.action
[14.228s] -- Installing: /Users/roboworks/kachaka_ros2_dev/pixi/install/kachaka_interfaces/share/kachaka_interfaces/msg/KachakaCommand.msg
[14.228s] -- Installing: /Users/roboworks/kachaka_ros2_dev/pixi/install/kachaka_interfaces/share/kachaka_interfaces/msg/Location.msg
[14.228s] -- Installing: /Users/roboworks/kachaka_ros2_dev/pixi/install/kachaka_interfaces/share/kachaka_interfaces/msg/LocationList.msg
[14.228s] -- Installing: /Users/roboworks/kachaka_ros2_dev/pixi/install/kachaka_interfaces/share/kachaka_interfaces/msg/ObjectDetection.msg
[14.228s] -- Installing: /Users/roboworks/kachaka_ros2_dev/pixi/install/kachaka_interfaces/share/kachaka_interfaces/msg/ObjectDetectionListStamped.msg
[14.228s] -- Installing: /Users/roboworks/kachaka_ros2_dev/pixi/install/kachaka_interfaces/share/kachaka_interfaces/msg/Shelf.msg
[14.229s] -- Installing: /Users/roboworks/kachaka_ros2_dev/pixi/install/kachaka_interfaces/share/kachaka_interfaces/msg/ShelfList.msg
[14.229s] -- Installing: /Users/roboworks/kachaka_ros2_dev/pixi/install/kachaka_interfaces/share/kachaka_interfaces/msg/ShelfSize.msg
[14.229s] -- Installing: /Users/roboworks/kachaka_ros2_dev/pixi/install/kachaka_interfaces/share/ament_index/resource_index/package_run_dependencies/kachaka_interfaces
[14.229s] -- Installing: /Users/roboworks/kachaka_ros2_dev/pixi/install/kachaka_interfaces/share/ament_index/resource_index/parent_prefix_path/kachaka_interfaces
[14.229s] -- Installing: /Users/roboworks/kachaka_ros2_dev/pixi/install/kachaka_interfaces/share/kachaka_interfaces/environment/ament_prefix_path.sh
[14.230s] -- Installing: /Users/roboworks/kachaka_ros2_dev/pixi/install/kachaka_interfaces/share/kachaka_interfaces/environment/ament_prefix_path.dsv
[14.230s] -- Installing: /Users/roboworks/kachaka_ros2_dev/pixi/install/kachaka_interfaces/share/kachaka_interfaces/environment/path.sh
[14.230s] -- Installing: /Users/roboworks/kachaka_ros2_dev/pixi/install/kachaka_interfaces/share/kachaka_interfaces/environment/path.dsv
[14.230s] -- Installing: /Users/roboworks/kachaka_ros2_dev/pixi/install/kachaka_interfaces/share/kachaka_interfaces/local_setup.bash
[14.230s] -- Installing: /Users/roboworks/kachaka_ros2_dev/pixi/install/kachaka_interfaces/share/kachaka_interfaces/local_setup.sh
[14.231s] -- Installing: /Users/roboworks/kachaka_ros2_dev/pixi/install/kachaka_interfaces/share/kachaka_interfaces/local_setup.zsh
[14.231s] -- Installing: /Users/roboworks/kachaka_ros2_dev/pixi/install/kachaka_interfaces/share/kachaka_interfaces/local_setup.dsv
[14.231s] -- Installing: /Users/roboworks/kachaka_ros2_dev/pixi/install/kachaka_interfaces/share/kachaka_interfaces/package.dsv
[14.231s] -- Installing: /Users/roboworks/kachaka_ros2_dev/pixi/install/kachaka_interfaces/share/ament_index/resource_index/packages/kachaka_interfaces
[14.231s] -- Installing: /Users/roboworks/kachaka_ros2_dev/pixi/install/kachaka_interfaces/share/kachaka_interfaces/cmake/export_kachaka_interfaces__rosidl_generator_cExport.cmake
[14.232s] -- Installing: /Users/roboworks/kachaka_ros2_dev/pixi/install/kachaka_interfaces/share/kachaka_interfaces/cmake/export_kachaka_interfaces__rosidl_generator_cExport-noconfig.cmake
[14.232s] -- Installing: /Users/roboworks/kachaka_ros2_dev/pixi/install/kachaka_interfaces/share/kachaka_interfaces/cmake/export_kachaka_interfaces__rosidl_typesupport_fastrtps_cExport.cmake
[14.232s] -- Installing: /Users/roboworks/kachaka_ros2_dev/pixi/install/kachaka_interfaces/share/kachaka_interfaces/cmake/export_kachaka_interfaces__rosidl_typesupport_fastrtps_cExport-noconfig.cmake
[14.232s] -- Installing: /Users/roboworks/kachaka_ros2_dev/pixi/install/kachaka_interfaces/share/kachaka_interfaces/cmake/export_kachaka_interfaces__rosidl_generator_cppExport.cmake
[14.232s] -- Installing: /Users/roboworks/kachaka_ros2_dev/pixi/install/kachaka_interfaces/share/kachaka_interfaces/cmake/export_kachaka_interfaces__rosidl_typesupport_fastrtps_cppExport.cmake
[14.233s] -- Installing: /Users/roboworks/kachaka_ros2_dev/pixi/install/kachaka_interfaces/share/kachaka_interfaces/cmake/export_kachaka_interfaces__rosidl_typesupport_fastrtps_cppExport-noconfig.cmake
[14.233s] -- Installing: /Users/roboworks/kachaka_ros2_dev/pixi/install/kachaka_interfaces/share/kachaka_interfaces/cmake/kachaka_interfaces__rosidl_typesupport_introspection_cExport.cmake
[14.233s] -- Installing: /Users/roboworks/kachaka_ros2_dev/pixi/install/kachaka_interfaces/share/kachaka_interfaces/cmake/kachaka_interfaces__rosidl_typesupport_introspection_cExport-noconfig.cmake
[14.233s] -- Installing: /Users/roboworks/kachaka_ros2_dev/pixi/install/kachaka_interfaces/share/kachaka_interfaces/cmake/kachaka_interfaces__rosidl_typesupport_cExport.cmake
[14.233s] -- Installing: /Users/roboworks/kachaka_ros2_dev/pixi/install/kachaka_interfaces/share/kachaka_interfaces/cmake/kachaka_interfaces__rosidl_typesupport_cExport-noconfig.cmake
[14.234s] -- Installing: /Users/roboworks/kachaka_ros2_dev/pixi/install/kachaka_interfaces/share/kachaka_interfaces/cmake/kachaka_interfaces__rosidl_typesupport_introspection_cppExport.cmake
[14.234s] -- Installing: /Users/roboworks/kachaka_ros2_dev/pixi/install/kachaka_interfaces/share/kachaka_interfaces/cmake/kachaka_interfaces__rosidl_typesupport_introspection_cppExport-noconfig.cmake
[14.234s] -- Installing: /Users/roboworks/kachaka_ros2_dev/pixi/install/kachaka_interfaces/share/kachaka_interfaces/cmake/kachaka_interfaces__rosidl_typesupport_cppExport.cmake
[14.234s] -- Installing: /Users/roboworks/kachaka_ros2_dev/pixi/install/kachaka_interfaces/share/kachaka_interfaces/cmake/kachaka_interfaces__rosidl_typesupport_cppExport-noconfig.cmake
[14.234s] -- Installing: /Users/roboworks/kachaka_ros2_dev/pixi/install/kachaka_interfaces/share/kachaka_interfaces/cmake/export_kachaka_interfaces__rosidl_generator_pyExport.cmake
[14.235s] -- Installing: /Users/roboworks/kachaka_ros2_dev/pixi/install/kachaka_interfaces/share/kachaka_interfaces/cmake/export_kachaka_interfaces__rosidl_generator_pyExport-noconfig.cmake
[14.235s] -- Installing: /Users/roboworks/kachaka_ros2_dev/pixi/install/kachaka_interfaces/share/kachaka_interfaces/cmake/rosidl_cmake-extras.cmake
[14.235s] -- Installing: /Users/roboworks/kachaka_ros2_dev/pixi/install/kachaka_interfaces/share/kachaka_interfaces/cmake/ament_cmake_export_dependencies-extras.cmake
[14.235s] -- Installing: /Users/roboworks/kachaka_ros2_dev/pixi/install/kachaka_interfaces/share/kachaka_interfaces/cmake/ament_cmake_export_include_directories-extras.cmake
[14.235s] -- Installing: /Users/roboworks/kachaka_ros2_dev/pixi/install/kachaka_interfaces/share/kachaka_interfaces/cmake/ament_cmake_export_libraries-extras.cmake
[14.236s] -- Installing: /Users/roboworks/kachaka_ros2_dev/pixi/install/kachaka_interfaces/share/kachaka_interfaces/cmake/ament_cmake_export_targets-extras.cmake
[14.236s] -- Installing: /Users/roboworks/kachaka_ros2_dev/pixi/install/kachaka_interfaces/share/kachaka_interfaces/cmake/rosidl_cmake_export_typesupport_targets-extras.cmake
[14.236s] -- Installing: /Users/roboworks/kachaka_ros2_dev/pixi/install/kachaka_interfaces/share/kachaka_interfaces/cmake/rosidl_cmake_export_typesupport_libraries-extras.cmake
[14.237s] -- Installing: /Users/roboworks/kachaka_ros2_dev/pixi/install/kachaka_interfaces/share/kachaka_interfaces/cmake/kachaka_interfacesConfig.cmake
[14.237s] -- Installing: /Users/roboworks/kachaka_ros2_dev/pixi/install/kachaka_interfaces/share/kachaka_interfaces/cmake/kachaka_interfacesConfig-version.cmake
[14.237s] -- Installing: /Users/roboworks/kachaka_ros2_dev/pixi/install/kachaka_interfaces/share/kachaka_interfaces/package.xml
[14.239s] Invoked command in '/Users/roboworks/kachaka_ros2_dev/pixi/build/kachaka_interfaces' returned '0': CMAKE_PREFIX_PATH=/Users/roboworks/kachaka_ros2_dev/pixi/.pixi/envs/default PIXI_PROMPT=(pixi) SHLVL=3 _=/usr/bin/env /Users/roboworks/kachaka_ros2_dev/pixi/.pixi/envs/default/bin/cmake --install /Users/roboworks/kachaka_ros2_dev/pixi/build/kachaka_interfaces
