CMake Deprecation Warning at CMakeLists.txt:1 (cmake_minimum_required):
  Compatibility with CMake < 3.10 will be removed from a future version of
  CMake.

  Update the VERSION argument <min> value.  Or, use the <min>...<max> syntax
  to tell CMake that the project requires at least <min> but has been updated
  to work with policies introduced by <max> or earlier.


-- The C compiler identification is AppleClang 17.0.0.17000013
-- The CXX compiler identification is AppleClang 17.0.0.17000013
-- Detecting C compiler ABI info
-- Detecting C compiler ABI info - done
-- Check for working C compiler: /usr/bin/cc - skipped
-- Detecting C compile features
-- Detecting C compile features - done
-- Detecting CXX compiler ABI info
-- Detecting CXX compiler ABI info - done
-- Check for working CXX compiler: /usr/bin/c++ - skipped
-- Detecting CXX compile features
-- Detecting CXX compile features - done
-- Found ament_cmake: 1.3.12 (/Users/roboworks/kachaka_ros2_dev/pixi/.pixi/envs/default/share/ament_cmake/cmake)
-- Found Python3: /Users/roboworks/kachaka_ros2_dev/pixi/.pixi/envs/default/bin/python3 (found version "3.11.14") found components: Interpreter
-- Found cv_bridge: 3.2.1 (/Users/roboworks/kachaka_ros2_dev/pixi/.pixi/envs/default/share/cv_bridge/cmake)
-- Found rosidl_generator_c: 3.1.6 (/Users/roboworks/kachaka_ros2_dev/pixi/.pixi/envs/default/share/rosidl_generator_c/cmake)
-- Found rosidl_adapter: 3.1.6 (/Users/roboworks/kachaka_ros2_dev/pixi/.pixi/envs/default/share/rosidl_adapter/cmake)
-- Found rosidl_generator_cpp: 3.1.6 (/Users/roboworks/kachaka_ros2_dev/pixi/.pixi/envs/default/share/rosidl_generator_cpp/cmake)
-- Using all available rosidl_typesupport_c: rosidl_typesupport_fastrtps_c;rosidl_typesupport_introspection_c
-- Using all available rosidl_typesupport_cpp: rosidl_typesupport_fastrtps_cpp;rosidl_typesupport_introspection_cpp
-- Found rclcpp: 16.0.13 (/Users/roboworks/kachaka_ros2_dev/pixi/.pixi/envs/default/share/rclcpp/cmake)
-- Checking for module 'yaml-0.1'
--   Found yaml-0.1, version 0.2.5
-- Found rmw_implementation_cmake: 6.1.2 (/Users/roboworks/kachaka_ros2_dev/pixi/.pixi/envs/default/share/rmw_implementation_cmake/cmake)
-- Found rmw_cyclonedds_cpp: 1.3.4 (/Users/roboworks/kachaka_ros2_dev/pixi/.pixi/envs/default/share/rmw_cyclonedds_cpp/cmake)
-- Using RMW implementation 'rmw_cyclonedds_cpp' as default
-- Performing Test CMAKE_HAVE_LIBC_PTHREAD
-- Performing Test CMAKE_HAVE_LIBC_PTHREAD - Success
-- Found Threads: TRUE
-- Found OpenCV: /Users/roboworks/kachaka_ros2_dev/pixi/.pixi/envs/default (found version "4.11.0")
-- Configuring done (5.1s)
-- Generating done (0.1s)
CMake Warning:
  Manually-specified variables were not used by the project:

    Python_EXECUTABLE
    Python_NumPy_INCLUDE_DIRS


-- Build files have been written to: /Users/roboworks/kachaka_ros2_dev/pixi/build/kachaka_vision
[ 50%] Building CXX object CMakeFiles/hand_recognition_node.dir/src/hand_recognition_node.cpp.o
/Users/roboworks/kachaka_ros2_dev/pixi/src/kachaka_vision/src/hand_recognition_node.cpp:65:40: warning: format string is not a string literal (potentially insecure) [-Wformat-security]
   65 |       RCLCPP_ERROR(this->get_logger(), e.what());
      |                                        ^~~~~~~~
/Users/roboworks/kachaka_ros2_dev/pixi/.pixi/envs/default/include/rclcpp/rclcpp/logging.hpp:1407:7: note: expanded from macro 'RCLCPP_ERROR'
 1407 |       __VA_ARGS__); \
      |       ^~~~~~~~~~~
/Users/roboworks/kachaka_ros2_dev/pixi/.pixi/envs/default/include/rcutils/rcutils/logging_macros.h:1004:5: note: expanded from macro 'RCUTILS_LOG_ERROR_NAMED'
 1004 |     __VA_ARGS__)
      |     ^~~~~~~~~~~
/Users/roboworks/kachaka_ros2_dev/pixi/.pixi/envs/default/include/rcutils/rcutils/logging_macros.h:79:64: note: expanded from macro 'RCUTILS_LOG_COND_NAMED'
   79 |       rcutils_log(&__rcutils_logging_location, severity, name, __VA_ARGS__); \
      |                                                                ^~~~~~~~~~~
/Users/roboworks/kachaka_ros2_dev/pixi/src/kachaka_vision/src/hand_recognition_node.cpp:65:40: note: treat the string as an argument to avoid this
   65 |       RCLCPP_ERROR(this->get_logger(), e.what());
      |                                        ^
      |                                        "%s", 
/Users/roboworks/kachaka_ros2_dev/pixi/.pixi/envs/default/include/rclcpp/rclcpp/logging.hpp:1407:7: note: expanded from macro 'RCLCPP_ERROR'
 1407 |       __VA_ARGS__); \
      |       ^
/Users/roboworks/kachaka_ros2_dev/pixi/.pixi/envs/default/include/rcutils/rcutils/logging_macros.h:1004:5: note: expanded from macro 'RCUTILS_LOG_ERROR_NAMED'
 1004 |     __VA_ARGS__)
      |     ^
/Users/roboworks/kachaka_ros2_dev/pixi/.pixi/envs/default/include/rcutils/rcutils/logging_macros.h:79:64: note: expanded from macro 'RCUTILS_LOG_COND_NAMED'
   79 |       rcutils_log(&__rcutils_logging_location, severity, name, __VA_ARGS__); \
      |                                                                ^
1 warning generated.
[100%] Linking CXX executable hand_recognition_node
[100%] Built target hand_recognition_node
-- Install configuration: ""
-- Installing: /Users/roboworks/kachaka_ros2_dev/pixi/install/kachaka_vision/lib/kachaka_vision/hand_recognition_node
-- Installing: /Users/roboworks/kachaka_ros2_dev/pixi/install/kachaka_vision/share/ament_index/resource_index/package_run_dependencies/kachaka_vision
-- Installing: /Users/roboworks/kachaka_ros2_dev/pixi/install/kachaka_vision/share/ament_index/resource_index/parent_prefix_path/kachaka_vision
-- Installing: /Users/roboworks/kachaka_ros2_dev/pixi/install/kachaka_vision/share/kachaka_vision/environment/ament_prefix_path.sh
-- Installing: /Users/roboworks/kachaka_ros2_dev/pixi/install/kachaka_vision/share/kachaka_vision/environment/ament_prefix_path.dsv
-- Installing: /Users/roboworks/kachaka_ros2_dev/pixi/install/kachaka_vision/share/kachaka_vision/environment/path.sh
-- Installing: /Users/roboworks/kachaka_ros2_dev/pixi/install/kachaka_vision/share/kachaka_vision/environment/path.dsv
-- Installing: /Users/roboworks/kachaka_ros2_dev/pixi/install/kachaka_vision/share/kachaka_vision/local_setup.bash
-- Installing: /Users/roboworks/kachaka_ros2_dev/pixi/install/kachaka_vision/share/kachaka_vision/local_setup.sh
-- Installing: /Users/roboworks/kachaka_ros2_dev/pixi/install/kachaka_vision/share/kachaka_vision/local_setup.zsh
-- Installing: /Users/roboworks/kachaka_ros2_dev/pixi/install/kachaka_vision/share/kachaka_vision/local_setup.dsv
-- Installing: /Users/roboworks/kachaka_ros2_dev/pixi/install/kachaka_vision/share/kachaka_vision/package.dsv
-- Installing: /Users/roboworks/kachaka_ros2_dev/pixi/install/kachaka_vision/share/ament_index/resource_index/packages/kachaka_vision
-- Installing: /Users/roboworks/kachaka_ros2_dev/pixi/install/kachaka_vision/share/kachaka_vision/cmake/kachaka_visionConfig.cmake
-- Installing: /Users/roboworks/kachaka_ros2_dev/pixi/install/kachaka_vision/share/kachaka_vision/cmake/kachaka_visionConfig-version.cmake
-- Installing: /Users/roboworks/kachaka_ros2_dev/pixi/install/kachaka_vision/share/kachaka_vision/package.xml
-- Installing: /Users/roboworks/kachaka_ros2_dev/pixi/install/kachaka_vision/share/kachaka_vision//launch
-- Installing: /Users/roboworks/kachaka_ros2_dev/pixi/install/kachaka_vision/share/kachaka_vision//launch/hand_recognition_launch.py
-- Installing: /Users/roboworks/kachaka_ros2_dev/pixi/install/kachaka_vision/share/kachaka_vision//config
-- Installing: /Users/roboworks/kachaka_ros2_dev/pixi/install/kachaka_vision/share/kachaka_vision//config/.gitignore
