[0.548s] Invoking command in '/Users/roboworks/kachaka_ros2_dev/pixi/src/kachaka_follow': AMENT_PREFIX_PATH=/Users/roboworks/kachaka_ros2_dev/pixi/install/kachaka_interfaces:${AMENT_PREFIX_PATH} CMAKE_PREFIX_PATH=/Users/roboworks/kachaka_ros2_dev/pixi/install/kachaka_interfaces PIXI_PROMPT=(pixi) PYTHONPATH=/Users/roboworks/kachaka_ros2_dev/pixi/build/kachaka_follow/prefix_override:/Users/roboworks/kachaka_ros2_dev/pixi/.pixi/envs/default/lib/python3.11/site-packages/colcon_core/task/python/colcon_distutils_commands:/Users/roboworks/kachaka_ros2_dev/pixi/install/kachaka_follow/lib/python3.11/site-packages:/Users/roboworks/kachaka_ros2_dev/pixi/install/kachaka_interfaces/lib/python3.11/site-packages:${PYTHONPATH} SHLVL=3 _=/usr/bin/env /Users/roboworks/kachaka_ros2_dev/pixi/.pixi/envs/default/bin/python3.11 -W ignore:setup.py install is deprecated -W ignore:easy_install command is deprecated setup.py egg_info --egg-base ../../build/kachaka_follow build --build-base /Users/roboworks/kachaka_ros2_dev/pixi/build/kachaka_follow/build install --record /Users/roboworks/kachaka_ros2_dev/pixi/build/kachaka_follow/install.log --single-version-externally-managed install_data
[0.679s] running egg_info
[0.679s] creating ../../build/kachaka_follow/kachaka_follow.egg-info
[0.680s] writing ../../build/kachaka_follow/kachaka_follow.egg-info/PKG-INFO
[0.680s] writing dependency_links to ../../build/kachaka_follow/kachaka_follow.egg-info/dependency_links.txt
[0.680s] writing entry points to ../../build/kachaka_follow/kachaka_follow.egg-info/entry_points.txt
[0.680s] writing requirements to ../../build/kachaka_follow/kachaka_follow.egg-info/requires.txt
[0.680s] writing top-level names to ../../build/kachaka_follow/kachaka_follow.egg-info/top_level.txt
[0.680s] writing manifest file '../../build/kachaka_follow/kachaka_follow.egg-info/SOURCES.txt'
[0.687s] reading manifest file '../../build/kachaka_follow/kachaka_follow.egg-info/SOURCES.txt'
[0.687s] writing manifest file '../../build/kachaka_follow/kachaka_follow.egg-info/SOURCES.txt'
[0.688s] running build
[0.688s] running build_py
[0.688s] creating /Users/roboworks/kachaka_ros2_dev/pixi/build/kachaka_follow/build
[0.688s] creating /Users/roboworks/kachaka_ros2_dev/pixi/build/kachaka_follow/build/lib
[0.688s] creating /Users/roboworks/kachaka_ros2_dev/pixi/build/kachaka_follow/build/lib/kachaka_follow
[0.688s] copying kachaka_follow/follow.py -> /Users/roboworks/kachaka_ros2_dev/pixi/build/kachaka_follow/build/lib/kachaka_follow
[0.688s] copying kachaka_follow/__init__.py -> /Users/roboworks/kachaka_ros2_dev/pixi/build/kachaka_follow/build/lib/kachaka_follow
[0.688s] running install
[0.689s] running install_lib
[0.689s] creating /Users/roboworks/kachaka_ros2_dev/pixi/install/kachaka_follow/lib/python3.11/site-packages/kachaka_follow
[0.689s] copying /Users/roboworks/kachaka_ros2_dev/pixi/build/kachaka_follow/build/lib/kachaka_follow/follow.py -> /Users/roboworks/kachaka_ros2_dev/pixi/install/kachaka_follow/lib/python3.11/site-packages/kachaka_follow
[0.689s] copying /Users/roboworks/kachaka_ros2_dev/pixi/build/kachaka_follow/build/lib/kachaka_follow/__init__.py -> /Users/roboworks/kachaka_ros2_dev/pixi/install/kachaka_follow/lib/python3.11/site-packages/kachaka_follow
[0.689s] byte-compiling /Users/roboworks/kachaka_ros2_dev/pixi/install/kachaka_follow/lib/python3.11/site-packages/kachaka_follow/follow.py to follow.cpython-311.pyc
[0.690s] byte-compiling /Users/roboworks/kachaka_ros2_dev/pixi/install/kachaka_follow/lib/python3.11/site-packages/kachaka_follow/__init__.py to __init__.cpython-311.pyc
[0.691s] running install_data
[0.691s] creating /Users/roboworks/kachaka_ros2_dev/pixi/install/kachaka_follow/share/ament_index
[0.691s] creating /Users/roboworks/kachaka_ros2_dev/pixi/install/kachaka_follow/share/ament_index/resource_index
[0.691s] creating /Users/roboworks/kachaka_ros2_dev/pixi/install/kachaka_follow/share/ament_index/resource_index/packages
[0.691s] copying resource/kachaka_follow -> /Users/roboworks/kachaka_ros2_dev/pixi/install/kachaka_follow/share/ament_index/resource_index/packages
[0.691s] copying package.xml -> /Users/roboworks/kachaka_ros2_dev/pixi/install/kachaka_follow/share/kachaka_follow
[0.691s] running install_egg_info
[0.692s] Copying ../../build/kachaka_follow/kachaka_follow.egg-info to /Users/roboworks/kachaka_ros2_dev/pixi/install/kachaka_follow/lib/python3.11/site-packages/kachaka_follow-0.0.0-py3.11.egg-info
[0.693s] running install_scripts
[0.710s] Installing follow script to /Users/roboworks/kachaka_ros2_dev/pixi/install/kachaka_follow/lib/kachaka_follow
[0.711s] writing list of installed files to '/Users/roboworks/kachaka_ros2_dev/pixi/build/kachaka_follow/install.log'
[0.734s] Invoked command in '/Users/roboworks/kachaka_ros2_dev/pixi/src/kachaka_follow' returned '0': AMENT_PREFIX_PATH=/Users/roboworks/kachaka_ros2_dev/pixi/install/kachaka_interfaces:${AMENT_PREFIX_PATH} CMAKE_PREFIX_PATH=/Users/roboworks/kachaka_ros2_dev/pixi/install/kachaka_interfaces PIXI_PROMPT=(pixi) PYTHONPATH=/Users/roboworks/kachaka_ros2_dev/pixi/build/kachaka_follow/prefix_override:/Users/roboworks/kachaka_ros2_dev/pixi/.pixi/envs/default/lib/python3.11/site-packages/colcon_core/task/python/colcon_distutils_commands:/Users/roboworks/kachaka_ros2_dev/pixi/install/kachaka_follow/lib/python3.11/site-packages:/Users/roboworks/kachaka_ros2_dev/pixi/install/kachaka_interfaces/lib/python3.11/site-packages:${PYTHONPATH} SHLVL=3 _=/usr/bin/env /Users/roboworks/kachaka_ros2_dev/pixi/.pixi/envs/default/bin/python3.11 -W ignore:setup.py install is deprecated -W ignore:easy_install command is deprecated setup.py egg_info --egg-base ../../build/kachaka_follow build --build-base /Users/roboworks/kachaka_ros2_dev/pixi/build/kachaka_follow/build install --record /Users/roboworks/kachaka_ros2_dev/pixi/build/kachaka_follow/install.log --single-version-externally-managed install_data
