[0.033s] Invoking command in '/Users/roboworks/kachaka_ros2_dev/pixi/build/kachaka_nav2_bringup': CMAKE_PREFIX_PATH=/Users/roboworks/kachaka_ros2_dev/pixi/.pixi/envs/default PIXI_PROMPT=(pixi) SHLVL=3 _=/usr/bin/env /Users/roboworks/kachaka_ros2_dev/pixi/.pixi/envs/default/bin/cmake /Users/roboworks/kachaka_ros2_dev/pixi/src/kachaka_nav2_bringup -DPython_EXECUTABLE=/Users/roboworks/kachaka_ros2_dev/pixi/.pixi/envs/default/bin/python3 -DPython_NumPy_INCLUDE_DIRS=/Users/roboworks/kachaka_ros2_dev/pixi/.pixi/envs/default/lib/python3.11/site-packages/numpy/core/include -DCMAKE_INSTALL_PREFIX=/Users/roboworks/kachaka_ros2_dev/pixi/install/kachaka_nav2_bringup
[2.179s] CMake Deprecation Warning at CMakeLists.txt:1 (cmake_minimum_required):
[2.179s]   Compatibility with CMake < 3.10 will be removed from a future version of
[2.179s]   CMake.
[2.179s] 
[2.180s]   Update the VERSION argument <min> value.  Or, use the <min>...<max> syntax
[2.180s]   to tell CMake that the project requires at least <min> but has been updated
[2.180s]   to work with policies introduced by <max> or earlier.
[2.180s] 
[2.180s] 
[2.812s] -- The C compiler identification is AppleClang 17.0.0.17000013
[2.937s] -- The CXX compiler identification is AppleClang 17.0.0.17000013
[2.965s] -- Detecting C compiler ABI info
[3.156s] -- Detecting C compiler ABI info - done
[3.169s] -- Check for working C compiler: /usr/bin/cc - skipped
[3.170s] -- Detecting C compile features
[3.171s] -- Detecting C compile features - done
[3.180s] -- Detecting CXX compiler ABI info
[3.383s] -- Detecting CXX compiler ABI info - done
[3.398s] -- Check for working CXX compiler: /usr/bin/c++ - skipped
[3.398s] -- Detecting CXX compile features
[3.398s] -- Detecting CXX compile features - done
[3.440s] -- Found ament_cmake: 1.3.12 (/Users/roboworks/kachaka_ros2_dev/pixi/.pixi/envs/default/share/ament_cmake/cmake)
[3.612s] -- Found Python3: /Users/roboworks/kachaka_ros2_dev/pixi/.pixi/envs/default/bin/python3 (found version "3.11.14") found components: Interpreter
[4.186s] -- Found nav2_common: 1.1.18 (/Users/roboworks/kachaka_ros2_dev/pixi/.pixi/envs/default/share/nav2_common/cmake)
[4.206s] -- Found navigation2: 1.1.18 (/Users/roboworks/kachaka_ros2_dev/pixi/.pixi/envs/default/share/navigation2/cmake)
[4.207s] -- Setting build type to Release as none was specified.
[4.222s] -- Found ament_lint_auto: 0.12.12 (/Users/roboworks/kachaka_ros2_dev/pixi/.pixi/envs/default/share/ament_lint_auto/cmake)
[4.795s] -- Added test 'copyright' to check source files copyright and LICENSE
[4.799s] -- Added test 'flake8' to check Python code syntax and style conventions
[4.800s] -- Added test 'lint_cmake' to check CMake code style
[4.801s] -- Added test 'pep257' to check Python code against some of the docstring style conventions in PEP 257
[4.804s] -- Added test 'xmllint' to check XML markup files
[4.807s] -- Configuring done (2.6s)
[4.821s] -- Generating done (0.0s)
[4.821s] CMake Warning:
[4.821s]   Manually-specified variables were not used by the project:
[4.821s] 
[4.821s]     Python_EXECUTABLE
[4.821s]     Python_NumPy_INCLUDE_DIRS
[4.821s] 
[4.821s] 
[4.824s] -- Build files have been written to: /Users/roboworks/kachaka_ros2_dev/pixi/build/kachaka_nav2_bringup
[4.826s] Invoked command in '/Users/roboworks/kachaka_ros2_dev/pixi/build/kachaka_nav2_bringup' returned '0': CMAKE_PREFIX_PATH=/Users/roboworks/kachaka_ros2_dev/pixi/.pixi/envs/default PIXI_PROMPT=(pixi) SHLVL=3 _=/usr/bin/env /Users/roboworks/kachaka_ros2_dev/pixi/.pixi/envs/default/bin/cmake /Users/roboworks/kachaka_ros2_dev/pixi/src/kachaka_nav2_bringup -DPython_EXECUTABLE=/Users/roboworks/kachaka_ros2_dev/pixi/.pixi/envs/default/bin/python3 -DPython_NumPy_INCLUDE_DIRS=/Users/roboworks/kachaka_ros2_dev/pixi/.pixi/envs/default/lib/python3.11/site-packages/numpy/core/include -DCMAKE_INSTALL_PREFIX=/Users/roboworks/kachaka_ros2_dev/pixi/install/kachaka_nav2_bringup
[4.829s] Invoking command in '/Users/roboworks/kachaka_ros2_dev/pixi/build/kachaka_nav2_bringup': CMAKE_PREFIX_PATH=/Users/roboworks/kachaka_ros2_dev/pixi/.pixi/envs/default PIXI_PROMPT=(pixi) SHLVL=3 _=/usr/bin/env /Users/roboworks/kachaka_ros2_dev/pixi/.pixi/envs/default/bin/cmake --build /Users/roboworks/kachaka_ros2_dev/pixi/build/kachaka_nav2_bringup -- -j8 -l8
[4.897s] Invoked command in '/Users/roboworks/kachaka_ros2_dev/pixi/build/kachaka_nav2_bringup' returned '0': CMAKE_PREFIX_PATH=/Users/roboworks/kachaka_ros2_dev/pixi/.pixi/envs/default PIXI_PROMPT=(pixi) SHLVL=3 _=/usr/bin/env /Users/roboworks/kachaka_ros2_dev/pixi/.pixi/envs/default/bin/cmake --build /Users/roboworks/kachaka_ros2_dev/pixi/build/kachaka_nav2_bringup -- -j8 -l8
[4.913s] Invoking command in '/Users/roboworks/kachaka_ros2_dev/pixi/build/kachaka_nav2_bringup': CMAKE_PREFIX_PATH=/Users/roboworks/kachaka_ros2_dev/pixi/.pixi/envs/default PIXI_PROMPT=(pixi) SHLVL=3 _=/usr/bin/env /Users/roboworks/kachaka_ros2_dev/pixi/.pixi/envs/default/bin/cmake --install /Users/roboworks/kachaka_ros2_dev/pixi/build/kachaka_nav2_bringup
[4.925s] -- Install configuration: "Release"
[4.925s] -- Installing: /Users/roboworks/kachaka_ros2_dev/pixi/install/kachaka_nav2_bringup/share/kachaka_nav2_bringup/launch
[4.926s] -- Installing: /Users/roboworks/kachaka_ros2_dev/pixi/install/kachaka_nav2_bringup/share/kachaka_nav2_bringup/launch/navigation_launch.py
[4.926s] -- Installing: /Users/roboworks/kachaka_ros2_dev/pixi/install/kachaka_nav2_bringup/share/kachaka_nav2_bringup/rviz
[4.926s] -- Installing: /Users/roboworks/kachaka_ros2_dev/pixi/install/kachaka_nav2_bringup/share/kachaka_nav2_bringup/rviz/kachaka-nav.rviz
[4.926s] -- Installing: /Users/roboworks/kachaka_ros2_dev/pixi/install/kachaka_nav2_bringup/share/kachaka_nav2_bringup/params
[4.926s] -- Installing: /Users/roboworks/kachaka_ros2_dev/pixi/install/kachaka_nav2_bringup/share/kachaka_nav2_bringup/params/nav2_params.yaml
[4.927s] -- Installing: /Users/roboworks/kachaka_ros2_dev/pixi/install/kachaka_nav2_bringup/share/ament_index/resource_index/package_run_dependencies/kachaka_nav2_bringup
[4.927s] -- Installing: /Users/roboworks/kachaka_ros2_dev/pixi/install/kachaka_nav2_bringup/share/ament_index/resource_index/parent_prefix_path/kachaka_nav2_bringup
[4.927s] -- Installing: /Users/roboworks/kachaka_ros2_dev/pixi/install/kachaka_nav2_bringup/share/kachaka_nav2_bringup/environment/ament_prefix_path.sh
[4.928s] -- Installing: /Users/roboworks/kachaka_ros2_dev/pixi/install/kachaka_nav2_bringup/share/kachaka_nav2_bringup/environment/ament_prefix_path.dsv
[4.928s] -- Installing: /Users/roboworks/kachaka_ros2_dev/pixi/install/kachaka_nav2_bringup/share/kachaka_nav2_bringup/environment/path.sh
[4.928s] -- Installing: /Users/roboworks/kachaka_ros2_dev/pixi/install/kachaka_nav2_bringup/share/kachaka_nav2_bringup/environment/path.dsv
[4.928s] -- Installing: /Users/roboworks/kachaka_ros2_dev/pixi/install/kachaka_nav2_bringup/share/kachaka_nav2_bringup/local_setup.bash
[4.929s] -- Installing: /Users/roboworks/kachaka_ros2_dev/pixi/install/kachaka_nav2_bringup/share/kachaka_nav2_bringup/local_setup.sh
[4.929s] -- Installing: /Users/roboworks/kachaka_ros2_dev/pixi/install/kachaka_nav2_bringup/share/kachaka_nav2_bringup/local_setup.zsh
[4.929s] -- Installing: /Users/roboworks/kachaka_ros2_dev/pixi/install/kachaka_nav2_bringup/share/kachaka_nav2_bringup/local_setup.dsv
[4.929s] -- Installing: /Users/roboworks/kachaka_ros2_dev/pixi/install/kachaka_nav2_bringup/share/kachaka_nav2_bringup/package.dsv
[4.930s] -- Installing: /Users/roboworks/kachaka_ros2_dev/pixi/install/kachaka_nav2_bringup/share/ament_index/resource_index/packages/kachaka_nav2_bringup
[4.930s] -- Installing: /Users/roboworks/kachaka_ros2_dev/pixi/install/kachaka_nav2_bringup/share/kachaka_nav2_bringup/cmake/kachaka_nav2_bringupConfig.cmake
[4.930s] -- Installing: /Users/roboworks/kachaka_ros2_dev/pixi/install/kachaka_nav2_bringup/share/kachaka_nav2_bringup/cmake/kachaka_nav2_bringupConfig-version.cmake
[4.930s] -- Installing: /Users/roboworks/kachaka_ros2_dev/pixi/install/kachaka_nav2_bringup/share/kachaka_nav2_bringup/package.xml
[4.932s] Invoked command in '/Users/roboworks/kachaka_ros2_dev/pixi/build/kachaka_nav2_bringup' returned '0': CMAKE_PREFIX_PATH=/Users/roboworks/kachaka_ros2_dev/pixi/.pixi/envs/default PIXI_PROMPT=(pixi) SHLVL=3 _=/usr/bin/env /Users/roboworks/kachaka_ros2_dev/pixi/.pixi/envs/default/bin/cmake --install /Users/roboworks/kachaka_ros2_dev/pixi/build/kachaka_nav2_bringup
